<?xml version="1.0" encoding="UTF-8"?>
<testsuites name="PolicyCreation" time="99" tests="2" failures="0" errors="0">
   <testsuite name="PolicyCreation" tests="2" failures="0" errors="0" time="99" timestamp="2019-03-29 14:58:45" hostname="dipak - DIPAKDAS-PC.indusnettechnologies.com" id="Test Suites/CreatePolicy/PolicyCreation">
      <properties>
         <property name="deviceName" value=""/>
         <property name="devicePlatform" value=""/>
         <property name="logFolder" value="E:\\MarkitCore\\CoreApplication\\Reports\\CreatePolicy\\PolicyCreation\\20190329_145843"/>
         <property name="logFiles" value="E:\\MarkitCore\\CoreApplication\\Reports\\CreatePolicy\\PolicyCreation\\20190329_145843\\execution0.log"/>
         <property name="attachments" value=""/>
         <property name="hostName" value="dipak - DIPAKDAS-PC.indusnettechnologies.com"/>
         <property name="os" value="Windows 7 32bit"/>
         <property name="katalonVersion" value="6.0.5.4"/>
         <property name="browser" value="Chrome 73.0.3683.86"/>
         <property name="hostAddress" value="10.0.12.237"/>
         <property name="sessionId" value="e6c32a10b15aa663fbf9c3e0337265cc"/>
         <property name="seleniumVersion" value="3.7.1"/>
         <property name="proxyInformation" value="ProxyInformation{proxyOption=NO_PROXY, proxyServerType=HTTP, password=, proxyServerAddress=, proxyServerPort=0}"/>
         <property name="platform" value="Windows 7"/>
      </properties>
      <testcase name="Test Cases/TC01-LoginApplication" classname="Test Cases/TC01-LoginApplication" status="PASSED">
         <system-out><![CDATA[2019-03-29 14:58:45 - [TEST_CASE][PASSED] - Test Cases/TC01-LoginApplication: Test Cases/TC01-LoginApplication

2019-03-29 14:58:45 - [TEST_STEP][PASSED] - openBrowser(""): Browser is opened with url: ''

2019-03-29 14:58:45 - [MESSAGE][INFO] - Starting 'Chrome' driver

2019-03-29 14:58:45 - [MESSAGE][INFO] - Action delay is set to 0 seconds

2019-03-29 14:58:48 - [MESSAGE][PASSED] - Browser is opened with url: ''

2019-03-29 14:58:48 - [TEST_STEP][PASSED] - navigateToUrl("https://dev.offshoresoftwaresolutions.net/markit_coreV2/Sites/CoreTest/login/admin_display"): Navigate to 'https://dev.offshoresoftwaresolutions.net/markit_coreV2/Sites/CoreTest/login/admin_display' successfully

2019-03-29 14:58:52 - [MESSAGE][PASSED] - Navigate to 'https://dev.offshoresoftwaresolutions.net/markit_coreV2/Sites/CoreTest/login/admin_display' successfully

2019-03-29 14:58:52 - [TEST_STEP][PASSED] - setText(findTestObject("Object Repository/TC-LoginApplication/Page_Markit core new  Login/input_Login to your account_username"), "dDasTester"): Text 'dDasTester' is set on object 'Object Repository/TC-LoginApplication/Page_Markit core new  Login/input_Login to your account_username'

2019-03-29 14:58:52 - [MESSAGE][PASSED] - Text 'dDasTester' is set on object 'Object Repository/TC-LoginApplication/Page_Markit core new  Login/input_Login to your account_username'

2019-03-29 14:58:52 - [TEST_STEP][PASSED] - setText(findTestObject("Object Repository/TC-LoginApplication/Page_Markit core new  Login/input_Login to your account_password"), "Czybm6R*"): Text 'Czybm6R*' is set on object 'Object Repository/TC-LoginApplication/Page_Markit core new  Login/input_Login to your account_password'

2019-03-29 14:58:52 - [MESSAGE][PASSED] - Text 'Czybm6R*' is set on object 'Object Repository/TC-LoginApplication/Page_Markit core new  Login/input_Login to your account_password'

2019-03-29 14:58:52 - [TEST_STEP][PASSED] - delay(4, STOP_ON_FAILURE): Delayed 4 second(s)

2019-03-29 14:58:56 - [MESSAGE][PASSED] - Delayed 4 second(s)

2019-03-29 14:58:56 - [TEST_STEP][PASSED] - maximizeWindow(): Current window maximized

2019-03-29 14:58:56 - [MESSAGE][PASSED] - Current window maximized

2019-03-29 14:58:56 - [TEST_STEP][PASSED] - click(findTestObject("Object Repository/TC-LoginApplication/Page_Markit core new  Login/button_Login")): Object: 'Object Repository/TC-LoginApplication/Page_Markit core new  Login/button_Login' is clicked on

2019-03-29 14:59:03 - [MESSAGE][PASSED] - Object: 'Object Repository/TC-LoginApplication/Page_Markit core new  Login/button_Login' is clicked on]]></system-out>
         <system-err><![CDATA[]]></system-err>
      </testcase>
      <testcase name="Test Cases/TC02-CreatePolicy" classname="Test Cases/TC02-CreatePolicy" status="PASSED">
         <system-out><![CDATA[2019-03-29 14:59:03 - [TEST_CASE][PASSED] - Test Cases/TC02-CreatePolicy: Test Cases/TC02-CreatePolicy

2019-03-29 14:59:03 - [TEST_STEP][PASSED] - waitForJQueryLoad(10): jQuery is ready.

2019-03-29 14:59:03 - [MESSAGE][PASSED] - jQuery is ready.

2019-03-29 14:59:03 - [TEST_STEP][PASSED] - click(findTestObject("TC-CreatePolicy/DashBoard/ClientSearchLink")): Object: 'Object Repository/TC-CreatePolicy/DashBoard/ClientSearchLink' is clicked on

2019-03-29 14:59:05 - [MESSAGE][PASSED] - Object: 'Object Repository/TC-CreatePolicy/DashBoard/ClientSearchLink' is clicked on

2019-03-29 14:59:05 - [TEST_STEP][PASSED] - setText(findTestObject("TC-CreatePolicy/ClientListing/ClientName"), "Dipak"): Text 'Dipak' is set on object 'Object Repository/TC-CreatePolicy/ClientListing/ClientName'

2019-03-29 14:59:06 - [MESSAGE][PASSED] - Text 'Dipak' is set on object 'Object Repository/TC-CreatePolicy/ClientListing/ClientName'

2019-03-29 14:59:06 - [TEST_STEP][PASSED] - delay(3): Delayed 3 second(s)

2019-03-29 14:59:09 - [MESSAGE][PASSED] - Delayed 3 second(s)

2019-03-29 14:59:09 - [TEST_STEP][PASSED] - sendKeys(findTestObject("TC-CreatePolicy/ClientListing/ClientName"), Keys.chord(ENTER)): Keys 'ENTER + ' sent to object: 'Object Repository/TC-CreatePolicy/ClientListing/ClientName'

2019-03-29 14:59:09 - [MESSAGE][PASSED] - Keys 'ENTER + ' sent to object: 'Object Repository/TC-CreatePolicy/ClientListing/ClientName'

2019-03-29 14:59:09 - [TEST_STEP][PASSED] - delay(4): Delayed 4 second(s)

2019-03-29 14:59:13 - [MESSAGE][PASSED] - Delayed 4 second(s)

2019-03-29 14:59:13 - [TEST_STEP][PASSED] - waitForElementClickable(findTestObject("TC-CreatePolicy/ClientListing/ClientListAction"), 3): Object 'Object Repository/TC-CreatePolicy/ClientListing/ClientListAction' is clickable

2019-03-29 14:59:13 - [MESSAGE][PASSED] - Object 'Object Repository/TC-CreatePolicy/ClientListing/ClientListAction' is clickable

2019-03-29 14:59:13 - [TEST_STEP][PASSED] - click(findTestObject("TC-CreatePolicy/ClientListing/ClientListAction")): Object: 'Object Repository/TC-CreatePolicy/ClientListing/ClientListAction' is clicked on

2019-03-29 14:59:14 - [MESSAGE][PASSED] - Object: 'Object Repository/TC-CreatePolicy/ClientListing/ClientListAction' is clicked on

2019-03-29 14:59:14 - [TEST_STEP][PASSED] - delay(3): Delayed 3 second(s)

2019-03-29 14:59:17 - [MESSAGE][PASSED] - Delayed 3 second(s)

2019-03-29 14:59:17 - [TEST_STEP][PASSED] - click(findTestObject("TC-CreatePolicy/ClientListing/StartQuote")): Object: 'Object Repository/TC-CreatePolicy/ClientListing/StartQuote' is clicked on

2019-03-29 14:59:20 - [MESSAGE][PASSED] - Object: 'Object Repository/TC-CreatePolicy/ClientListing/StartQuote' is clicked on

2019-03-29 14:59:20 - [TEST_STEP][PASSED] - waitForJQueryLoad(5): jQuery is ready.

2019-03-29 14:59:22 - [MESSAGE][PASSED] - jQuery is ready.

2019-03-29 14:59:22 - [TEST_STEP][PASSED] - selectOptionByLabel(findTestObject("TC-CreatePolicy/GeneralDetails/SelectCurrency"), "USD", true): All options with label 'USD' are selected in object 'Object Repository/TC-CreatePolicy/GeneralDetails/SelectCurrency'  using regular expression

2019-03-29 14:59:22 - [MESSAGE][PASSED] - All options with label 'USD' are selected in object 'Object Repository/TC-CreatePolicy/GeneralDetails/SelectCurrency'  using regular expression

2019-03-29 14:59:22 - [TEST_STEP][PASSED] - selectOptionByLabel(findTestObject("TC-CreatePolicy/GeneralDetails/SelectBroker"), "New Broker", true): All options with label 'New Broker' are selected in object 'Object Repository/TC-CreatePolicy/GeneralDetails/SelectBroker'  using regular expression

2019-03-29 14:59:23 - [MESSAGE][PASSED] - All options with label 'New Broker' are selected in object 'Object Repository/TC-CreatePolicy/GeneralDetails/SelectBroker'  using regular expression

2019-03-29 14:59:23 - [TEST_STEP][PASSED] - waitForJQueryLoad(5): jQuery is ready.

2019-03-29 14:59:24 - [MESSAGE][PASSED] - jQuery is ready.

2019-03-29 14:59:24 - [TEST_STEP][PASSED] - selectOptionByLabel(findTestObject("TC-CreatePolicy/GeneralDetails/SelectProduct"), "BasicDemoProduct", false): All options with label 'BasicDemoProduct' are selected in object 'Object Repository/TC-CreatePolicy/GeneralDetails/SelectProduct' 

2019-03-29 14:59:24 - [MESSAGE][PASSED] - All options with label 'BasicDemoProduct' are selected in object 'Object Repository/TC-CreatePolicy/GeneralDetails/SelectProduct' 

2019-03-29 14:59:24 - [TEST_STEP][PASSED] - waitForJQueryLoad(5): jQuery is ready.

2019-03-29 14:59:24 - [MESSAGE][PASSED] - jQuery is ready.

2019-03-29 14:59:24 - [TEST_STEP][PASSED] - selectOptionByLabel(findTestObject("TC-CreatePolicy/GeneralDetails/SelectPolicyTerm"), "Yearly", false): All options with label 'Yearly' are selected in object 'Object Repository/TC-CreatePolicy/GeneralDetails/SelectPolicyTerm' 

2019-03-29 14:59:24 - [MESSAGE][PASSED] - All options with label 'Yearly' are selected in object 'Object Repository/TC-CreatePolicy/GeneralDetails/SelectPolicyTerm' 

2019-03-29 14:59:24 - [TEST_STEP][PASSED] - waitForJQueryLoad(3): jQuery is ready.

2019-03-29 14:59:25 - [MESSAGE][PASSED] - jQuery is ready.

2019-03-29 14:59:25 - [TEST_STEP][NOT_RUN] - selectOptionByValue(findTestObject("TC-CreatePolicy/GeneralDetails/SelectTimeZone"), "343", false): NOT_RUN: selectOptionByValue(findTestObject("TC-CreatePolicy/GeneralDetails/SelectTimeZone"), "343", false)

2019-03-29 14:59:25 - [MESSAGE][NOT_RUN] - NOT_RUN: selectOptionByValue(findTestObject("TC-CreatePolicy/GeneralDetails/SelectTimeZone"), "343", false)

2019-03-29 14:59:25 - [TEST_STEP][PASSED] - delay(3): Delayed 3 second(s)

2019-03-29 14:59:28 - [MESSAGE][PASSED] - Delayed 3 second(s)

2019-03-29 14:59:28 - [TEST_STEP][PASSED] - click(findTestObject("TC-CreatePolicy/GeneralDetails/NextButton")): Object: 'Object Repository/TC-CreatePolicy/GeneralDetails/NextButton' is clicked on

2019-03-29 14:59:28 - [MESSAGE][PASSED] - Object: 'Object Repository/TC-CreatePolicy/GeneralDetails/NextButton' is clicked on

2019-03-29 14:59:28 - [TEST_STEP][PASSED] - delay(5): Delayed 5 second(s)

2019-03-29 14:59:33 - [MESSAGE][PASSED] - Delayed 5 second(s)

2019-03-29 14:59:33 - [TEST_STEP][PASSED] - click(findTestObject("TC-CreatePolicy/GeneralDetails/ButtonCancel")): Object: 'Object Repository/TC-CreatePolicy/GeneralDetails/ButtonCancel' is clicked on

2019-03-29 14:59:37 - [MESSAGE][PASSED] - Object: 'Object Repository/TC-CreatePolicy/GeneralDetails/ButtonCancel' is clicked on

2019-03-29 14:59:37 - [TEST_STEP][PASSED] - delay(3): Delayed 3 second(s)

2019-03-29 14:59:40 - [MESSAGE][PASSED] - Delayed 3 second(s)

2019-03-29 14:59:40 - [TEST_STEP][PASSED] - waitForJQueryLoad(5, STOP_ON_FAILURE): jQuery is ready.

2019-03-29 14:59:40 - [MESSAGE][PASSED] - jQuery is ready.

2019-03-29 14:59:40 - [TEST_STEP][PASSED] - selectOptionByLabel(findTestObject("TC-CreatePolicy/RiskDetails/Type"), "Flat", false): All options with label 'Flat' are selected in object 'Object Repository/TC-CreatePolicy/RiskDetails/Type' 

2019-03-29 14:59:40 - [MESSAGE][PASSED] - All options with label 'Flat' are selected in object 'Object Repository/TC-CreatePolicy/RiskDetails/Type' 

2019-03-29 14:59:40 - [TEST_STEP][PASSED] - setText(findTestObject("TC-CreatePolicy/RiskDetails/SumInsurreTextBox"), "1000"): Text '1000' is set on object 'Object Repository/TC-CreatePolicy/RiskDetails/SumInsurreTextBox'

2019-03-29 14:59:40 - [MESSAGE][PASSED] - Text '1000' is set on object 'Object Repository/TC-CreatePolicy/RiskDetails/SumInsurreTextBox'

2019-03-29 14:59:40 - [TEST_STEP][PASSED] - setText(findTestObject("TC-CreatePolicy/RiskDetails/RoomNo"), "4"): Text '4' is set on object 'Object Repository/TC-CreatePolicy/RiskDetails/RoomNo'

2019-03-29 14:59:40 - [MESSAGE][PASSED] - Text '4' is set on object 'Object Repository/TC-CreatePolicy/RiskDetails/RoomNo'

2019-03-29 14:59:40 - [TEST_STEP][PASSED] - setText(findTestObject("TC-CreatePolicy/RiskDetails/ContentSumInsure"), "2000"): Text '2000' is set on object 'Object Repository/TC-CreatePolicy/RiskDetails/ContentSumInsure'

2019-03-29 14:59:41 - [MESSAGE][PASSED] - Text '2000' is set on object 'Object Repository/TC-CreatePolicy/RiskDetails/ContentSumInsure'

2019-03-29 14:59:41 - [TEST_STEP][PASSED] - click(findTestObject("TC-CreatePolicy/RiskDetails/Save")): Object: 'Object Repository/TC-CreatePolicy/RiskDetails/Save' is clicked on

2019-03-29 14:59:46 - [MESSAGE][PASSED] - Object: 'Object Repository/TC-CreatePolicy/RiskDetails/Save' is clicked on

2019-03-29 14:59:46 - [TEST_STEP][PASSED] - delay(5): Delayed 5 second(s)

2019-03-29 14:59:51 - [MESSAGE][PASSED] - Delayed 5 second(s)

2019-03-29 14:59:51 - [TEST_STEP][PASSED] - click(findTestObject("TC-CreatePolicy/Premium/BindButton")): Object: 'Object Repository/TC-CreatePolicy/Premium/BindButton' is clicked on

2019-03-29 14:59:53 - [MESSAGE][PASSED] - Object: 'Object Repository/TC-CreatePolicy/Premium/BindButton' is clicked on

2019-03-29 14:59:53 - [TEST_STEP][PASSED] - delay(5): Delayed 5 second(s)

2019-03-29 14:59:58 - [MESSAGE][PASSED] - Delayed 5 second(s)

2019-03-29 14:59:58 - [TEST_STEP][PASSED] - click(findTestObject("TC-CreatePolicy/PaymentDetails/PaymentMethods")): Object: 'Object Repository/TC-CreatePolicy/PaymentDetails/PaymentMethods' is clicked on

2019-03-29 14:59:58 - [MESSAGE][PASSED] - Object: 'Object Repository/TC-CreatePolicy/PaymentDetails/PaymentMethods' is clicked on

2019-03-29 14:59:58 - [TEST_STEP][PASSED] - waitForJQueryLoad(4): jQuery is ready.

2019-03-29 14:59:58 - [MESSAGE][PASSED] - jQuery is ready.

2019-03-29 14:59:58 - [TEST_STEP][PASSED] - selectOptionByLabel(findTestObject("TC-CreatePolicy/PaymentDetails/SelectNoOfInstallment"), "1", false): All options with label '1' are selected in object 'Object Repository/TC-CreatePolicy/PaymentDetails/SelectNoOfInstallment' 

2019-03-29 14:59:58 - [MESSAGE][PASSED] - All options with label '1' are selected in object 'Object Repository/TC-CreatePolicy/PaymentDetails/SelectNoOfInstallment' 

2019-03-29 14:59:58 - [TEST_STEP][PASSED] - delay(4): Delayed 4 second(s)

2019-03-29 15:00:02 - [MESSAGE][PASSED] - Delayed 4 second(s)

2019-03-29 15:00:02 - [TEST_STEP][PASSED] - click(findTestObject("TC-CreatePolicy/PaymentDetails/ConfirmPaymentType")): Object: 'Object Repository/TC-CreatePolicy/PaymentDetails/ConfirmPaymentType' is clicked on

2019-03-29 15:00:02 - [MESSAGE][PASSED] - Object: 'Object Repository/TC-CreatePolicy/PaymentDetails/ConfirmPaymentType' is clicked on

2019-03-29 15:00:02 - [TEST_STEP][PASSED] - delay(4): Delayed 4 second(s)

2019-03-29 15:00:06 - [MESSAGE][PASSED] - Delayed 4 second(s)

2019-03-29 15:00:06 - [TEST_STEP][PASSED] - scrollToElement(findTestObject("TC-CreatePolicy/PaymentDetails/BindAndSendPolicySchedule"), 5): Scroll to object 'Object Repository/TC-CreatePolicy/PaymentDetails/BindAndSendPolicySchedule' successfully

2019-03-29 15:00:06 - [MESSAGE][PASSED] - Scroll to object 'Object Repository/TC-CreatePolicy/PaymentDetails/BindAndSendPolicySchedule' successfully

2019-03-29 15:00:06 - [TEST_STEP][PASSED] - delay(6): Delayed 6 second(s)

2019-03-29 15:00:12 - [MESSAGE][PASSED] - Delayed 6 second(s)

2019-03-29 15:00:12 - [TEST_STEP][PASSED] - click(findTestObject("TC-CreatePolicy/PaymentDetails/BindAndSendPolicySchedule")): Object: 'Object Repository/TC-CreatePolicy/PaymentDetails/BindAndSendPolicySchedule' is clicked on

2019-03-29 15:00:13 - [MESSAGE][PASSED] - Object: 'Object Repository/TC-CreatePolicy/PaymentDetails/BindAndSendPolicySchedule' is clicked on

2019-03-29 15:00:13 - [TEST_STEP][PASSED] - Get_Policy_No = getText(findTestObject("TC-CreatePolicy/Premium/PolicyNo")): Text of object 'Object Repository/TC-CreatePolicy/Premium/PolicyNo' is: 'DASD/POLICY/002527'

2019-03-29 15:00:18 - [MESSAGE][PASSED] - Text of object 'Object Repository/TC-CreatePolicy/Premium/PolicyNo' is: 'DASD/POLICY/002527'

2019-03-29 15:00:18 - [TEST_STEP][PASSED] - delay(5): Delayed 5 second(s)

2019-03-29 15:00:23 - [MESSAGE][PASSED] - Delayed 5 second(s)

2019-03-29 15:00:23 - [TEST_STEP][PASSED] - printf("The Policy No Is " + Get_Policy_No): null]]></system-out>
         <system-err><![CDATA[]]></system-err>
      </testcase>
      <system-out><![CDATA[2019-03-29 14:58:45 - [TEST_SUITE][PASSED] - PolicyCreation: Test Cases/TC02-CreatePolicy]]></system-out>
      <system-err><![CDATA[]]></system-err>
   </testsuite>
</testsuites>
