<?xml version="1.0" encoding="UTF-8"?>
<testsuites name="PolicyCreation" time="60" tests="2" failures="0" errors="0">
   <testsuite name="PolicyCreation" tests="2" failures="0" errors="0" time="60" timestamp="2019-04-12 14:30:34" hostname="dipak - DIPAKDAS-PC.indusnettechnologies.com" id="Test Suites/CreatePolicy/PolicyCreation">
      <properties>
         <property name="deviceName" value=""/>
         <property name="devicePlatform" value=""/>
         <property name="logFolder" value="E:\\MarkitCore\\CoreApplication\\Reports\\CreatePolicy\\PolicyCreation\\20190412_143032"/>
         <property name="logFiles" value="E:\\MarkitCore\\CoreApplication\\Reports\\CreatePolicy\\PolicyCreation\\20190412_143032\\execution0.log"/>
         <property name="attachments" value=""/>
         <property name="hostName" value="dipak - DIPAKDAS-PC.indusnettechnologies.com"/>
         <property name="os" value="Windows 7 32bit"/>
         <property name="katalonVersion" value="6.0.5.4"/>
         <property name="browser" value="Chrome 73.0.3683.103"/>
         <property name="hostAddress" value="10.0.12.237"/>
         <property name="sessionId" value="663466a56c526f3d6c975a42db8ca335"/>
         <property name="seleniumVersion" value="3.7.1"/>
         <property name="proxyInformation" value="ProxyInformation{proxyOption=NO_PROXY, proxyServerType=HTTP, password=, proxyServerAddress=, proxyServerPort=0}"/>
         <property name="platform" value="Windows 7"/>
      </properties>
      <testcase name="Test Cases/TC01-LoginApplication" classname="Test Cases/TC01-LoginApplication" status="PASSED">
         <system-out><![CDATA[2019-04-12 14:30:43 - [TEST_CASE][PASSED] - Test Cases/TC01-LoginApplication: Test Cases/TC01-LoginApplication

2019-04-12 14:30:43 - [TEST_STEP][NOT_RUN] - openBrowser(""): NOT_RUN: openBrowser("")

2019-04-12 14:30:43 - [MESSAGE][NOT_RUN] - NOT_RUN: openBrowser("")

2019-04-12 14:30:43 - [TEST_STEP][NOT_RUN] - navigateToUrl("https://dev.offshoresoftwaresolutions.net/markit_coreV2/Sites/CoreTest/login/admin_display"): NOT_RUN: navigateToUrl("https://dev.offshoresoftwaresolutions.net/markit_coreV2/Sites/CoreTest/login/admin_display")

2019-04-12 14:30:43 - [MESSAGE][NOT_RUN] - NOT_RUN: navigateToUrl("https://dev.offshoresoftwaresolutions.net/markit_coreV2/Sites/CoreTest/login/admin_display")

2019-04-12 14:30:43 - [TEST_STEP][PASSED] - setText(findTestObject("Object Repository/TC-LoginApplication/Page_Markit core new  Login/input_Login to your account_username"), "dDasTester"): Text 'dDasTester' is set on object 'Object Repository/TC-LoginApplication/Page_Markit core new  Login/input_Login to your account_username'

2019-04-12 14:30:43 - [MESSAGE][PASSED] - Text 'dDasTester' is set on object 'Object Repository/TC-LoginApplication/Page_Markit core new  Login/input_Login to your account_username'

2019-04-12 14:30:43 - [TEST_STEP][PASSED] - setText(findTestObject("Object Repository/TC-LoginApplication/Page_Markit core new  Login/input_Login to your account_password"), "Czybm6R*"): Text 'Czybm6R*' is set on object 'Object Repository/TC-LoginApplication/Page_Markit core new  Login/input_Login to your account_password'

2019-04-12 14:30:43 - [MESSAGE][PASSED] - Text 'Czybm6R*' is set on object 'Object Repository/TC-LoginApplication/Page_Markit core new  Login/input_Login to your account_password'

2019-04-12 14:30:43 - [TEST_STEP][PASSED] - delay(4, STOP_ON_FAILURE): Delayed 4 second(s)

2019-04-12 14:30:47 - [MESSAGE][PASSED] - Delayed 4 second(s)

2019-04-12 14:30:47 - [TEST_STEP][NOT_RUN] - maximizeWindow(): NOT_RUN: maximizeWindow()

2019-04-12 14:30:47 - [MESSAGE][NOT_RUN] - NOT_RUN: maximizeWindow()

2019-04-12 14:30:47 - [TEST_STEP][PASSED] - click(findTestObject("Object Repository/TC-LoginApplication/Page_Markit core new  Login/button_Login")): Object: 'Object Repository/TC-LoginApplication/Page_Markit core new  Login/button_Login' is clicked on

2019-04-12 14:30:53 - [MESSAGE][PASSED] - Object: 'Object Repository/TC-LoginApplication/Page_Markit core new  Login/button_Login' is clicked on

2019-04-12 14:30:53 - [TEST_STEP][NOT_RUN] - log = new com.kms.katalon.core.logging.KeywordLogger(): NOT_RUN: log = new com.kms.katalon.core.logging.KeywordLogger()

2019-04-12 14:30:53 - [MESSAGE][NOT_RUN] - NOT_RUN: log = new com.kms.katalon.core.logging.KeywordLogger()

2019-04-12 14:30:53 - [TEST_STEP][NOT_RUN] - log.logInfo(“Dipak”): NOT_RUN: log.logInfo(“Dipak”)

2019-04-12 14:30:53 - [MESSAGE][NOT_RUN] - NOT_RUN: log.logInfo(“Dipak”)]]></system-out>
         <system-err><![CDATA[]]></system-err>
      </testcase>
      <testcase name="Test Cases/TC08-AccountMatching-Insurer" classname="Test Cases/TC08-AccountMatching-Insurer" status="PASSED">
         <system-out><![CDATA[2019-04-12 14:30:53 - [TEST_CASE][PASSED] - Test Cases/TC08-AccountMatching-Insurer: Test Cases/TC08-AccountMatching-Insurer

2019-04-12 14:30:54 - [TEST_STEP][PASSED] - log = new com.kms.katalon.core.logging.KeywordLogger(): null

2019-04-12 14:30:54 - [TEST_STEP][PASSED] - delay(3): Delayed 3 second(s)

2019-04-12 14:30:57 - [MESSAGE][PASSED] - Delayed 3 second(s)

2019-04-12 14:30:57 - [TEST_STEP][PASSED] - scrollToElement(findTestObject("TC04-AccountMatching-MGA/AccountManagement"), 5): Scroll to object 'Object Repository/TC04-AccountMatching-MGA/AccountManagement' successfully

2019-04-12 14:30:57 - [MESSAGE][PASSED] - Scroll to object 'Object Repository/TC04-AccountMatching-MGA/AccountManagement' successfully

2019-04-12 14:30:57 - [TEST_STEP][PASSED] - click(findTestObject("TC04-AccountMatching-MGA/AccountManagement")): Object: 'Object Repository/TC04-AccountMatching-MGA/AccountManagement' is clicked on

2019-04-12 14:30:57 - [MESSAGE][PASSED] - Object: 'Object Repository/TC04-AccountMatching-MGA/AccountManagement' is clicked on

2019-04-12 14:30:57 - [TEST_STEP][NOT_RUN] - delay(5): NOT_RUN: delay(5)

2019-04-12 14:30:57 - [MESSAGE][NOT_RUN] - NOT_RUN: delay(5)

2019-04-12 14:30:57 - [TEST_STEP][PASSED] - waitForElementVisible(findTestObject("TC04-AccountMatching-MGA/AccountMatchingLink"), 4): Object 'Object Repository/TC04-AccountMatching-MGA/AccountMatchingLink' is visible

2019-04-12 14:30:57 - [MESSAGE][PASSED] - Object 'Object Repository/TC04-AccountMatching-MGA/AccountMatchingLink' is visible

2019-04-12 14:30:57 - [TEST_STEP][PASSED] - click(findTestObject("TC04-AccountMatching-MGA/AccountMatchingLink")): Object: 'Object Repository/TC04-AccountMatching-MGA/AccountMatchingLink' is clicked on

2019-04-12 14:30:59 - [MESSAGE][PASSED] - Object: 'Object Repository/TC04-AccountMatching-MGA/AccountMatchingLink' is clicked on

2019-04-12 14:30:59 - [TEST_STEP][PASSED] - delay(5): Delayed 5 second(s)

2019-04-12 14:31:04 - [MESSAGE][PASSED] - Delayed 5 second(s)

2019-04-12 14:31:04 - [TEST_STEP][PASSED] - selectOptionByLabel(findTestObject("TC04-AccountMatching-MGA/EntityType"), "Insurer", false): All options with label 'Insurer' are selected in object 'Object Repository/TC04-AccountMatching-MGA/EntityType' 

2019-04-12 14:31:04 - [MESSAGE][PASSED] - All options with label 'Insurer' are selected in object 'Object Repository/TC04-AccountMatching-MGA/EntityType' 

2019-04-12 14:31:04 - [TEST_STEP][PASSED] - delay(5): Delayed 5 second(s)

2019-04-12 14:31:09 - [MESSAGE][PASSED] - Delayed 5 second(s)

2019-04-12 14:31:09 - [TEST_STEP][PASSED] - selectOptionByLabel(findTestObject("TC04-AccountMatching-MGA/Entity"), "New Insurer", false): All options with label 'New Insurer' are selected in object 'Object Repository/TC04-AccountMatching-MGA/Entity' 

2019-04-12 14:31:09 - [MESSAGE][PASSED] - All options with label 'New Insurer' are selected in object 'Object Repository/TC04-AccountMatching-MGA/Entity' 

2019-04-12 14:31:09 - [TEST_STEP][PASSED] - waitForElementClickable(findTestObject("TC04-AccountMatching-MGA/ClickGoButton"), 5): Object 'Object Repository/TC04-AccountMatching-MGA/ClickGoButton' is clickable

2019-04-12 14:31:09 - [MESSAGE][PASSED] - Object 'Object Repository/TC04-AccountMatching-MGA/ClickGoButton' is clickable

2019-04-12 14:31:09 - [TEST_STEP][PASSED] - click(findTestObject("TC04-AccountMatching-MGA/ClickGoButton")): Object: 'Object Repository/TC04-AccountMatching-MGA/ClickGoButton' is clicked on

2019-04-12 14:31:12 - [MESSAGE][PASSED] - Object: 'Object Repository/TC04-AccountMatching-MGA/ClickGoButton' is clicked on

2019-04-12 14:31:12 - [TEST_STEP][PASSED] - waitForJQueryLoad(5): jQuery is ready.

2019-04-12 14:31:13 - [MESSAGE][PASSED] - jQuery is ready.

2019-04-12 14:31:13 - [TEST_STEP][PASSED] - selectOptionByLabel(findTestObject("TC04-AccountMatching-MGA/SelectAccount"), "New Insurer Comission Account -- Allocated -- New Insurer-COM-ACC -- USD", false): All options with label 'New Insurer Comission Account -- Allocated -- New Insurer-COM-ACC -- USD' are selected in object 'Object Repository/TC04-AccountMatching-MGA/SelectAccount' 

2019-04-12 14:31:13 - [MESSAGE][PASSED] - All options with label 'New Insurer Comission Account -- Allocated -- New Insurer-COM-ACC -- USD' are selected in object 'Object Repository/TC04-AccountMatching-MGA/SelectAccount' 

2019-04-12 14:31:13 - [TEST_STEP][PASSED] - delay(5): Delayed 5 second(s)

2019-04-12 14:31:18 - [MESSAGE][PASSED] - Delayed 5 second(s)

2019-04-12 14:31:18 - [TEST_STEP][PASSED] - setText(findTestObject("TC04-AccountMatching-MGA/Acc_Matching_PolicyNo_TextBox"), MTA_Policy_No): Text '' is set on object 'Object Repository/TC04-AccountMatching-MGA/Acc_Matching_PolicyNo_TextBox'

2019-04-12 14:31:19 - [MESSAGE][PASSED] - Text '' is set on object 'Object Repository/TC04-AccountMatching-MGA/Acc_Matching_PolicyNo_TextBox'

2019-04-12 14:31:19 - [TEST_STEP][PASSED] - sendKeys(findTestObject("TC04-AccountMatching-MGA/Acc_Matching_PolicyNo_TextBox"), Keys.chord(ENTER)): Keys 'ENTER + ' sent to object: 'Object Repository/TC04-AccountMatching-MGA/Acc_Matching_PolicyNo_TextBox'

2019-04-12 14:31:19 - [MESSAGE][PASSED] - Keys 'ENTER + ' sent to object: 'Object Repository/TC04-AccountMatching-MGA/Acc_Matching_PolicyNo_TextBox'

2019-04-12 14:31:19 - [TEST_STEP][PASSED] - delay(5): Delayed 5 second(s)

2019-04-12 14:31:24 - [MESSAGE][PASSED] - Delayed 5 second(s)

2019-04-12 14:31:24 - [TEST_STEP][PASSED] - waitForElementClickable(findTestObject("TC04-AccountMatching-MGA/CheckBox"), 5): Object 'Object Repository/TC04-AccountMatching-MGA/CheckBox' is clickable

2019-04-12 14:31:24 - [MESSAGE][PASSED] - Object 'Object Repository/TC04-AccountMatching-MGA/CheckBox' is clickable

2019-04-12 14:31:24 - [TEST_STEP][PASSED] - click(findTestObject("TC04-AccountMatching-MGA/CheckBox")): Object: 'Object Repository/TC04-AccountMatching-MGA/CheckBox' is clicked on

2019-04-12 14:31:24 - [MESSAGE][PASSED] - Object: 'Object Repository/TC04-AccountMatching-MGA/CheckBox' is clicked on

2019-04-12 14:31:24 - [TEST_STEP][PASSED] - delay(4): Delayed 4 second(s)

2019-04-12 14:31:28 - [MESSAGE][PASSED] - Delayed 4 second(s)

2019-04-12 14:31:28 - [TEST_STEP][PASSED] - Insurer_Comission_Amount = getText(findTestObject("TC04-AccountMatching-MGA/MGA_Amount")): Text of object 'Object Repository/TC04-AccountMatching-MGA/MGA_Amount' is: 'USD 84.00'

2019-04-12 14:31:28 - [MESSAGE][PASSED] - Text of object 'Object Repository/TC04-AccountMatching-MGA/MGA_Amount' is: 'USD 84.00'

2019-04-12 14:31:28 - [TEST_STEP][PASSED] - scrollToElement(findTestObject("TC04-AccountMatching-MGA/PAYFULL"), 5): Scroll to object 'Object Repository/TC04-AccountMatching-MGA/PAYFULL' successfully

2019-04-12 14:31:28 - [MESSAGE][PASSED] - Scroll to object 'Object Repository/TC04-AccountMatching-MGA/PAYFULL' successfully

2019-04-12 14:31:28 - [TEST_STEP][PASSED] - setText(findTestObject("TC04-AccountMatching-MGA/PAYFULL"), Insurer_Comission_Amount): Text 'USD 84.00' is set on object 'Object Repository/TC04-AccountMatching-MGA/PAYFULL'

2019-04-12 14:31:28 - [MESSAGE][PASSED] - Text 'USD 84.00' is set on object 'Object Repository/TC04-AccountMatching-MGA/PAYFULL'

2019-04-12 14:31:28 - [TEST_STEP][PASSED] - click(findTestObject("TC04-AccountMatching-MGA/MatchAmount")): Object: 'Object Repository/TC04-AccountMatching-MGA/MatchAmount' is clicked on

2019-04-12 14:31:28 - [MESSAGE][PASSED] - Object: 'Object Repository/TC04-AccountMatching-MGA/MatchAmount' is clicked on

2019-04-12 14:31:28 - [TEST_STEP][PASSED] - delay(5): Delayed 5 second(s)

2019-04-12 14:31:33 - [MESSAGE][PASSED] - Delayed 5 second(s)

2019-04-12 14:31:33 - [TEST_STEP][PASSED] - log.logInfo(Insurer_Comission_Amount): USD 84.00

2019-04-12 14:31:33 - [MESSAGE][INFO] - USD 84.00]]></system-out>
         <system-err><![CDATA[]]></system-err>
      </testcase>
      <system-out><![CDATA[2019-04-12 14:30:34 - [TEST_SUITE][PASSED] - PolicyCreation: Test Cases/TC08-AccountMatching-Insurer]]></system-out>
      <system-err><![CDATA[]]></system-err>
   </testsuite>
</testsuites>
