<?xml version="1.0" encoding="UTF-8"?>
<testsuites name="PolicyCreation" time="209" tests="6" failures="0" errors="0">
   <testsuite name="PolicyCreation" tests="6" failures="0" errors="0" time="209" timestamp="2019-04-12 14:52:27" hostname="dipak - DIPAKDAS-PC.indusnettechnologies.com" id="Test Suites/CreatePolicy/PolicyCreation">
      <properties>
         <property name="deviceName" value=""/>
         <property name="devicePlatform" value=""/>
         <property name="logFolder" value="E:\\MarkitCore\\CoreApplication\\Reports\\CreatePolicy\\PolicyCreation\\20190412_145225"/>
         <property name="logFiles" value="E:\\MarkitCore\\CoreApplication\\Reports\\CreatePolicy\\PolicyCreation\\20190412_145225\\execution0.log"/>
         <property name="attachments" value=""/>
         <property name="hostName" value="dipak - DIPAKDAS-PC.indusnettechnologies.com"/>
         <property name="os" value="Windows 7 32bit"/>
         <property name="katalonVersion" value="6.0.5.4"/>
         <property name="browser" value="Chrome 73.0.3683.103"/>
         <property name="hostAddress" value="10.0.12.237"/>
         <property name="sessionId" value="dac660fe9e5eda4f85e037c60a7e96a7"/>
         <property name="seleniumVersion" value="3.7.1"/>
         <property name="proxyInformation" value="ProxyInformation{proxyOption=NO_PROXY, proxyServerType=HTTP, password=, proxyServerAddress=, proxyServerPort=0}"/>
         <property name="platform" value="Windows 7"/>
      </properties>
      <testcase name="Test Cases/TC01-LoginApplication" classname="Test Cases/TC01-LoginApplication" status="PASSED">
         <system-out><![CDATA[2019-04-12 14:52:36 - [TEST_CASE][PASSED] - Test Cases/TC01-LoginApplication: Test Cases/TC01-LoginApplication

2019-04-12 14:52:36 - [TEST_STEP][NOT_RUN] - openBrowser(""): NOT_RUN: openBrowser("")

2019-04-12 14:52:36 - [MESSAGE][NOT_RUN] - NOT_RUN: openBrowser("")

2019-04-12 14:52:36 - [TEST_STEP][NOT_RUN] - navigateToUrl("https://dev.offshoresoftwaresolutions.net/markit_coreV2/Sites/CoreTest/login/admin_display"): NOT_RUN: navigateToUrl("https://dev.offshoresoftwaresolutions.net/markit_coreV2/Sites/CoreTest/login/admin_display")

2019-04-12 14:52:36 - [MESSAGE][NOT_RUN] - NOT_RUN: navigateToUrl("https://dev.offshoresoftwaresolutions.net/markit_coreV2/Sites/CoreTest/login/admin_display")

2019-04-12 14:52:36 - [TEST_STEP][PASSED] - setText(findTestObject("Object Repository/TC-LoginApplication/Page_Markit core new  Login/input_Login to your account_username"), "dDasTester"): Text 'dDasTester' is set on object 'Object Repository/TC-LoginApplication/Page_Markit core new  Login/input_Login to your account_username'

2019-04-12 14:52:36 - [MESSAGE][PASSED] - Text 'dDasTester' is set on object 'Object Repository/TC-LoginApplication/Page_Markit core new  Login/input_Login to your account_username'

2019-04-12 14:52:36 - [TEST_STEP][PASSED] - setText(findTestObject("Object Repository/TC-LoginApplication/Page_Markit core new  Login/input_Login to your account_password"), "Czybm6R*"): Text 'Czybm6R*' is set on object 'Object Repository/TC-LoginApplication/Page_Markit core new  Login/input_Login to your account_password'

2019-04-12 14:52:36 - [MESSAGE][PASSED] - Text 'Czybm6R*' is set on object 'Object Repository/TC-LoginApplication/Page_Markit core new  Login/input_Login to your account_password'

2019-04-12 14:52:36 - [TEST_STEP][PASSED] - delay(4, STOP_ON_FAILURE): Delayed 4 second(s)

2019-04-12 14:52:41 - [MESSAGE][PASSED] - Delayed 4 second(s)

2019-04-12 14:52:41 - [TEST_STEP][NOT_RUN] - maximizeWindow(): NOT_RUN: maximizeWindow()

2019-04-12 14:52:41 - [MESSAGE][NOT_RUN] - NOT_RUN: maximizeWindow()

2019-04-12 14:52:41 - [TEST_STEP][PASSED] - click(findTestObject("Object Repository/TC-LoginApplication/Page_Markit core new  Login/button_Login")): Object: 'Object Repository/TC-LoginApplication/Page_Markit core new  Login/button_Login' is clicked on

2019-04-12 14:52:47 - [MESSAGE][PASSED] - Object: 'Object Repository/TC-LoginApplication/Page_Markit core new  Login/button_Login' is clicked on

2019-04-12 14:52:47 - [TEST_STEP][NOT_RUN] - log = new com.kms.katalon.core.logging.KeywordLogger(): NOT_RUN: log = new com.kms.katalon.core.logging.KeywordLogger()

2019-04-12 14:52:47 - [MESSAGE][NOT_RUN] - NOT_RUN: log = new com.kms.katalon.core.logging.KeywordLogger()

2019-04-12 14:52:47 - [TEST_STEP][NOT_RUN] - log.logInfo(“Dipak”): NOT_RUN: log.logInfo(“Dipak”)

2019-04-12 14:52:47 - [MESSAGE][NOT_RUN] - NOT_RUN: log.logInfo(“Dipak”)]]></system-out>
         <system-err><![CDATA[]]></system-err>
      </testcase>
      <testcase name="Test Cases/TC05-PaymentSection" classname="Test Cases/TC05-PaymentSection" status="PASSED">
         <system-out><![CDATA[2019-04-12 14:52:47 - [TEST_CASE][PASSED] - Test Cases/TC05-PaymentSection: Test Cases/TC05-PaymentSection

2019-04-12 14:52:47 - [TEST_STEP][PASSED] - delay(3): Delayed 3 second(s)

2019-04-12 14:52:50 - [MESSAGE][PASSED] - Delayed 3 second(s)

2019-04-12 14:52:50 - [TEST_STEP][PASSED] - scrollToElement(findTestObject("TC05-PaymentSection/Payments"), 3): Scroll to object 'Object Repository/TC05-PaymentSection/Payments' successfully

2019-04-12 14:52:50 - [MESSAGE][PASSED] - Scroll to object 'Object Repository/TC05-PaymentSection/Payments' successfully

2019-04-12 14:52:50 - [TEST_STEP][PASSED] - click(findTestObject("TC05-PaymentSection/Payments")): Object: 'Object Repository/TC05-PaymentSection/Payments' is clicked on

2019-04-12 14:52:50 - [MESSAGE][PASSED] - Object: 'Object Repository/TC05-PaymentSection/Payments' is clicked on

2019-04-12 14:52:50 - [TEST_STEP][PASSED] - delay(5): Delayed 5 second(s)

2019-04-12 14:52:55 - [MESSAGE][PASSED] - Delayed 5 second(s)

2019-04-12 14:52:55 - [TEST_STEP][PASSED] - click(findTestObject("TC05-PaymentSection/Cash and Cheque Payments")): Object: 'Object Repository/TC05-PaymentSection/Cash and Cheque Payments' is clicked on

2019-04-12 14:52:57 - [MESSAGE][PASSED] - Object: 'Object Repository/TC05-PaymentSection/Cash and Cheque Payments' is clicked on

2019-04-12 14:52:57 - [TEST_STEP][PASSED] - delay(5): Delayed 5 second(s)

2019-04-12 14:53:02 - [MESSAGE][PASSED] - Delayed 5 second(s)

2019-04-12 14:53:02 - [TEST_STEP][PASSED] - setText(findTestObject("TC05-PaymentSection/PolicyNoSearchBox"), Policy_No_Search): Text 'DASD/POLICY/002835' is set on object 'Object Repository/TC05-PaymentSection/PolicyNoSearchBox'

2019-04-12 14:53:02 - [MESSAGE][PASSED] - Text 'DASD/POLICY/002835' is set on object 'Object Repository/TC05-PaymentSection/PolicyNoSearchBox'

2019-04-12 14:53:02 - [TEST_STEP][PASSED] - sendKeys(findTestObject("TC05-PaymentSection/PolicyNoSearchBox"), Keys.chord(ENTER)): Keys 'ENTER + ' sent to object: 'Object Repository/TC05-PaymentSection/PolicyNoSearchBox'

2019-04-12 14:53:03 - [MESSAGE][PASSED] - Keys 'ENTER + ' sent to object: 'Object Repository/TC05-PaymentSection/PolicyNoSearchBox'

2019-04-12 14:53:03 - [TEST_STEP][PASSED] - delay(5): Delayed 5 second(s)

2019-04-12 14:53:08 - [MESSAGE][PASSED] - Delayed 5 second(s)

2019-04-12 14:53:08 - [TEST_STEP][PASSED] - click(findTestObject("TC05-PaymentSection/EditPaymentListing")): Object: 'Object Repository/TC05-PaymentSection/EditPaymentListing' is clicked on

2019-04-12 14:53:08 - [MESSAGE][PASSED] - Object: 'Object Repository/TC05-PaymentSection/EditPaymentListing' is clicked on

2019-04-12 14:53:08 - [TEST_STEP][PASSED] - setText(findTestObject("TC05-PaymentSection/Note"), "This is Testing Only"): Text 'This is Testing Only' is set on object 'Object Repository/TC05-PaymentSection/Note'

2019-04-12 14:53:09 - [MESSAGE][PASSED] - Text 'This is Testing Only' is set on object 'Object Repository/TC05-PaymentSection/Note'

2019-04-12 14:53:09 - [TEST_STEP][PASSED] - selectOptionByLabel(findTestObject("TC05-PaymentSection/TransactionStatus"), "Paid", false): All options with label 'Paid' are selected in object 'Object Repository/TC05-PaymentSection/TransactionStatus' 

2019-04-12 14:53:09 - [MESSAGE][PASSED] - All options with label 'Paid' are selected in object 'Object Repository/TC05-PaymentSection/TransactionStatus' 

2019-04-12 14:53:09 - [TEST_STEP][PASSED] - click(findTestObject("TC05-PaymentSection/SaveButton")): Object: 'Object Repository/TC05-PaymentSection/SaveButton' is clicked on

2019-04-12 14:53:11 - [MESSAGE][PASSED] - Object: 'Object Repository/TC05-PaymentSection/SaveButton' is clicked on

2019-04-12 14:53:11 - [TEST_STEP][PASSED] - delay(5): Delayed 5 second(s)

2019-04-12 14:53:16 - [MESSAGE][PASSED] - Delayed 5 second(s)]]></system-out>
         <system-err><![CDATA[]]></system-err>
      </testcase>
      <testcase name="Test Cases/TC04-AccountMatching-MGA" classname="Test Cases/TC04-AccountMatching-MGA" status="PASSED">
         <system-out><![CDATA[2019-04-12 14:53:16 - [TEST_CASE][PASSED] - Test Cases/TC04-AccountMatching-MGA: Test Cases/TC04-AccountMatching-MGA

2019-04-12 14:53:17 - [TEST_STEP][PASSED] - log = new com.kms.katalon.core.logging.KeywordLogger(): null

2019-04-12 14:53:17 - [TEST_STEP][PASSED] - delay(3): Delayed 3 second(s)

2019-04-12 14:53:20 - [MESSAGE][PASSED] - Delayed 3 second(s)

2019-04-12 14:53:20 - [TEST_STEP][PASSED] - scrollToElement(findTestObject("TC04-AccountMatching-MGA/AccountManagement"), 5): Scroll to object 'Object Repository/TC04-AccountMatching-MGA/AccountManagement' successfully

2019-04-12 14:53:20 - [MESSAGE][PASSED] - Scroll to object 'Object Repository/TC04-AccountMatching-MGA/AccountManagement' successfully

2019-04-12 14:53:20 - [TEST_STEP][PASSED] - click(findTestObject("TC04-AccountMatching-MGA/AccountManagement")): Object: 'Object Repository/TC04-AccountMatching-MGA/AccountManagement' is clicked on

2019-04-12 14:53:20 - [MESSAGE][PASSED] - Object: 'Object Repository/TC04-AccountMatching-MGA/AccountManagement' is clicked on

2019-04-12 14:53:20 - [TEST_STEP][NOT_RUN] - delay(5): NOT_RUN: delay(5)

2019-04-12 14:53:20 - [MESSAGE][NOT_RUN] - NOT_RUN: delay(5)

2019-04-12 14:53:20 - [TEST_STEP][PASSED] - waitForElementVisible(findTestObject("TC04-AccountMatching-MGA/AccountMatchingLink"), 4): Object 'Object Repository/TC04-AccountMatching-MGA/AccountMatchingLink' is visible

2019-04-12 14:53:20 - [MESSAGE][PASSED] - Object 'Object Repository/TC04-AccountMatching-MGA/AccountMatchingLink' is visible

2019-04-12 14:53:20 - [TEST_STEP][PASSED] - click(findTestObject("TC04-AccountMatching-MGA/AccountMatchingLink")): Object: 'Object Repository/TC04-AccountMatching-MGA/AccountMatchingLink' is clicked on

2019-04-12 14:53:22 - [MESSAGE][PASSED] - Object: 'Object Repository/TC04-AccountMatching-MGA/AccountMatchingLink' is clicked on

2019-04-12 14:53:22 - [TEST_STEP][PASSED] - delay(5): Delayed 5 second(s)

2019-04-12 14:53:27 - [MESSAGE][PASSED] - Delayed 5 second(s)

2019-04-12 14:53:27 - [TEST_STEP][PASSED] - selectOptionByLabel(findTestObject("TC04-AccountMatching-MGA/EntityType"), "MGA", false): All options with label 'MGA' are selected in object 'Object Repository/TC04-AccountMatching-MGA/EntityType' 

2019-04-12 14:53:27 - [MESSAGE][PASSED] - All options with label 'MGA' are selected in object 'Object Repository/TC04-AccountMatching-MGA/EntityType' 

2019-04-12 14:53:27 - [TEST_STEP][PASSED] - delay(5): Delayed 5 second(s)

2019-04-12 14:53:32 - [MESSAGE][PASSED] - Delayed 5 second(s)

2019-04-12 14:53:32 - [TEST_STEP][PASSED] - selectOptionByLabel(findTestObject("TC04-AccountMatching-MGA/Entity"), "NEW MGA", false): All options with label 'NEW MGA' are selected in object 'Object Repository/TC04-AccountMatching-MGA/Entity' 

2019-04-12 14:53:32 - [MESSAGE][PASSED] - All options with label 'NEW MGA' are selected in object 'Object Repository/TC04-AccountMatching-MGA/Entity' 

2019-04-12 14:53:32 - [TEST_STEP][PASSED] - waitForElementClickable(findTestObject("TC04-AccountMatching-MGA/ClickGoButton"), 5): Object 'Object Repository/TC04-AccountMatching-MGA/ClickGoButton' is clickable

2019-04-12 14:53:32 - [MESSAGE][PASSED] - Object 'Object Repository/TC04-AccountMatching-MGA/ClickGoButton' is clickable

2019-04-12 14:53:32 - [TEST_STEP][PASSED] - click(findTestObject("TC04-AccountMatching-MGA/ClickGoButton")): Object: 'Object Repository/TC04-AccountMatching-MGA/ClickGoButton' is clicked on

2019-04-12 14:53:34 - [MESSAGE][PASSED] - Object: 'Object Repository/TC04-AccountMatching-MGA/ClickGoButton' is clicked on

2019-04-12 14:53:34 - [TEST_STEP][PASSED] - waitForJQueryLoad(5): jQuery is ready.

2019-04-12 14:53:35 - [MESSAGE][PASSED] - jQuery is ready.

2019-04-12 14:53:35 - [TEST_STEP][PASSED] - selectOptionByLabel(findTestObject("TC04-AccountMatching-MGA/SelectAccount"), "ComissionOnly -- Allocated -- NEW MGA CommAccount -- USD", false): All options with label 'ComissionOnly -- Allocated -- NEW MGA CommAccount -- USD' are selected in object 'Object Repository/TC04-AccountMatching-MGA/SelectAccount' 

2019-04-12 14:53:35 - [MESSAGE][PASSED] - All options with label 'ComissionOnly -- Allocated -- NEW MGA CommAccount -- USD' are selected in object 'Object Repository/TC04-AccountMatching-MGA/SelectAccount' 

2019-04-12 14:53:35 - [TEST_STEP][PASSED] - delay(5): Delayed 5 second(s)

2019-04-12 14:53:40 - [MESSAGE][PASSED] - Delayed 5 second(s)

2019-04-12 14:53:40 - [TEST_STEP][PASSED] - setText(findTestObject("TC04-AccountMatching-MGA/Acc_Matching_PolicyNo_TextBox"), MTA_Policy_No): Text 'DASD/POLICY/002835' is set on object 'Object Repository/TC04-AccountMatching-MGA/Acc_Matching_PolicyNo_TextBox'

2019-04-12 14:53:40 - [MESSAGE][PASSED] - Text 'DASD/POLICY/002835' is set on object 'Object Repository/TC04-AccountMatching-MGA/Acc_Matching_PolicyNo_TextBox'

2019-04-12 14:53:40 - [TEST_STEP][PASSED] - sendKeys(findTestObject("TC04-AccountMatching-MGA/Acc_Matching_PolicyNo_TextBox"), Keys.chord(ENTER)): Keys 'ENTER + ' sent to object: 'Object Repository/TC04-AccountMatching-MGA/Acc_Matching_PolicyNo_TextBox'

2019-04-12 14:53:40 - [MESSAGE][PASSED] - Keys 'ENTER + ' sent to object: 'Object Repository/TC04-AccountMatching-MGA/Acc_Matching_PolicyNo_TextBox'

2019-04-12 14:53:40 - [TEST_STEP][PASSED] - delay(5): Delayed 5 second(s)

2019-04-12 14:53:45 - [MESSAGE][PASSED] - Delayed 5 second(s)

2019-04-12 14:53:45 - [TEST_STEP][PASSED] - waitForElementClickable(findTestObject("TC04-AccountMatching-MGA/CheckBox"), 5): Object 'Object Repository/TC04-AccountMatching-MGA/CheckBox' is clickable

2019-04-12 14:53:45 - [MESSAGE][PASSED] - Object 'Object Repository/TC04-AccountMatching-MGA/CheckBox' is clickable

2019-04-12 14:53:45 - [TEST_STEP][PASSED] - click(findTestObject("TC04-AccountMatching-MGA/CheckBox")): Object: 'Object Repository/TC04-AccountMatching-MGA/CheckBox' is clicked on

2019-04-12 14:53:45 - [MESSAGE][PASSED] - Object: 'Object Repository/TC04-AccountMatching-MGA/CheckBox' is clicked on

2019-04-12 14:53:45 - [TEST_STEP][PASSED] - delay(4): Delayed 4 second(s)

2019-04-12 14:53:49 - [MESSAGE][PASSED] - Delayed 4 second(s)

2019-04-12 14:53:49 - [TEST_STEP][PASSED] - BROKER_Comission_Amount = getText(findTestObject("TC04-AccountMatching-MGA/MGA_Amount")): Text of object 'Object Repository/TC04-AccountMatching-MGA/MGA_Amount' is: 'USD 145.50'

2019-04-12 14:53:49 - [MESSAGE][PASSED] - Text of object 'Object Repository/TC04-AccountMatching-MGA/MGA_Amount' is: 'USD 145.50'

2019-04-12 14:53:49 - [TEST_STEP][PASSED] - scrollToElement(findTestObject("TC04-AccountMatching-MGA/PAYFULL"), 5): Scroll to object 'Object Repository/TC04-AccountMatching-MGA/PAYFULL' successfully

2019-04-12 14:53:49 - [MESSAGE][PASSED] - Scroll to object 'Object Repository/TC04-AccountMatching-MGA/PAYFULL' successfully

2019-04-12 14:53:49 - [TEST_STEP][PASSED] - setText(findTestObject("TC04-AccountMatching-MGA/PAYFULL"), BROKER_Comission_Amount): Text 'USD 145.50' is set on object 'Object Repository/TC04-AccountMatching-MGA/PAYFULL'

2019-04-12 14:53:49 - [MESSAGE][PASSED] - Text 'USD 145.50' is set on object 'Object Repository/TC04-AccountMatching-MGA/PAYFULL'

2019-04-12 14:53:49 - [TEST_STEP][PASSED] - click(findTestObject("TC04-AccountMatching-MGA/MatchAmount")): Object: 'Object Repository/TC04-AccountMatching-MGA/MatchAmount' is clicked on

2019-04-12 14:53:49 - [MESSAGE][PASSED] - Object: 'Object Repository/TC04-AccountMatching-MGA/MatchAmount' is clicked on

2019-04-12 14:53:49 - [TEST_STEP][PASSED] - delay(5): Delayed 5 second(s)

2019-04-12 14:53:54 - [MESSAGE][PASSED] - Delayed 5 second(s)

2019-04-12 14:53:54 - [TEST_STEP][PASSED] - log.logInfo(BROKER_Comission_Amount): USD 145.50

2019-04-12 14:53:54 - [MESSAGE][INFO] - USD 145.50]]></system-out>
         <system-err><![CDATA[]]></system-err>
      </testcase>
      <testcase name="Test Cases/TC06-Document" classname="Test Cases/TC06-Document" status="PASSED">
         <system-out><![CDATA[2019-04-12 14:53:55 - [TEST_CASE][PASSED] - Test Cases/TC06-Document: Test Cases/TC06-Document

2019-04-12 14:53:55 - [TEST_STEP][PASSED] - delay(5): Delayed 5 second(s)

2019-04-12 14:54:00 - [MESSAGE][PASSED] - Delayed 5 second(s)

2019-04-12 14:54:00 - [TEST_STEP][PASSED] - click(findTestObject("TC03-MTA/PolicyRecord")): Object: 'Object Repository/TC03-MTA/PolicyRecord' is clicked on

2019-04-12 14:54:01 - [MESSAGE][PASSED] - Object: 'Object Repository/TC03-MTA/PolicyRecord' is clicked on

2019-04-12 14:54:01 - [TEST_STEP][PASSED] - setText(findTestObject("TC03-MTA/SearchFields"), Doc_PolicyNo): Text 'DASD/POLICY/002835' is set on object 'Object Repository/TC03-MTA/SearchFields'

2019-04-12 14:54:02 - [MESSAGE][PASSED] - Text 'DASD/POLICY/002835' is set on object 'Object Repository/TC03-MTA/SearchFields'

2019-04-12 14:54:02 - [TEST_STEP][PASSED] - sendKeys(findTestObject("TC03-MTA/SearchFields"), Keys.chord(ENTER)): Keys 'ENTER + ' sent to object: 'Object Repository/TC03-MTA/SearchFields'

2019-04-12 14:54:02 - [MESSAGE][PASSED] - Keys 'ENTER + ' sent to object: 'Object Repository/TC03-MTA/SearchFields'

2019-04-12 14:54:02 - [TEST_STEP][PASSED] - delay(6): Delayed 6 second(s)

2019-04-12 14:54:08 - [MESSAGE][PASSED] - Delayed 6 second(s)

2019-04-12 14:54:08 - [TEST_STEP][PASSED] - click(findTestObject("TC03-MTA/ClickEdit")): Object: 'Object Repository/TC03-MTA/ClickEdit' is clicked on

2019-04-12 14:54:11 - [MESSAGE][PASSED] - Object: 'Object Repository/TC03-MTA/ClickEdit' is clicked on

2019-04-12 14:54:11 - [TEST_STEP][PASSED] - delay(4): Delayed 4 second(s)

2019-04-12 14:54:15 - [MESSAGE][PASSED] - Delayed 4 second(s)

2019-04-12 14:54:15 - [TEST_STEP][PASSED] - click(findTestObject("TC06-Document/Documents")): Object: 'Object Repository/TC06-Document/Documents' is clicked on

2019-04-12 14:54:17 - [MESSAGE][PASSED] - Object: 'Object Repository/TC06-Document/Documents' is clicked on

2019-04-12 14:54:17 - [TEST_STEP][PASSED] - waitForJQueryLoad(5): jQuery is ready.

2019-04-12 14:54:19 - [MESSAGE][PASSED] - jQuery is ready.

2019-04-12 14:54:19 - [TEST_STEP][PASSED] - click(findTestObject("TC06-Document/ADDDocument")): Object: 'Object Repository/TC06-Document/ADDDocument' is clicked on

2019-04-12 14:54:20 - [MESSAGE][PASSED] - Object: 'Object Repository/TC06-Document/ADDDocument' is clicked on

2019-04-12 14:54:20 - [TEST_STEP][PASSED] - delay(4): Delayed 4 second(s)

2019-04-12 14:54:24 - [MESSAGE][PASSED] - Delayed 4 second(s)

2019-04-12 14:54:24 - [TEST_STEP][PASSED] - setText(findTestObject("TC06-Document/DocumentName"), "Automation Testing Document Upload"): Text 'Automation Testing Document Upload' is set on object 'Object Repository/TC06-Document/DocumentName'

2019-04-12 14:54:24 - [MESSAGE][PASSED] - Text 'Automation Testing Document Upload' is set on object 'Object Repository/TC06-Document/DocumentName'

2019-04-12 14:54:24 - [TEST_STEP][PASSED] - click(findTestObject("TC06-Document/DocumentPath")): Object: 'Object Repository/TC06-Document/DocumentPath' is clicked on

2019-04-12 14:54:24 - [MESSAGE][PASSED] - Object: 'Object Repository/TC06-Document/DocumentPath' is clicked on

2019-04-12 14:54:24 - [TEST_STEP][PASSED] - uploadFile(findTestObject("TC06-Document/DocumentPath"), "C:\Users\dipak\Documents\Testing Doc\VAT_Teting_DocVer.pdf"): File 'C:\Users\dipak\Documents\Testing Doc\VAT_Teting_DocVer.pdf' sent to object: 'Object Repository/TC06-Document/DocumentPath'

2019-04-12 14:54:24 - [MESSAGE][PASSED] - File 'C:\Users\dipak\Documents\Testing Doc\VAT_Teting_DocVer.pdf' sent to object: 'Object Repository/TC06-Document/DocumentPath'

2019-04-12 14:54:24 - [TEST_STEP][PASSED] - delay(5): Delayed 5 second(s)

2019-04-12 14:54:29 - [MESSAGE][PASSED] - Delayed 5 second(s)

2019-04-12 14:54:29 - [TEST_STEP][PASSED] - selectOptionByLabel(findTestObject("TC06-Document/Type"), "Letters", false): All options with label 'Letters' are selected in object 'Object Repository/TC06-Document/Type' 

2019-04-12 14:54:30 - [MESSAGE][PASSED] - All options with label 'Letters' are selected in object 'Object Repository/TC06-Document/Type' 

2019-04-12 14:54:30 - [TEST_STEP][PASSED] - click(findTestObject("TC06-Document/Upload")): Object: 'Object Repository/TC06-Document/Upload' is clicked on

2019-04-12 14:54:31 - [MESSAGE][PASSED] - Object: 'Object Repository/TC06-Document/Upload' is clicked on

2019-04-12 14:54:31 - [TEST_STEP][PASSED] - delay(5): Delayed 5 second(s)

2019-04-12 14:54:36 - [MESSAGE][PASSED] - Delayed 5 second(s)]]></system-out>
         <system-err><![CDATA[]]></system-err>
      </testcase>
      <testcase name="Test Cases/TC07-AccountMatching-Broker" classname="Test Cases/TC07-AccountMatching-Broker" status="PASSED">
         <system-out><![CDATA[2019-04-12 14:54:36 - [TEST_CASE][PASSED] - Test Cases/TC07-AccountMatching-Broker: Test Cases/TC07-AccountMatching-Broker

2019-04-12 14:54:37 - [TEST_STEP][PASSED] - log = new com.kms.katalon.core.logging.KeywordLogger(): null

2019-04-12 14:54:37 - [TEST_STEP][PASSED] - delay(3): Delayed 3 second(s)

2019-04-12 14:54:40 - [MESSAGE][PASSED] - Delayed 3 second(s)

2019-04-12 14:54:40 - [TEST_STEP][PASSED] - scrollToElement(findTestObject("TC04-AccountMatching-MGA/AccountManagement"), 5): Scroll to object 'Object Repository/TC04-AccountMatching-MGA/AccountManagement' successfully

2019-04-12 14:54:40 - [MESSAGE][PASSED] - Scroll to object 'Object Repository/TC04-AccountMatching-MGA/AccountManagement' successfully

2019-04-12 14:54:40 - [TEST_STEP][PASSED] - click(findTestObject("TC04-AccountMatching-MGA/AccountManagement")): Object: 'Object Repository/TC04-AccountMatching-MGA/AccountManagement' is clicked on

2019-04-12 14:54:40 - [MESSAGE][PASSED] - Object: 'Object Repository/TC04-AccountMatching-MGA/AccountManagement' is clicked on

2019-04-12 14:54:40 - [TEST_STEP][NOT_RUN] - delay(5): NOT_RUN: delay(5)

2019-04-12 14:54:40 - [MESSAGE][NOT_RUN] - NOT_RUN: delay(5)

2019-04-12 14:54:40 - [TEST_STEP][PASSED] - waitForElementVisible(findTestObject("TC04-AccountMatching-MGA/AccountMatchingLink"), 4): Object 'Object Repository/TC04-AccountMatching-MGA/AccountMatchingLink' is visible

2019-04-12 14:54:40 - [MESSAGE][PASSED] - Object 'Object Repository/TC04-AccountMatching-MGA/AccountMatchingLink' is visible

2019-04-12 14:54:40 - [TEST_STEP][PASSED] - click(findTestObject("TC04-AccountMatching-MGA/AccountMatchingLink")): Object: 'Object Repository/TC04-AccountMatching-MGA/AccountMatchingLink' is clicked on

2019-04-12 14:54:42 - [MESSAGE][PASSED] - Object: 'Object Repository/TC04-AccountMatching-MGA/AccountMatchingLink' is clicked on

2019-04-12 14:54:42 - [TEST_STEP][PASSED] - delay(5): Delayed 5 second(s)

2019-04-12 14:54:47 - [MESSAGE][PASSED] - Delayed 5 second(s)

2019-04-12 14:54:47 - [TEST_STEP][PASSED] - delay(5): Delayed 5 second(s)

2019-04-12 14:54:52 - [MESSAGE][PASSED] - Delayed 5 second(s)

2019-04-12 14:54:52 - [TEST_STEP][PASSED] - selectOptionByLabel(findTestObject("TC04-AccountMatching-MGA/EntityType"), "Broker", false): All options with label 'Broker' are selected in object 'Object Repository/TC04-AccountMatching-MGA/EntityType' 

2019-04-12 14:54:53 - [MESSAGE][PASSED] - All options with label 'Broker' are selected in object 'Object Repository/TC04-AccountMatching-MGA/EntityType' 

2019-04-12 14:54:53 - [TEST_STEP][PASSED] - delay(5): Delayed 5 second(s)

2019-04-12 14:54:58 - [MESSAGE][PASSED] - Delayed 5 second(s)

2019-04-12 14:54:58 - [TEST_STEP][PASSED] - selectOptionByLabel(findTestObject("TC04-AccountMatching-MGA/Entity"), "New Broker", false): All options with label 'New Broker' are selected in object 'Object Repository/TC04-AccountMatching-MGA/Entity' 

2019-04-12 14:54:58 - [MESSAGE][PASSED] - All options with label 'New Broker' are selected in object 'Object Repository/TC04-AccountMatching-MGA/Entity' 

2019-04-12 14:54:58 - [TEST_STEP][PASSED] - waitForElementClickable(findTestObject("TC04-AccountMatching-MGA/ClickGoButton"), 5): Object 'Object Repository/TC04-AccountMatching-MGA/ClickGoButton' is clickable

2019-04-12 14:54:58 - [MESSAGE][PASSED] - Object 'Object Repository/TC04-AccountMatching-MGA/ClickGoButton' is clickable

2019-04-12 14:54:58 - [TEST_STEP][PASSED] - click(findTestObject("TC04-AccountMatching-MGA/ClickGoButton")): Object: 'Object Repository/TC04-AccountMatching-MGA/ClickGoButton' is clicked on

2019-04-12 14:55:00 - [MESSAGE][PASSED] - Object: 'Object Repository/TC04-AccountMatching-MGA/ClickGoButton' is clicked on

2019-04-12 14:55:00 - [TEST_STEP][PASSED] - waitForJQueryLoad(5): jQuery is ready.

2019-04-12 14:55:00 - [MESSAGE][PASSED] - jQuery is ready.

2019-04-12 14:55:00 - [TEST_STEP][PASSED] - selectOptionByLabel(findTestObject("TC04-AccountMatching-MGA/SelectAccount"), "COMMSION ACCOUNT -- Allocated -- DEFAULT-300013-USD -- USD", false): All options with label 'COMMSION ACCOUNT -- Allocated -- DEFAULT-300013-USD -- USD' are selected in object 'Object Repository/TC04-AccountMatching-MGA/SelectAccount' 

2019-04-12 14:55:00 - [MESSAGE][PASSED] - All options with label 'COMMSION ACCOUNT -- Allocated -- DEFAULT-300013-USD -- USD' are selected in object 'Object Repository/TC04-AccountMatching-MGA/SelectAccount' 

2019-04-12 14:55:00 - [TEST_STEP][PASSED] - delay(5): Delayed 5 second(s)

2019-04-12 14:55:05 - [MESSAGE][PASSED] - Delayed 5 second(s)

2019-04-12 14:55:05 - [TEST_STEP][PASSED] - setText(findTestObject("TC04-AccountMatching-MGA/Acc_Matching_PolicyNo_TextBox"), MTA_Policy_No): Text 'DASD/POLICY/002835' is set on object 'Object Repository/TC04-AccountMatching-MGA/Acc_Matching_PolicyNo_TextBox'

2019-04-12 14:55:06 - [MESSAGE][PASSED] - Text 'DASD/POLICY/002835' is set on object 'Object Repository/TC04-AccountMatching-MGA/Acc_Matching_PolicyNo_TextBox'

2019-04-12 14:55:06 - [TEST_STEP][PASSED] - sendKeys(findTestObject("TC04-AccountMatching-MGA/Acc_Matching_PolicyNo_TextBox"), Keys.chord(ENTER)): Keys 'ENTER + ' sent to object: 'Object Repository/TC04-AccountMatching-MGA/Acc_Matching_PolicyNo_TextBox'

2019-04-12 14:55:06 - [MESSAGE][PASSED] - Keys 'ENTER + ' sent to object: 'Object Repository/TC04-AccountMatching-MGA/Acc_Matching_PolicyNo_TextBox'

2019-04-12 14:55:06 - [TEST_STEP][PASSED] - delay(4): Delayed 4 second(s)

2019-04-12 14:55:10 - [MESSAGE][PASSED] - Delayed 4 second(s)

2019-04-12 14:55:10 - [TEST_STEP][PASSED] - waitForElementClickable(findTestObject("TC04-AccountMatching-MGA/CheckBox"), 5): Object 'Object Repository/TC04-AccountMatching-MGA/CheckBox' is clickable

2019-04-12 14:55:10 - [MESSAGE][PASSED] - Object 'Object Repository/TC04-AccountMatching-MGA/CheckBox' is clickable

2019-04-12 14:55:10 - [TEST_STEP][PASSED] - click(findTestObject("TC04-AccountMatching-MGA/CheckBox")): Object: 'Object Repository/TC04-AccountMatching-MGA/CheckBox' is clicked on

2019-04-12 14:55:10 - [MESSAGE][PASSED] - Object: 'Object Repository/TC04-AccountMatching-MGA/CheckBox' is clicked on

2019-04-12 14:55:10 - [TEST_STEP][PASSED] - delay(4): Delayed 4 second(s)

2019-04-12 14:55:14 - [MESSAGE][PASSED] - Delayed 4 second(s)

2019-04-12 14:55:14 - [TEST_STEP][PASSED] - MGA_Comission_Amount = getText(findTestObject("TC04-AccountMatching-MGA/MGA_Amount")): Text of object 'Object Repository/TC04-AccountMatching-MGA/MGA_Amount' is: 'USD 90.00'

2019-04-12 14:55:14 - [MESSAGE][PASSED] - Text of object 'Object Repository/TC04-AccountMatching-MGA/MGA_Amount' is: 'USD 90.00'

2019-04-12 14:55:14 - [TEST_STEP][PASSED] - scrollToElement(findTestObject("TC04-AccountMatching-MGA/PAYFULL"), 5): Scroll to object 'Object Repository/TC04-AccountMatching-MGA/PAYFULL' successfully

2019-04-12 14:55:14 - [MESSAGE][PASSED] - Scroll to object 'Object Repository/TC04-AccountMatching-MGA/PAYFULL' successfully

2019-04-12 14:55:14 - [TEST_STEP][PASSED] - setText(findTestObject("TC04-AccountMatching-MGA/PAYFULL"), MGA_Comission_Amount): Text 'USD 90.00' is set on object 'Object Repository/TC04-AccountMatching-MGA/PAYFULL'

2019-04-12 14:55:14 - [MESSAGE][PASSED] - Text 'USD 90.00' is set on object 'Object Repository/TC04-AccountMatching-MGA/PAYFULL'

2019-04-12 14:55:14 - [TEST_STEP][PASSED] - click(findTestObject("TC04-AccountMatching-MGA/MatchAmount")): Object: 'Object Repository/TC04-AccountMatching-MGA/MatchAmount' is clicked on

2019-04-12 14:55:14 - [MESSAGE][PASSED] - Object: 'Object Repository/TC04-AccountMatching-MGA/MatchAmount' is clicked on

2019-04-12 14:55:14 - [TEST_STEP][PASSED] - delay(5): Delayed 5 second(s)

2019-04-12 14:55:19 - [MESSAGE][PASSED] - Delayed 5 second(s)

2019-04-12 14:55:19 - [TEST_STEP][PASSED] - log.logInfo(MGA_Comission_Amount): USD 90.00

2019-04-12 14:55:19 - [MESSAGE][INFO] - USD 90.00]]></system-out>
         <system-err><![CDATA[]]></system-err>
      </testcase>
      <testcase name="Test Cases/TC08-AccountMatching-Insurer" classname="Test Cases/TC08-AccountMatching-Insurer" status="PASSED">
         <system-out><![CDATA[2019-04-12 14:55:19 - [TEST_CASE][PASSED] - Test Cases/TC08-AccountMatching-Insurer: Test Cases/TC08-AccountMatching-Insurer

2019-04-12 14:55:19 - [TEST_STEP][PASSED] - log = new com.kms.katalon.core.logging.KeywordLogger(): null

2019-04-12 14:55:19 - [TEST_STEP][PASSED] - delay(3): Delayed 3 second(s)

2019-04-12 14:55:22 - [MESSAGE][PASSED] - Delayed 3 second(s)

2019-04-12 14:55:22 - [TEST_STEP][PASSED] - scrollToElement(findTestObject("TC04-AccountMatching-MGA/AccountManagement"), 5): Scroll to object 'Object Repository/TC04-AccountMatching-MGA/AccountManagement' successfully

2019-04-12 14:55:22 - [MESSAGE][PASSED] - Scroll to object 'Object Repository/TC04-AccountMatching-MGA/AccountManagement' successfully

2019-04-12 14:55:22 - [TEST_STEP][PASSED] - click(findTestObject("TC04-AccountMatching-MGA/AccountManagement")): Object: 'Object Repository/TC04-AccountMatching-MGA/AccountManagement' is clicked on

2019-04-12 14:55:22 - [MESSAGE][PASSED] - Object: 'Object Repository/TC04-AccountMatching-MGA/AccountManagement' is clicked on

2019-04-12 14:55:22 - [TEST_STEP][NOT_RUN] - delay(5): NOT_RUN: delay(5)

2019-04-12 14:55:22 - [MESSAGE][NOT_RUN] - NOT_RUN: delay(5)

2019-04-12 14:55:22 - [TEST_STEP][PASSED] - waitForElementVisible(findTestObject("TC04-AccountMatching-MGA/AccountMatchingLink"), 4): Object 'Object Repository/TC04-AccountMatching-MGA/AccountMatchingLink' is visible

2019-04-12 14:55:22 - [MESSAGE][PASSED] - Object 'Object Repository/TC04-AccountMatching-MGA/AccountMatchingLink' is visible

2019-04-12 14:55:22 - [TEST_STEP][PASSED] - click(findTestObject("TC04-AccountMatching-MGA/AccountMatchingLink")): Object: 'Object Repository/TC04-AccountMatching-MGA/AccountMatchingLink' is clicked on

2019-04-12 14:55:24 - [MESSAGE][PASSED] - Object: 'Object Repository/TC04-AccountMatching-MGA/AccountMatchingLink' is clicked on

2019-04-12 14:55:24 - [TEST_STEP][PASSED] - delay(5): Delayed 5 second(s)

2019-04-12 14:55:29 - [MESSAGE][PASSED] - Delayed 5 second(s)

2019-04-12 14:55:29 - [TEST_STEP][PASSED] - selectOptionByLabel(findTestObject("TC04-AccountMatching-MGA/EntityType"), "Insurer", false): All options with label 'Insurer' are selected in object 'Object Repository/TC04-AccountMatching-MGA/EntityType' 

2019-04-12 14:55:29 - [MESSAGE][PASSED] - All options with label 'Insurer' are selected in object 'Object Repository/TC04-AccountMatching-MGA/EntityType' 

2019-04-12 14:55:29 - [TEST_STEP][PASSED] - delay(5): Delayed 5 second(s)

2019-04-12 14:55:34 - [MESSAGE][PASSED] - Delayed 5 second(s)

2019-04-12 14:55:34 - [TEST_STEP][PASSED] - selectOptionByLabel(findTestObject("TC04-AccountMatching-MGA/Entity"), "New Insurer", false): All options with label 'New Insurer' are selected in object 'Object Repository/TC04-AccountMatching-MGA/Entity' 

2019-04-12 14:55:34 - [MESSAGE][PASSED] - All options with label 'New Insurer' are selected in object 'Object Repository/TC04-AccountMatching-MGA/Entity' 

2019-04-12 14:55:34 - [TEST_STEP][PASSED] - waitForElementClickable(findTestObject("TC04-AccountMatching-MGA/ClickGoButton"), 5): Object 'Object Repository/TC04-AccountMatching-MGA/ClickGoButton' is clickable

2019-04-12 14:55:34 - [MESSAGE][PASSED] - Object 'Object Repository/TC04-AccountMatching-MGA/ClickGoButton' is clickable

2019-04-12 14:55:34 - [TEST_STEP][PASSED] - click(findTestObject("TC04-AccountMatching-MGA/ClickGoButton")): Object: 'Object Repository/TC04-AccountMatching-MGA/ClickGoButton' is clicked on

2019-04-12 14:55:36 - [MESSAGE][PASSED] - Object: 'Object Repository/TC04-AccountMatching-MGA/ClickGoButton' is clicked on

2019-04-12 14:55:36 - [TEST_STEP][PASSED] - waitForJQueryLoad(5): jQuery is ready.

2019-04-12 14:55:36 - [MESSAGE][PASSED] - jQuery is ready.

2019-04-12 14:55:36 - [TEST_STEP][PASSED] - selectOptionByLabel(findTestObject("TC04-AccountMatching-MGA/SelectAccount"), "New Insurer Comission Account -- Allocated -- New Insurer-COM-ACC -- USD", false): All options with label 'New Insurer Comission Account -- Allocated -- New Insurer-COM-ACC -- USD' are selected in object 'Object Repository/TC04-AccountMatching-MGA/SelectAccount' 

2019-04-12 14:55:36 - [MESSAGE][PASSED] - All options with label 'New Insurer Comission Account -- Allocated -- New Insurer-COM-ACC -- USD' are selected in object 'Object Repository/TC04-AccountMatching-MGA/SelectAccount' 

2019-04-12 14:55:36 - [TEST_STEP][PASSED] - delay(5): Delayed 5 second(s)

2019-04-12 14:55:41 - [MESSAGE][PASSED] - Delayed 5 second(s)

2019-04-12 14:55:41 - [TEST_STEP][PASSED] - setText(findTestObject("TC04-AccountMatching-MGA/Acc_Matching_PolicyNo_TextBox"), MTA_Policy_No): Text 'DASD/POLICY/002835' is set on object 'Object Repository/TC04-AccountMatching-MGA/Acc_Matching_PolicyNo_TextBox'

2019-04-12 14:55:42 - [MESSAGE][PASSED] - Text 'DASD/POLICY/002835' is set on object 'Object Repository/TC04-AccountMatching-MGA/Acc_Matching_PolicyNo_TextBox'

2019-04-12 14:55:42 - [TEST_STEP][PASSED] - sendKeys(findTestObject("TC04-AccountMatching-MGA/Acc_Matching_PolicyNo_TextBox"), Keys.chord(ENTER)): Keys 'ENTER + ' sent to object: 'Object Repository/TC04-AccountMatching-MGA/Acc_Matching_PolicyNo_TextBox'

2019-04-12 14:55:42 - [MESSAGE][PASSED] - Keys 'ENTER + ' sent to object: 'Object Repository/TC04-AccountMatching-MGA/Acc_Matching_PolicyNo_TextBox'

2019-04-12 14:55:42 - [TEST_STEP][PASSED] - delay(5): Delayed 5 second(s)

2019-04-12 14:55:47 - [MESSAGE][PASSED] - Delayed 5 second(s)

2019-04-12 14:55:47 - [TEST_STEP][PASSED] - waitForElementClickable(findTestObject("TC04-AccountMatching-MGA/CheckBox"), 5): Object 'Object Repository/TC04-AccountMatching-MGA/CheckBox' is clickable

2019-04-12 14:55:47 - [MESSAGE][PASSED] - Object 'Object Repository/TC04-AccountMatching-MGA/CheckBox' is clickable

2019-04-12 14:55:47 - [TEST_STEP][PASSED] - click(findTestObject("TC04-AccountMatching-MGA/CheckBox")): Object: 'Object Repository/TC04-AccountMatching-MGA/CheckBox' is clicked on

2019-04-12 14:55:47 - [MESSAGE][PASSED] - Object: 'Object Repository/TC04-AccountMatching-MGA/CheckBox' is clicked on

2019-04-12 14:55:47 - [TEST_STEP][PASSED] - delay(4): Delayed 4 second(s)

2019-04-12 14:55:51 - [MESSAGE][PASSED] - Delayed 4 second(s)

2019-04-12 14:55:51 - [TEST_STEP][PASSED] - Insurer_Comission_Amount = getText(findTestObject("TC04-AccountMatching-MGA/MGA_Amount")): Text of object 'Object Repository/TC04-AccountMatching-MGA/MGA_Amount' is: 'USD 84.00'

2019-04-12 14:55:51 - [MESSAGE][PASSED] - Text of object 'Object Repository/TC04-AccountMatching-MGA/MGA_Amount' is: 'USD 84.00'

2019-04-12 14:55:51 - [TEST_STEP][PASSED] - scrollToElement(findTestObject("TC04-AccountMatching-MGA/PAYFULL"), 5): Scroll to object 'Object Repository/TC04-AccountMatching-MGA/PAYFULL' successfully

2019-04-12 14:55:51 - [MESSAGE][PASSED] - Scroll to object 'Object Repository/TC04-AccountMatching-MGA/PAYFULL' successfully

2019-04-12 14:55:51 - [TEST_STEP][PASSED] - setText(findTestObject("TC04-AccountMatching-MGA/PAYFULL"), Insurer_Comission_Amount): Text 'USD 84.00' is set on object 'Object Repository/TC04-AccountMatching-MGA/PAYFULL'

2019-04-12 14:55:51 - [MESSAGE][PASSED] - Text 'USD 84.00' is set on object 'Object Repository/TC04-AccountMatching-MGA/PAYFULL'

2019-04-12 14:55:51 - [TEST_STEP][PASSED] - click(findTestObject("TC04-AccountMatching-MGA/MatchAmount")): Object: 'Object Repository/TC04-AccountMatching-MGA/MatchAmount' is clicked on

2019-04-12 14:55:51 - [MESSAGE][PASSED] - Object: 'Object Repository/TC04-AccountMatching-MGA/MatchAmount' is clicked on

2019-04-12 14:55:51 - [TEST_STEP][PASSED] - delay(5): Delayed 5 second(s)

2019-04-12 14:55:56 - [MESSAGE][PASSED] - Delayed 5 second(s)

2019-04-12 14:55:56 - [TEST_STEP][PASSED] - log.logInfo(Insurer_Comission_Amount): USD 84.00

2019-04-12 14:55:56 - [MESSAGE][INFO] - USD 84.00]]></system-out>
         <system-err><![CDATA[]]></system-err>
      </testcase>
      <system-out><![CDATA[2019-04-12 14:52:27 - [TEST_SUITE][PASSED] - PolicyCreation: Test Cases/TC08-AccountMatching-Insurer]]></system-out>
      <system-err><![CDATA[]]></system-err>
   </testsuite>
</testsuites>
