<?xml version="1.0" encoding="UTF-8"?>
<testsuites name="PolicyCreation" time="38" tests="2" failures="0" errors="0">
   <testsuite name="PolicyCreation" tests="2" failures="0" errors="0" time="38" timestamp="2019-04-10 13:16:36" hostname="dipak - DIPAKDAS-PC.indusnettechnologies.com" id="Test Suites/CreatePolicy/PolicyCreation">
      <properties>
         <property name="deviceName" value=""/>
         <property name="devicePlatform" value=""/>
         <property name="logFolder" value="E:\\MarkitCore\\CoreApplication\\Reports\\CreatePolicy\\PolicyCreation\\20190410_131634"/>
         <property name="logFiles" value="E:\\MarkitCore\\CoreApplication\\Reports\\CreatePolicy\\PolicyCreation\\20190410_131634\\execution0.log"/>
         <property name="attachments" value=""/>
         <property name="hostName" value="dipak - DIPAKDAS-PC.indusnettechnologies.com"/>
         <property name="os" value="Windows 7 32bit"/>
         <property name="katalonVersion" value="6.0.5.4"/>
         <property name="browser" value="Chrome 73.0.3683.86"/>
         <property name="hostAddress" value="10.0.12.237"/>
         <property name="sessionId" value="f924a62e4c0a952e26ac4d0bf6454df2"/>
         <property name="seleniumVersion" value="3.7.1"/>
         <property name="proxyInformation" value="ProxyInformation{proxyOption=NO_PROXY, proxyServerType=HTTP, password=, proxyServerAddress=, proxyServerPort=0}"/>
         <property name="platform" value="Windows 7"/>
      </properties>
      <testcase name="Test Cases/TC01-LoginApplication" classname="Test Cases/TC01-LoginApplication" status="PASSED">
         <system-out><![CDATA[2019-04-10 13:16:45 - [TEST_CASE][PASSED] - Test Cases/TC01-LoginApplication: Test Cases/TC01-LoginApplication

2019-04-10 13:16:45 - [TEST_STEP][NOT_RUN] - openBrowser(""): NOT_RUN: openBrowser("")

2019-04-10 13:16:45 - [MESSAGE][NOT_RUN] - NOT_RUN: openBrowser("")

2019-04-10 13:16:45 - [TEST_STEP][NOT_RUN] - navigateToUrl("https://dev.offshoresoftwaresolutions.net/markit_coreV2/Sites/CoreTest/login/admin_display"): NOT_RUN: navigateToUrl("https://dev.offshoresoftwaresolutions.net/markit_coreV2/Sites/CoreTest/login/admin_display")

2019-04-10 13:16:45 - [MESSAGE][NOT_RUN] - NOT_RUN: navigateToUrl("https://dev.offshoresoftwaresolutions.net/markit_coreV2/Sites/CoreTest/login/admin_display")

2019-04-10 13:16:45 - [TEST_STEP][PASSED] - setText(findTestObject("Object Repository/TC-LoginApplication/Page_Markit core new  Login/input_Login to your account_username"), "dDasTester"): Text 'dDasTester' is set on object 'Object Repository/TC-LoginApplication/Page_Markit core new  Login/input_Login to your account_username'

2019-04-10 13:16:45 - [MESSAGE][PASSED] - Text 'dDasTester' is set on object 'Object Repository/TC-LoginApplication/Page_Markit core new  Login/input_Login to your account_username'

2019-04-10 13:16:45 - [TEST_STEP][PASSED] - setText(findTestObject("Object Repository/TC-LoginApplication/Page_Markit core new  Login/input_Login to your account_password"), "Czybm6R*"): Text 'Czybm6R*' is set on object 'Object Repository/TC-LoginApplication/Page_Markit core new  Login/input_Login to your account_password'

2019-04-10 13:16:46 - [MESSAGE][PASSED] - Text 'Czybm6R*' is set on object 'Object Repository/TC-LoginApplication/Page_Markit core new  Login/input_Login to your account_password'

2019-04-10 13:16:46 - [TEST_STEP][PASSED] - delay(4, STOP_ON_FAILURE): Delayed 4 second(s)

2019-04-10 13:16:50 - [MESSAGE][PASSED] - Delayed 4 second(s)

2019-04-10 13:16:50 - [TEST_STEP][NOT_RUN] - maximizeWindow(): NOT_RUN: maximizeWindow()

2019-04-10 13:16:50 - [MESSAGE][NOT_RUN] - NOT_RUN: maximizeWindow()

2019-04-10 13:16:50 - [TEST_STEP][PASSED] - click(findTestObject("Object Repository/TC-LoginApplication/Page_Markit core new  Login/button_Login")): Object: 'Object Repository/TC-LoginApplication/Page_Markit core new  Login/button_Login' is clicked on

2019-04-10 13:16:55 - [MESSAGE][PASSED] - Object: 'Object Repository/TC-LoginApplication/Page_Markit core new  Login/button_Login' is clicked on

2019-04-10 13:16:55 - [TEST_STEP][NOT_RUN] - log = new com.kms.katalon.core.logging.KeywordLogger(): NOT_RUN: log = new com.kms.katalon.core.logging.KeywordLogger()

2019-04-10 13:16:55 - [MESSAGE][NOT_RUN] - NOT_RUN: log = new com.kms.katalon.core.logging.KeywordLogger()

2019-04-10 13:16:55 - [TEST_STEP][NOT_RUN] - log.logInfo(“Dipak”): NOT_RUN: log.logInfo(“Dipak”)

2019-04-10 13:16:55 - [MESSAGE][NOT_RUN] - NOT_RUN: log.logInfo(“Dipak”)]]></system-out>
         <system-err><![CDATA[]]></system-err>
      </testcase>
      <testcase name="Test Cases/TC06-Document" classname="Test Cases/TC06-Document" status="PASSED">
         <system-out><![CDATA[2019-04-10 13:16:55 - [TEST_CASE][PASSED] - Test Cases/TC06-Document: Test Cases/TC06-Document

2019-04-10 13:16:55 - [TEST_STEP][PASSED] - delay(5): Delayed 5 second(s)

2019-04-10 13:17:00 - [MESSAGE][PASSED] - Delayed 5 second(s)

2019-04-10 13:17:00 - [TEST_STEP][PASSED] - click(findTestObject("TC03-MTA/PolicyRecord")): Object: 'Object Repository/TC03-MTA/PolicyRecord' is clicked on

2019-04-10 13:17:02 - [MESSAGE][PASSED] - Object: 'Object Repository/TC03-MTA/PolicyRecord' is clicked on

2019-04-10 13:17:02 - [TEST_STEP][PASSED] - setText(findTestObject("TC03-MTA/SearchFields"), Doc_PolicyNo): Text 'DASD/POLICY/002791' is set on object 'Object Repository/TC03-MTA/SearchFields'

2019-04-10 13:17:02 - [MESSAGE][PASSED] - Text 'DASD/POLICY/002791' is set on object 'Object Repository/TC03-MTA/SearchFields'

2019-04-10 13:17:02 - [TEST_STEP][PASSED] - sendKeys(findTestObject("TC03-MTA/SearchFields"), Keys.chord(ENTER)): Keys 'ENTER + ' sent to object: 'Object Repository/TC03-MTA/SearchFields'

2019-04-10 13:17:02 - [MESSAGE][PASSED] - Keys 'ENTER + ' sent to object: 'Object Repository/TC03-MTA/SearchFields'

2019-04-10 13:17:02 - [TEST_STEP][PASSED] - delay(5): Delayed 5 second(s)

2019-04-10 13:17:07 - [MESSAGE][PASSED] - Delayed 5 second(s)

2019-04-10 13:17:07 - [TEST_STEP][PASSED] - click(findTestObject("TC03-MTA/ClickEdit")): Object: 'Object Repository/TC03-MTA/ClickEdit' is clicked on

2019-04-10 13:17:08 - [MESSAGE][PASSED] - Object: 'Object Repository/TC03-MTA/ClickEdit' is clicked on

2019-04-10 13:17:08 - [TEST_STEP][PASSED] - delay(4): Delayed 4 second(s)

2019-04-10 13:17:12 - [MESSAGE][PASSED] - Delayed 4 second(s)

2019-04-10 13:17:12 - [TEST_STEP][PASSED] - click(findTestObject("TC06-Document/Documents")): Object: 'Object Repository/TC06-Document/Documents' is clicked on

2019-04-10 13:17:13 - [MESSAGE][PASSED] - Object: 'Object Repository/TC06-Document/Documents' is clicked on]]></system-out>
         <system-err><![CDATA[]]></system-err>
      </testcase>
      <system-out><![CDATA[2019-04-10 13:16:36 - [TEST_SUITE][PASSED] - PolicyCreation: Test Cases/TC06-Document]]></system-out>
      <system-err><![CDATA[]]></system-err>
   </testsuite>
</testsuites>
