<?xml version="1.0" encoding="UTF-8"?>
<testsuites name="PolicyCreation" time="217" tests="4" failures="0" errors="0">
   <testsuite name="PolicyCreation" tests="4" failures="0" errors="0" time="217" timestamp="2019-04-05 15:53:47" hostname="dipak - DIPAKDAS-PC.indusnettechnologies.com" id="Test Suites/CreatePolicy/PolicyCreation">
      <properties>
         <property name="deviceName" value=""/>
         <property name="devicePlatform" value=""/>
         <property name="logFolder" value="E:\\MarkitCore\\CoreApplication\\Reports\\CreatePolicy\\PolicyCreation\\20190405_155345"/>
         <property name="logFiles" value="E:\\MarkitCore\\CoreApplication\\Reports\\CreatePolicy\\PolicyCreation\\20190405_155345\\execution0.log"/>
         <property name="attachments" value=""/>
         <property name="hostName" value="dipak - DIPAKDAS-PC.indusnettechnologies.com"/>
         <property name="os" value="Windows 7 32bit"/>
         <property name="katalonVersion" value="6.0.5.4"/>
         <property name="browser" value="Chrome 73.0.3683.86"/>
         <property name="hostAddress" value="10.0.12.237"/>
         <property name="sessionId" value="0765780f524ccc5a517b45e23e172441"/>
         <property name="seleniumVersion" value="3.7.1"/>
         <property name="proxyInformation" value="ProxyInformation{proxyOption=NO_PROXY, proxyServerType=HTTP, password=, proxyServerAddress=, proxyServerPort=0}"/>
         <property name="platform" value="Windows 7"/>
      </properties>
      <testcase name="Test Cases/TC01-LoginApplication" classname="Test Cases/TC01-LoginApplication" status="PASSED">
         <system-out><![CDATA[2019-04-05 15:53:56 - [TEST_CASE][PASSED] - Test Cases/TC01-LoginApplication: Test Cases/TC01-LoginApplication

2019-04-05 15:53:56 - [TEST_STEP][NOT_RUN] - openBrowser(""): NOT_RUN: openBrowser("")

2019-04-05 15:53:56 - [MESSAGE][NOT_RUN] - NOT_RUN: openBrowser("")

2019-04-05 15:53:56 - [TEST_STEP][NOT_RUN] - navigateToUrl("https://dev.offshoresoftwaresolutions.net/markit_coreV2/Sites/CoreTest/login/admin_display"): NOT_RUN: navigateToUrl("https://dev.offshoresoftwaresolutions.net/markit_coreV2/Sites/CoreTest/login/admin_display")

2019-04-05 15:53:56 - [MESSAGE][NOT_RUN] - NOT_RUN: navigateToUrl("https://dev.offshoresoftwaresolutions.net/markit_coreV2/Sites/CoreTest/login/admin_display")

2019-04-05 15:53:56 - [TEST_STEP][PASSED] - setText(findTestObject("Object Repository/TC-LoginApplication/Page_Markit core new  Login/input_Login to your account_username"), "dDasTester"): Text 'dDasTester' is set on object 'Object Repository/TC-LoginApplication/Page_Markit core new  Login/input_Login to your account_username'

2019-04-05 15:53:56 - [MESSAGE][PASSED] - Text 'dDasTester' is set on object 'Object Repository/TC-LoginApplication/Page_Markit core new  Login/input_Login to your account_username'

2019-04-05 15:53:56 - [TEST_STEP][PASSED] - setText(findTestObject("Object Repository/TC-LoginApplication/Page_Markit core new  Login/input_Login to your account_password"), "Czybm6R*"): Text 'Czybm6R*' is set on object 'Object Repository/TC-LoginApplication/Page_Markit core new  Login/input_Login to your account_password'

2019-04-05 15:53:56 - [MESSAGE][PASSED] - Text 'Czybm6R*' is set on object 'Object Repository/TC-LoginApplication/Page_Markit core new  Login/input_Login to your account_password'

2019-04-05 15:53:56 - [TEST_STEP][PASSED] - delay(4, STOP_ON_FAILURE): Delayed 4 second(s)

2019-04-05 15:54:00 - [MESSAGE][PASSED] - Delayed 4 second(s)

2019-04-05 15:54:00 - [TEST_STEP][NOT_RUN] - maximizeWindow(): NOT_RUN: maximizeWindow()

2019-04-05 15:54:00 - [MESSAGE][NOT_RUN] - NOT_RUN: maximizeWindow()

2019-04-05 15:54:00 - [TEST_STEP][PASSED] - click(findTestObject("Object Repository/TC-LoginApplication/Page_Markit core new  Login/button_Login")): Object: 'Object Repository/TC-LoginApplication/Page_Markit core new  Login/button_Login' is clicked on

2019-04-05 15:54:06 - [MESSAGE][PASSED] - Object: 'Object Repository/TC-LoginApplication/Page_Markit core new  Login/button_Login' is clicked on]]></system-out>
         <system-err><![CDATA[]]></system-err>
      </testcase>
      <testcase name="Test Cases/TC02-CreatePolicy" classname="Test Cases/TC02-CreatePolicy" status="PASSED">
         <system-out><![CDATA[2019-04-05 15:54:06 - [TEST_CASE][PASSED] - Test Cases/TC02-CreatePolicy: Test Cases/TC02-CreatePolicy

2019-04-05 15:54:07 - [TEST_STEP][PASSED] - waitForJQueryLoad(10): jQuery is ready.

2019-04-05 15:54:07 - [MESSAGE][PASSED] - jQuery is ready.

2019-04-05 15:54:07 - [TEST_STEP][PASSED] - click(findTestObject("TC-CreatePolicy/DashBoard/ClientSearchLink")): Object: 'Object Repository/TC-CreatePolicy/DashBoard/ClientSearchLink' is clicked on

2019-04-05 15:54:09 - [MESSAGE][PASSED] - Object: 'Object Repository/TC-CreatePolicy/DashBoard/ClientSearchLink' is clicked on

2019-04-05 15:54:09 - [TEST_STEP][PASSED] - setText(findTestObject("TC-CreatePolicy/ClientListing/ClientName"), "Dipak"): Text 'Dipak' is set on object 'Object Repository/TC-CreatePolicy/ClientListing/ClientName'

2019-04-05 15:54:09 - [MESSAGE][PASSED] - Text 'Dipak' is set on object 'Object Repository/TC-CreatePolicy/ClientListing/ClientName'

2019-04-05 15:54:09 - [TEST_STEP][PASSED] - delay(5): Delayed 5 second(s)

2019-04-05 15:54:14 - [MESSAGE][PASSED] - Delayed 5 second(s)

2019-04-05 15:54:14 - [TEST_STEP][PASSED] - sendKeys(findTestObject("TC-CreatePolicy/ClientListing/ClientName"), Keys.chord(ENTER)): Keys 'ENTER + ' sent to object: 'Object Repository/TC-CreatePolicy/ClientListing/ClientName'

2019-04-05 15:54:14 - [MESSAGE][PASSED] - Keys 'ENTER + ' sent to object: 'Object Repository/TC-CreatePolicy/ClientListing/ClientName'

2019-04-05 15:54:14 - [TEST_STEP][PASSED] - delay(4): Delayed 4 second(s)

2019-04-05 15:54:18 - [MESSAGE][PASSED] - Delayed 4 second(s)

2019-04-05 15:54:18 - [TEST_STEP][PASSED] - waitForElementClickable(findTestObject("TC-CreatePolicy/ClientListing/ClientListAction"), 3): Object 'Object Repository/TC-CreatePolicy/ClientListing/ClientListAction' is clickable

2019-04-05 15:54:18 - [MESSAGE][PASSED] - Object 'Object Repository/TC-CreatePolicy/ClientListing/ClientListAction' is clickable

2019-04-05 15:54:18 - [TEST_STEP][PASSED] - click(findTestObject("TC-CreatePolicy/ClientListing/ClientListAction")): Object: 'Object Repository/TC-CreatePolicy/ClientListing/ClientListAction' is clicked on

2019-04-05 15:54:19 - [MESSAGE][PASSED] - Object: 'Object Repository/TC-CreatePolicy/ClientListing/ClientListAction' is clicked on

2019-04-05 15:54:19 - [TEST_STEP][PASSED] - delay(3): Delayed 3 second(s)

2019-04-05 15:54:22 - [MESSAGE][PASSED] - Delayed 3 second(s)

2019-04-05 15:54:22 - [TEST_STEP][PASSED] - click(findTestObject("TC-CreatePolicy/ClientListing/StartQuote")): Object: 'Object Repository/TC-CreatePolicy/ClientListing/StartQuote' is clicked on

2019-04-05 15:54:26 - [MESSAGE][PASSED] - Object: 'Object Repository/TC-CreatePolicy/ClientListing/StartQuote' is clicked on

2019-04-05 15:54:26 - [TEST_STEP][PASSED] - waitForJQueryLoad(5): jQuery is ready.

2019-04-05 15:54:27 - [MESSAGE][PASSED] - jQuery is ready.

2019-04-05 15:54:27 - [TEST_STEP][PASSED] - selectOptionByLabel(findTestObject("TC-CreatePolicy/GeneralDetails/SelectCurrency"), "USD", true): All options with label 'USD' are selected in object 'Object Repository/TC-CreatePolicy/GeneralDetails/SelectCurrency'  using regular expression

2019-04-05 15:54:27 - [MESSAGE][PASSED] - All options with label 'USD' are selected in object 'Object Repository/TC-CreatePolicy/GeneralDetails/SelectCurrency'  using regular expression

2019-04-05 15:54:27 - [TEST_STEP][PASSED] - selectOptionByLabel(findTestObject("TC-CreatePolicy/GeneralDetails/SelectBroker"), "New Broker", true): All options with label 'New Broker' are selected in object 'Object Repository/TC-CreatePolicy/GeneralDetails/SelectBroker'  using regular expression

2019-04-05 15:54:28 - [MESSAGE][PASSED] - All options with label 'New Broker' are selected in object 'Object Repository/TC-CreatePolicy/GeneralDetails/SelectBroker'  using regular expression

2019-04-05 15:54:28 - [TEST_STEP][PASSED] - waitForJQueryLoad(5): jQuery is ready.

2019-04-05 15:54:28 - [MESSAGE][PASSED] - jQuery is ready.

2019-04-05 15:54:28 - [TEST_STEP][PASSED] - selectOptionByLabel(findTestObject("TC-CreatePolicy/GeneralDetails/SelectProduct"), "BasicDemoProduct", false): All options with label 'BasicDemoProduct' are selected in object 'Object Repository/TC-CreatePolicy/GeneralDetails/SelectProduct' 

2019-04-05 15:54:28 - [MESSAGE][PASSED] - All options with label 'BasicDemoProduct' are selected in object 'Object Repository/TC-CreatePolicy/GeneralDetails/SelectProduct' 

2019-04-05 15:54:28 - [TEST_STEP][PASSED] - waitForJQueryLoad(5): jQuery is ready.

2019-04-05 15:54:29 - [MESSAGE][PASSED] - jQuery is ready.

2019-04-05 15:54:29 - [TEST_STEP][PASSED] - selectOptionByLabel(findTestObject("TC-CreatePolicy/GeneralDetails/SelectPolicyTerm"), "Yearly", false): All options with label 'Yearly' are selected in object 'Object Repository/TC-CreatePolicy/GeneralDetails/SelectPolicyTerm' 

2019-04-05 15:54:29 - [MESSAGE][PASSED] - All options with label 'Yearly' are selected in object 'Object Repository/TC-CreatePolicy/GeneralDetails/SelectPolicyTerm' 

2019-04-05 15:54:29 - [TEST_STEP][PASSED] - waitForJQueryLoad(3): jQuery is ready.

2019-04-05 15:54:30 - [MESSAGE][PASSED] - jQuery is ready.

2019-04-05 15:54:30 - [TEST_STEP][NOT_RUN] - selectOptionByValue(findTestObject("TC-CreatePolicy/GeneralDetails/SelectTimeZone"), "343", false): NOT_RUN: selectOptionByValue(findTestObject("TC-CreatePolicy/GeneralDetails/SelectTimeZone"), "343", false)

2019-04-05 15:54:30 - [MESSAGE][NOT_RUN] - NOT_RUN: selectOptionByValue(findTestObject("TC-CreatePolicy/GeneralDetails/SelectTimeZone"), "343", false)

2019-04-05 15:54:30 - [TEST_STEP][PASSED] - delay(3): Delayed 3 second(s)

2019-04-05 15:54:33 - [MESSAGE][PASSED] - Delayed 3 second(s)

2019-04-05 15:54:33 - [TEST_STEP][PASSED] - click(findTestObject("TC-CreatePolicy/GeneralDetails/NextButton")): Object: 'Object Repository/TC-CreatePolicy/GeneralDetails/NextButton' is clicked on

2019-04-05 15:54:33 - [MESSAGE][PASSED] - Object: 'Object Repository/TC-CreatePolicy/GeneralDetails/NextButton' is clicked on

2019-04-05 15:54:33 - [TEST_STEP][PASSED] - delay(5): Delayed 5 second(s)

2019-04-05 15:54:38 - [MESSAGE][PASSED] - Delayed 5 second(s)

2019-04-05 15:54:38 - [TEST_STEP][PASSED] - if (var_Alert.equals("Cancel")): Delayed 5 second(s)

2019-04-05 15:54:38 - [TEST_STEP][PASSED] - click(findTestObject("TC-CreatePolicy/GeneralDetails/ButtonCancel")): Object: 'Object Repository/TC-CreatePolicy/GeneralDetails/ButtonCancel' is clicked on

2019-04-05 15:54:42 - [MESSAGE][PASSED] - Object: 'Object Repository/TC-CreatePolicy/GeneralDetails/ButtonCancel' is clicked on

2019-04-05 15:54:42 - [TEST_STEP][PASSED] - delay(3): Delayed 3 second(s)

2019-04-05 15:54:45 - [MESSAGE][PASSED] - Delayed 3 second(s)

2019-04-05 15:54:45 - [TEST_STEP][PASSED] - waitForJQueryLoad(5, STOP_ON_FAILURE): jQuery is ready.

2019-04-05 15:54:45 - [MESSAGE][PASSED] - jQuery is ready.

2019-04-05 15:54:45 - [TEST_STEP][PASSED] - selectOptionByLabel(findTestObject("TC-CreatePolicy/RiskDetails/Type"), "Flat", false): All options with label 'Flat' are selected in object 'Object Repository/TC-CreatePolicy/RiskDetails/Type' 

2019-04-05 15:54:45 - [MESSAGE][PASSED] - All options with label 'Flat' are selected in object 'Object Repository/TC-CreatePolicy/RiskDetails/Type' 

2019-04-05 15:54:45 - [TEST_STEP][PASSED] - setText(findTestObject("TC-CreatePolicy/RiskDetails/SumInsurreTextBox"), "1000"): Text '1000' is set on object 'Object Repository/TC-CreatePolicy/RiskDetails/SumInsurreTextBox'

2019-04-05 15:54:45 - [MESSAGE][PASSED] - Text '1000' is set on object 'Object Repository/TC-CreatePolicy/RiskDetails/SumInsurreTextBox'

2019-04-05 15:54:45 - [TEST_STEP][PASSED] - setText(findTestObject("TC-CreatePolicy/RiskDetails/RoomNo"), "4"): Text '4' is set on object 'Object Repository/TC-CreatePolicy/RiskDetails/RoomNo'

2019-04-05 15:54:45 - [MESSAGE][PASSED] - Text '4' is set on object 'Object Repository/TC-CreatePolicy/RiskDetails/RoomNo'

2019-04-05 15:54:45 - [TEST_STEP][PASSED] - setText(findTestObject("TC-CreatePolicy/RiskDetails/ContentSumInsure"), "2000"): Text '2000' is set on object 'Object Repository/TC-CreatePolicy/RiskDetails/ContentSumInsure'

2019-04-05 15:54:45 - [MESSAGE][PASSED] - Text '2000' is set on object 'Object Repository/TC-CreatePolicy/RiskDetails/ContentSumInsure'

2019-04-05 15:54:45 - [TEST_STEP][PASSED] - click(findTestObject("TC-CreatePolicy/RiskDetails/Save")): Object: 'Object Repository/TC-CreatePolicy/RiskDetails/Save' is clicked on

2019-04-05 15:54:52 - [MESSAGE][PASSED] - Object: 'Object Repository/TC-CreatePolicy/RiskDetails/Save' is clicked on

2019-04-05 15:54:52 - [TEST_STEP][PASSED] - delay(5): Delayed 5 second(s)

2019-04-05 15:54:57 - [MESSAGE][PASSED] - Delayed 5 second(s)

2019-04-05 15:54:57 - [TEST_STEP][PASSED] - delay(5): Delayed 5 second(s)

2019-04-05 15:55:02 - [MESSAGE][PASSED] - Delayed 5 second(s)

2019-04-05 15:55:02 - [TEST_STEP][PASSED] - click(findTestObject("TC-CreatePolicy/Premium/BindButton")): Object: 'Object Repository/TC-CreatePolicy/Premium/BindButton' is clicked on

2019-04-05 15:55:04 - [MESSAGE][PASSED] - Object: 'Object Repository/TC-CreatePolicy/Premium/BindButton' is clicked on

2019-04-05 15:55:04 - [TEST_STEP][PASSED] - delay(5): Delayed 5 second(s)

2019-04-05 15:55:09 - [MESSAGE][PASSED] - Delayed 5 second(s)

2019-04-05 15:55:09 - [TEST_STEP][PASSED] - click(findTestObject("TC-CreatePolicy/PaymentDetails/PaymentMethods")): Object: 'Object Repository/TC-CreatePolicy/PaymentDetails/PaymentMethods' is clicked on

2019-04-05 15:55:09 - [MESSAGE][PASSED] - Object: 'Object Repository/TC-CreatePolicy/PaymentDetails/PaymentMethods' is clicked on

2019-04-05 15:55:09 - [TEST_STEP][PASSED] - waitForJQueryLoad(4): jQuery is ready.

2019-04-05 15:55:09 - [MESSAGE][PASSED] - jQuery is ready.

2019-04-05 15:55:09 - [TEST_STEP][PASSED] - selectOptionByLabel(findTestObject("TC-CreatePolicy/PaymentDetails/SelectNoOfInstallment"), "1", false): All options with label '1' are selected in object 'Object Repository/TC-CreatePolicy/PaymentDetails/SelectNoOfInstallment' 

2019-04-05 15:55:09 - [MESSAGE][PASSED] - All options with label '1' are selected in object 'Object Repository/TC-CreatePolicy/PaymentDetails/SelectNoOfInstallment' 

2019-04-05 15:55:09 - [TEST_STEP][PASSED] - delay(4): Delayed 4 second(s)

2019-04-05 15:55:13 - [MESSAGE][PASSED] - Delayed 4 second(s)

2019-04-05 15:55:13 - [TEST_STEP][PASSED] - click(findTestObject("TC-CreatePolicy/PaymentDetails/ConfirmPaymentType")): Object: 'Object Repository/TC-CreatePolicy/PaymentDetails/ConfirmPaymentType' is clicked on

2019-04-05 15:55:13 - [MESSAGE][PASSED] - Object: 'Object Repository/TC-CreatePolicy/PaymentDetails/ConfirmPaymentType' is clicked on

2019-04-05 15:55:13 - [TEST_STEP][PASSED] - delay(4): Delayed 4 second(s)

2019-04-05 15:55:17 - [MESSAGE][PASSED] - Delayed 4 second(s)

2019-04-05 15:55:17 - [TEST_STEP][PASSED] - setText(findTestObject("TC-CreatePolicy/PaymentDetails/EmailText"), "dipak.das@mailinator.com"): Text 'dipak.das@mailinator.com' is set on object 'Object Repository/TC-CreatePolicy/PaymentDetails/EmailText'

2019-04-05 15:55:17 - [MESSAGE][PASSED] - Text 'dipak.das@mailinator.com' is set on object 'Object Repository/TC-CreatePolicy/PaymentDetails/EmailText'

2019-04-05 15:55:17 - [TEST_STEP][PASSED] - scrollToElement(findTestObject("TC-CreatePolicy/PaymentDetails/BindAndSendPolicySchedule"), 5): Scroll to object 'Object Repository/TC-CreatePolicy/PaymentDetails/BindAndSendPolicySchedule' successfully

2019-04-05 15:55:18 - [MESSAGE][PASSED] - Scroll to object 'Object Repository/TC-CreatePolicy/PaymentDetails/BindAndSendPolicySchedule' successfully

2019-04-05 15:55:18 - [TEST_STEP][PASSED] - delay(6): Delayed 6 second(s)

2019-04-05 15:55:24 - [MESSAGE][PASSED] - Delayed 6 second(s)

2019-04-05 15:55:24 - [TEST_STEP][PASSED] - click(findTestObject("TC-CreatePolicy/PaymentDetails/BindAndSendPolicySchedule")): Object: 'Object Repository/TC-CreatePolicy/PaymentDetails/BindAndSendPolicySchedule' is clicked on

2019-04-05 15:55:24 - [MESSAGE][PASSED] - Object: 'Object Repository/TC-CreatePolicy/PaymentDetails/BindAndSendPolicySchedule' is clicked on

2019-04-05 15:55:24 - [TEST_STEP][PASSED] - delay(5): Delayed 5 second(s)

2019-04-05 15:55:29 - [MESSAGE][PASSED] - Delayed 5 second(s)

2019-04-05 15:55:29 - [TEST_STEP][PASSED] - PolicyNo_Global = getText(findTestObject("TC-CreatePolicy/Premium/PolicyNo")): Text of object 'Object Repository/TC-CreatePolicy/Premium/PolicyNo' is: 'DASD/POLICY/002631'

2019-04-05 15:55:29 - [MESSAGE][PASSED] - Text of object 'Object Repository/TC-CreatePolicy/Premium/PolicyNo' is: 'DASD/POLICY/002631'

2019-04-05 15:55:29 - [TEST_STEP][PASSED] - delay(5): Delayed 5 second(s)

2019-04-05 15:55:34 - [MESSAGE][PASSED] - Delayed 5 second(s)

2019-04-05 15:55:34 - [TEST_STEP][PASSED] - out.println(PolicyNo_Global): null]]></system-out>
         <system-err><![CDATA[]]></system-err>
      </testcase>
      <testcase name="Test Cases/TC03-MTA" classname="Test Cases/TC03-MTA" status="PASSED">
         <system-out><![CDATA[2019-04-05 15:55:34 - [TEST_CASE][PASSED] - Test Cases/TC03-MTA: Test Cases/TC03-MTA

2019-04-05 15:55:34 - [TEST_STEP][PASSED] - waitForJQueryLoad(5): jQuery is ready.

2019-04-05 15:55:34 - [MESSAGE][PASSED] - jQuery is ready.

2019-04-05 15:55:34 - [TEST_STEP][PASSED] - click(findTestObject("TC03-MTA/PolicyRecord")): Object: 'Object Repository/TC03-MTA/PolicyRecord' is clicked on

2019-04-05 15:55:36 - [MESSAGE][PASSED] - Object: 'Object Repository/TC03-MTA/PolicyRecord' is clicked on

2019-04-05 15:55:36 - [TEST_STEP][PASSED] - waitForJQueryLoad(5): jQuery is ready.

2019-04-05 15:55:37 - [MESSAGE][PASSED] - jQuery is ready.

2019-04-05 15:55:37 - [TEST_STEP][PASSED] - setText(findTestObject("TC03-MTA/SearchFields"), PolicyNo_Global): Text '' is set on object 'Object Repository/TC03-MTA/SearchFields'

2019-04-05 15:55:37 - [MESSAGE][PASSED] - Text '' is set on object 'Object Repository/TC03-MTA/SearchFields'

2019-04-05 15:55:37 - [TEST_STEP][PASSED] - delay(4, STOP_ON_FAILURE): Delayed 4 second(s)

2019-04-05 15:55:41 - [MESSAGE][PASSED] - Delayed 4 second(s)

2019-04-05 15:55:41 - [TEST_STEP][PASSED] - sendKeys(findTestObject("TC03-MTA/SearchFields"), Keys.chord(ENTER)): Keys 'ENTER + ' sent to object: 'Object Repository/TC03-MTA/SearchFields'

2019-04-05 15:55:41 - [MESSAGE][PASSED] - Keys 'ENTER + ' sent to object: 'Object Repository/TC03-MTA/SearchFields'

2019-04-05 15:55:41 - [TEST_STEP][PASSED] - delay(5): Delayed 5 second(s)

2019-04-05 15:55:46 - [MESSAGE][PASSED] - Delayed 5 second(s)

2019-04-05 15:55:46 - [TEST_STEP][PASSED] - click(findTestObject("TC03-MTA/ClickEdit")): Object: 'Object Repository/TC03-MTA/ClickEdit' is clicked on

2019-04-05 15:55:47 - [MESSAGE][PASSED] - Object: 'Object Repository/TC03-MTA/ClickEdit' is clicked on

2019-04-05 15:55:47 - [TEST_STEP][PASSED] - delay(2): Delayed 2 second(s)

2019-04-05 15:55:49 - [MESSAGE][PASSED] - Delayed 2 second(s)

2019-04-05 15:55:49 - [TEST_STEP][PASSED] - click(findTestObject("TC03-MTA/MTA TAB")): Object: 'Object Repository/TC03-MTA/MTA TAB' is clicked on

2019-04-05 15:55:51 - [MESSAGE][PASSED] - Object: 'Object Repository/TC03-MTA/MTA TAB' is clicked on

2019-04-05 15:55:51 - [TEST_STEP][PASSED] - waitForJQueryLoad(5): jQuery is ready.

2019-04-05 15:55:52 - [MESSAGE][PASSED] - jQuery is ready.

2019-04-05 15:55:52 - [TEST_STEP][PASSED] - click(findTestObject("TC03-MTA/GO BUTTON")): Object: 'Object Repository/TC03-MTA/GO BUTTON' is clicked on

2019-04-05 15:56:01 - [MESSAGE][PASSED] - Object: 'Object Repository/TC03-MTA/GO BUTTON' is clicked on

2019-04-05 15:56:01 - [TEST_STEP][PASSED] - waitForJQueryLoad(5): jQuery is ready.

2019-04-05 15:56:02 - [MESSAGE][PASSED] - jQuery is ready.

2019-04-05 15:56:02 - [TEST_STEP][PASSED] - selectOptionByLabel(findTestObject("TC03-MTA/MTA Resons Type"), "Reason Description MTA", false): All options with label 'Reason Description MTA' are selected in object 'Object Repository/TC03-MTA/MTA Resons Type' 

2019-04-05 15:56:02 - [MESSAGE][PASSED] - All options with label 'Reason Description MTA' are selected in object 'Object Repository/TC03-MTA/MTA Resons Type' 

2019-04-05 15:56:02 - [TEST_STEP][PASSED] - setText(findTestObject("TC03-MTA/MTAReasonTextArea"), "Only For Testing Purpose."): Text 'Only For Testing Purpose.' is set on object 'Object Repository/TC03-MTA/MTAReasonTextArea'

2019-04-05 15:56:02 - [MESSAGE][PASSED] - Text 'Only For Testing Purpose.' is set on object 'Object Repository/TC03-MTA/MTAReasonTextArea'

2019-04-05 15:56:02 - [TEST_STEP][PASSED] - delay(5): Delayed 5 second(s)

2019-04-05 15:56:07 - [MESSAGE][PASSED] - Delayed 5 second(s)

2019-04-05 15:56:07 - [TEST_STEP][PASSED] - click(findTestObject("TC03-MTA/MTAResonsSaveButton")): Object: 'Object Repository/TC03-MTA/MTAResonsSaveButton' is clicked on

2019-04-05 15:56:10 - [MESSAGE][PASSED] - Object: 'Object Repository/TC03-MTA/MTAResonsSaveButton' is clicked on

2019-04-05 15:56:10 - [TEST_STEP][PASSED] - delay(4): Delayed 4 second(s)

2019-04-05 15:56:14 - [MESSAGE][PASSED] - Delayed 4 second(s)

2019-04-05 15:56:14 - [TEST_STEP][PASSED] - click(findTestObject("TC03-MTA/EditRiskItemListing")): Object: 'Object Repository/TC03-MTA/EditRiskItemListing' is clicked on

2019-04-05 15:56:15 - [MESSAGE][PASSED] - Object: 'Object Repository/TC03-MTA/EditRiskItemListing' is clicked on

2019-04-05 15:56:15 - [TEST_STEP][PASSED] - selectOptionByLabel(findTestObject("TC-CreatePolicy/RiskDetails/Type"), "Duplex", false): All options with label 'Duplex' are selected in object 'Object Repository/TC-CreatePolicy/RiskDetails/Type' 

2019-04-05 15:56:15 - [MESSAGE][PASSED] - All options with label 'Duplex' are selected in object 'Object Repository/TC-CreatePolicy/RiskDetails/Type' 

2019-04-05 15:56:15 - [TEST_STEP][PASSED] - clearText(findTestObject("TC-CreatePolicy/RiskDetails/SumInsurreTextBox")): Text of object 'Object Repository/TC-CreatePolicy/RiskDetails/SumInsurreTextBox' is cleared

2019-04-05 15:56:15 - [MESSAGE][PASSED] - Text of object 'Object Repository/TC-CreatePolicy/RiskDetails/SumInsurreTextBox' is cleared

2019-04-05 15:56:15 - [TEST_STEP][PASSED] - setText(findTestObject("TC-CreatePolicy/RiskDetails/SumInsurreTextBox"), "4000"): Text '4000' is set on object 'Object Repository/TC-CreatePolicy/RiskDetails/SumInsurreTextBox'

2019-04-05 15:56:16 - [MESSAGE][PASSED] - Text '4000' is set on object 'Object Repository/TC-CreatePolicy/RiskDetails/SumInsurreTextBox'

2019-04-05 15:56:16 - [TEST_STEP][PASSED] - clearText(findTestObject("TC-CreatePolicy/RiskDetails/RoomNo")): Text of object 'Object Repository/TC-CreatePolicy/RiskDetails/RoomNo' is cleared

2019-04-05 15:56:16 - [MESSAGE][PASSED] - Text of object 'Object Repository/TC-CreatePolicy/RiskDetails/RoomNo' is cleared

2019-04-05 15:56:16 - [TEST_STEP][PASSED] - setText(findTestObject("TC-CreatePolicy/RiskDetails/RoomNo"), "2"): Text '2' is set on object 'Object Repository/TC-CreatePolicy/RiskDetails/RoomNo'

2019-04-05 15:56:16 - [MESSAGE][PASSED] - Text '2' is set on object 'Object Repository/TC-CreatePolicy/RiskDetails/RoomNo'

2019-04-05 15:56:16 - [TEST_STEP][PASSED] - clearText(findTestObject("TC-CreatePolicy/RiskDetails/ContentSumInsure")): Text of object 'Object Repository/TC-CreatePolicy/RiskDetails/ContentSumInsure' is cleared

2019-04-05 15:56:16 - [MESSAGE][PASSED] - Text of object 'Object Repository/TC-CreatePolicy/RiskDetails/ContentSumInsure' is cleared

2019-04-05 15:56:16 - [TEST_STEP][PASSED] - setText(findTestObject("TC-CreatePolicy/RiskDetails/ContentSumInsure"), "2000"): Text '2000' is set on object 'Object Repository/TC-CreatePolicy/RiskDetails/ContentSumInsure'

2019-04-05 15:56:16 - [MESSAGE][PASSED] - Text '2000' is set on object 'Object Repository/TC-CreatePolicy/RiskDetails/ContentSumInsure'

2019-04-05 15:56:16 - [TEST_STEP][PASSED] - click(findTestObject("TC03-MTA/MTASaveButton")): Object: 'Object Repository/TC03-MTA/MTASaveButton' is clicked on

2019-04-05 15:56:25 - [MESSAGE][PASSED] - Object: 'Object Repository/TC03-MTA/MTASaveButton' is clicked on

2019-04-05 15:56:25 - [TEST_STEP][PASSED] - waitForJQueryLoad(5): jQuery is ready.

2019-04-05 15:56:26 - [MESSAGE][PASSED] - jQuery is ready.

2019-04-05 15:56:26 - [TEST_STEP][PASSED] - delay(5): Delayed 5 second(s)

2019-04-05 15:56:31 - [MESSAGE][PASSED] - Delayed 5 second(s)

2019-04-05 15:56:31 - [TEST_STEP][PASSED] - APRPValue = getAttribute(findTestObject("TC03-MTA/APandRPValue"), "value"): Attribute 'value' of object 'Object Repository/TC03-MTA/APandRPValue' is: '330.00'

2019-04-05 15:56:31 - [MESSAGE][PASSED] - Attribute 'value' of object 'Object Repository/TC03-MTA/APandRPValue' is: '330.00'

2019-04-05 15:56:31 - [TEST_STEP][PASSED] - out.println(APRPValue): null

2019-04-05 15:56:31 - [TEST_STEP][NOT_RUN] - click(findTestObject("TC03-MTA/EmailQuoteButtonClick")): NOT_RUN: click(findTestObject("TC03-MTA/EmailQuoteButtonClick"))

2019-04-05 15:56:31 - [MESSAGE][NOT_RUN] - NOT_RUN: click(findTestObject("TC03-MTA/EmailQuoteButtonClick"))

2019-04-05 15:56:31 - [TEST_STEP][NOT_RUN] - delay(5): NOT_RUN: delay(5)

2019-04-05 15:56:31 - [MESSAGE][NOT_RUN] - NOT_RUN: delay(5)

2019-04-05 15:56:31 - [TEST_STEP][PASSED] - click(findTestObject("TC03-MTA/Complete")): Object: 'Object Repository/TC03-MTA/Complete' is clicked on

2019-04-05 15:56:33 - [MESSAGE][PASSED] - Object: 'Object Repository/TC03-MTA/Complete' is clicked on

2019-04-05 15:56:33 - [TEST_STEP][PASSED] - delay(5): Delayed 5 second(s)

2019-04-05 15:56:38 - [MESSAGE][PASSED] - Delayed 5 second(s)

2019-04-05 15:56:38 - [TEST_STEP][PASSED] - click(findTestObject("TC-CreatePolicy/PaymentDetails/PaymentMethods")): Object: 'Object Repository/TC-CreatePolicy/PaymentDetails/PaymentMethods' is clicked on

2019-04-05 15:56:38 - [MESSAGE][PASSED] - Object: 'Object Repository/TC-CreatePolicy/PaymentDetails/PaymentMethods' is clicked on

2019-04-05 15:56:38 - [TEST_STEP][PASSED] - selectOptionByLabel(findTestObject("TC-CreatePolicy/PaymentDetails/SelectNoOfInstallment"), "1", false): All options with label '1' are selected in object 'Object Repository/TC-CreatePolicy/PaymentDetails/SelectNoOfInstallment' 

2019-04-05 15:56:38 - [MESSAGE][PASSED] - All options with label '1' are selected in object 'Object Repository/TC-CreatePolicy/PaymentDetails/SelectNoOfInstallment' 

2019-04-05 15:56:38 - [TEST_STEP][PASSED] - delay(5, STOP_ON_FAILURE): Delayed 5 second(s)

2019-04-05 15:56:43 - [MESSAGE][PASSED] - Delayed 5 second(s)

2019-04-05 15:56:43 - [TEST_STEP][PASSED] - click(findTestObject("TC-CreatePolicy/PaymentDetails/ConfirmPaymentType")): Object: 'Object Repository/TC-CreatePolicy/PaymentDetails/ConfirmPaymentType' is clicked on

2019-04-05 15:56:43 - [MESSAGE][PASSED] - Object: 'Object Repository/TC-CreatePolicy/PaymentDetails/ConfirmPaymentType' is clicked on

2019-04-05 15:56:43 - [TEST_STEP][PASSED] - waitForJQueryLoad(5): jQuery is ready.

2019-04-05 15:56:43 - [MESSAGE][PASSED] - jQuery is ready.

2019-04-05 15:56:43 - [TEST_STEP][PASSED] - delay(3): Delayed 3 second(s)

2019-04-05 15:56:46 - [MESSAGE][PASSED] - Delayed 3 second(s)

2019-04-05 15:56:46 - [TEST_STEP][PASSED] - setText(findTestObject("TC-CreatePolicy/PaymentDetails/EmailText"), "dipak.das@mailinator.com"): Text 'dipak.das@mailinator.com' is set on object 'Object Repository/TC-CreatePolicy/PaymentDetails/EmailText'

2019-04-05 15:56:46 - [MESSAGE][PASSED] - Text 'dipak.das@mailinator.com' is set on object 'Object Repository/TC-CreatePolicy/PaymentDetails/EmailText'

2019-04-05 15:56:46 - [TEST_STEP][PASSED] - scrollToElement(findTestObject("TC03-MTA/SendEmail"), 5): Scroll to object 'Object Repository/TC03-MTA/SendEmail' successfully

2019-04-05 15:56:46 - [MESSAGE][PASSED] - Scroll to object 'Object Repository/TC03-MTA/SendEmail' successfully

2019-04-05 15:56:46 - [TEST_STEP][PASSED] - delay(4): Delayed 4 second(s)

2019-04-05 15:56:50 - [MESSAGE][PASSED] - Delayed 4 second(s)

2019-04-05 15:56:50 - [TEST_STEP][PASSED] - click(findTestObject("TC03-MTA/SendEmail")): Object: 'Object Repository/TC03-MTA/SendEmail' is clicked on

2019-04-05 15:56:50 - [MESSAGE][PASSED] - Object: 'Object Repository/TC03-MTA/SendEmail' is clicked on

2019-04-05 15:56:50 - [TEST_STEP][PASSED] - delay(5): Delayed 5 second(s)

2019-04-05 15:56:55 - [MESSAGE][PASSED] - Delayed 5 second(s)]]></system-out>
         <system-err><![CDATA[]]></system-err>
      </testcase>
      <testcase name="Test Cases/TC04-AccountMatching-MGA" classname="Test Cases/TC04-AccountMatching-MGA" status="PASSED">
         <system-out><![CDATA[2019-04-05 15:56:55 - [TEST_CASE][PASSED] - Test Cases/TC04-AccountMatching-MGA: Test Cases/TC04-AccountMatching-MGA

2019-04-05 15:56:56 - [TEST_STEP][PASSED] - delay(3): Delayed 3 second(s)

2019-04-05 15:56:59 - [MESSAGE][PASSED] - Delayed 3 second(s)

2019-04-05 15:56:59 - [TEST_STEP][PASSED] - scrollToElement(findTestObject("TC04-AccountMatching-MGA/AccountManagement"), 5): Scroll to object 'Object Repository/TC04-AccountMatching-MGA/AccountManagement' successfully

2019-04-05 15:56:59 - [MESSAGE][PASSED] - Scroll to object 'Object Repository/TC04-AccountMatching-MGA/AccountManagement' successfully

2019-04-05 15:56:59 - [TEST_STEP][PASSED] - click(findTestObject("TC04-AccountMatching-MGA/AccountManagement")): Object: 'Object Repository/TC04-AccountMatching-MGA/AccountManagement' is clicked on

2019-04-05 15:56:59 - [MESSAGE][PASSED] - Object: 'Object Repository/TC04-AccountMatching-MGA/AccountManagement' is clicked on

2019-04-05 15:56:59 - [TEST_STEP][PASSED] - delay(3): Delayed 3 second(s)

2019-04-05 15:57:02 - [MESSAGE][PASSED] - Delayed 3 second(s)

2019-04-05 15:57:02 - [TEST_STEP][PASSED] - click(findTestObject("TC04-AccountMatching-MGA/AccountMatchingLink")): Object: 'Object Repository/TC04-AccountMatching-MGA/AccountMatchingLink' is clicked on

2019-04-05 15:57:03 - [MESSAGE][PASSED] - Object: 'Object Repository/TC04-AccountMatching-MGA/AccountMatchingLink' is clicked on

2019-04-05 15:57:03 - [TEST_STEP][PASSED] - delay(5): Delayed 5 second(s)

2019-04-05 15:57:08 - [MESSAGE][PASSED] - Delayed 5 second(s)

2019-04-05 15:57:08 - [TEST_STEP][PASSED] - selectOptionByLabel(findTestObject("TC04-AccountMatching-MGA/EntityType"), "MGA", false): All options with label 'MGA' are selected in object 'Object Repository/TC04-AccountMatching-MGA/EntityType' 

2019-04-05 15:57:08 - [MESSAGE][PASSED] - All options with label 'MGA' are selected in object 'Object Repository/TC04-AccountMatching-MGA/EntityType' 

2019-04-05 15:57:08 - [TEST_STEP][PASSED] - delay(3): Delayed 3 second(s)

2019-04-05 15:57:11 - [MESSAGE][PASSED] - Delayed 3 second(s)

2019-04-05 15:57:11 - [TEST_STEP][PASSED] - selectOptionByLabel(findTestObject("TC04-AccountMatching-MGA/Entity"), "NEW MGA", false): All options with label 'NEW MGA' are selected in object 'Object Repository/TC04-AccountMatching-MGA/Entity' 

2019-04-05 15:57:11 - [MESSAGE][PASSED] - All options with label 'NEW MGA' are selected in object 'Object Repository/TC04-AccountMatching-MGA/Entity' 

2019-04-05 15:57:11 - [TEST_STEP][PASSED] - click(findTestObject("TC04-AccountMatching-MGA/ClickGoButton")): Object: 'Object Repository/TC04-AccountMatching-MGA/ClickGoButton' is clicked on

2019-04-05 15:57:13 - [MESSAGE][PASSED] - Object: 'Object Repository/TC04-AccountMatching-MGA/ClickGoButton' is clicked on

2019-04-05 15:57:13 - [TEST_STEP][PASSED] - waitForJQueryLoad(5): jQuery is ready.

2019-04-05 15:57:13 - [MESSAGE][PASSED] - jQuery is ready.

2019-04-05 15:57:13 - [TEST_STEP][PASSED] - selectOptionByLabel(findTestObject("TC04-AccountMatching-MGA/SelectAccount"), "ComissionOnly -- Allocated -- NEW MGA CommAccount -- USD", false): All options with label 'ComissionOnly -- Allocated -- NEW MGA CommAccount -- USD' are selected in object 'Object Repository/TC04-AccountMatching-MGA/SelectAccount' 

2019-04-05 15:57:13 - [MESSAGE][PASSED] - All options with label 'ComissionOnly -- Allocated -- NEW MGA CommAccount -- USD' are selected in object 'Object Repository/TC04-AccountMatching-MGA/SelectAccount' 

2019-04-05 15:57:13 - [TEST_STEP][PASSED] - delay(5): Delayed 5 second(s)

2019-04-05 15:57:18 - [MESSAGE][PASSED] - Delayed 5 second(s)

2019-04-05 15:57:18 - [TEST_STEP][PASSED] - setText(findTestObject("TC04-AccountMatching-MGA/Acc_Matching_PolicyNo_TextBox"), PolicyNo_Global): Text '' is set on object 'Object Repository/TC04-AccountMatching-MGA/Acc_Matching_PolicyNo_TextBox'

2019-04-05 15:57:19 - [MESSAGE][PASSED] - Text '' is set on object 'Object Repository/TC04-AccountMatching-MGA/Acc_Matching_PolicyNo_TextBox'

2019-04-05 15:57:19 - [TEST_STEP][PASSED] - sendKeys(findTestObject("TC04-AccountMatching-MGA/Acc_Matching_PolicyNo_TextBox"), Keys.chord(ENTER)): Keys 'ENTER + ' sent to object: 'Object Repository/TC04-AccountMatching-MGA/Acc_Matching_PolicyNo_TextBox'

2019-04-05 15:57:19 - [MESSAGE][PASSED] - Keys 'ENTER + ' sent to object: 'Object Repository/TC04-AccountMatching-MGA/Acc_Matching_PolicyNo_TextBox'

2019-04-05 15:57:19 - [TEST_STEP][PASSED] - delay(5): Delayed 5 second(s)

2019-04-05 15:57:24 - [MESSAGE][PASSED] - Delayed 5 second(s)]]></system-out>
         <system-err><![CDATA[]]></system-err>
      </testcase>
      <system-out><![CDATA[2019-04-05 15:53:47 - [TEST_SUITE][PASSED] - PolicyCreation: Test Cases/TC04-AccountMatching-MGA]]></system-out>
      <system-err><![CDATA[]]></system-err>
   </testsuite>
</testsuites>
