<?xml version="1.0" encoding="UTF-8"?>
<testsuites name="PolicyCreation" time="103" tests="3" failures="0" errors="0">
   <testsuite name="PolicyCreation" tests="3" failures="0" errors="0" time="103" timestamp="2019-04-12 15:47:07" hostname="dipak - DIPAKDAS-PC.indusnettechnologies.com" id="Test Suites/CreatePolicy/PolicyCreation">
      <properties>
         <property name="deviceName" value=""/>
         <property name="devicePlatform" value=""/>
         <property name="logFolder" value="E:\\MarkitCore\\CoreApplication\\Reports\\CreatePolicy\\PolicyCreation\\20190412_154705"/>
         <property name="logFiles" value="E:\\MarkitCore\\CoreApplication\\Reports\\CreatePolicy\\PolicyCreation\\20190412_154705\\execution0.log"/>
         <property name="attachments" value=""/>
         <property name="hostName" value="dipak - DIPAKDAS-PC.indusnettechnologies.com"/>
         <property name="os" value="Windows 7 32bit"/>
         <property name="katalonVersion" value="6.0.5.4"/>
         <property name="browser" value="Chrome 73.0.3683.103"/>
         <property name="hostAddress" value="10.0.12.237"/>
         <property name="sessionId" value="c5c392ce150929dd14d15c9d45bf8e3e"/>
         <property name="seleniumVersion" value="3.7.1"/>
         <property name="proxyInformation" value="ProxyInformation{proxyOption=NO_PROXY, proxyServerType=HTTP, password=, proxyServerAddress=, proxyServerPort=0}"/>
         <property name="platform" value="Windows 7"/>
      </properties>
      <testcase name="Test Cases/TC01-LoginApplication" classname="Test Cases/TC01-LoginApplication" status="PASSED">
         <system-out><![CDATA[2019-04-12 15:47:23 - [TEST_CASE][PASSED] - Test Cases/TC01-LoginApplication: Test Cases/TC01-LoginApplication

2019-04-12 15:47:24 - [TEST_STEP][NOT_RUN] - openBrowser(""): NOT_RUN: openBrowser("")

2019-04-12 15:47:24 - [MESSAGE][NOT_RUN] - NOT_RUN: openBrowser("")

2019-04-12 15:47:24 - [TEST_STEP][NOT_RUN] - navigateToUrl("https://dev.offshoresoftwaresolutions.net/markit_coreV2/Sites/CoreTest/login/admin_display"): NOT_RUN: navigateToUrl("https://dev.offshoresoftwaresolutions.net/markit_coreV2/Sites/CoreTest/login/admin_display")

2019-04-12 15:47:24 - [MESSAGE][NOT_RUN] - NOT_RUN: navigateToUrl("https://dev.offshoresoftwaresolutions.net/markit_coreV2/Sites/CoreTest/login/admin_display")

2019-04-12 15:47:24 - [TEST_STEP][PASSED] - setText(findTestObject("Object Repository/TC-LoginApplication/Page_Markit core new  Login/input_Login to your account_username"), "dDasTester"): Text 'dDasTester' is set on object 'Object Repository/TC-LoginApplication/Page_Markit core new  Login/input_Login to your account_username'

2019-04-12 15:47:24 - [MESSAGE][PASSED] - Text 'dDasTester' is set on object 'Object Repository/TC-LoginApplication/Page_Markit core new  Login/input_Login to your account_username'

2019-04-12 15:47:24 - [TEST_STEP][PASSED] - setText(findTestObject("Object Repository/TC-LoginApplication/Page_Markit core new  Login/input_Login to your account_password"), "Czybm6R*"): Text 'Czybm6R*' is set on object 'Object Repository/TC-LoginApplication/Page_Markit core new  Login/input_Login to your account_password'

2019-04-12 15:47:24 - [MESSAGE][PASSED] - Text 'Czybm6R*' is set on object 'Object Repository/TC-LoginApplication/Page_Markit core new  Login/input_Login to your account_password'

2019-04-12 15:47:24 - [TEST_STEP][PASSED] - delay(4, STOP_ON_FAILURE): Delayed 4 second(s)

2019-04-12 15:47:28 - [MESSAGE][PASSED] - Delayed 4 second(s)

2019-04-12 15:47:28 - [TEST_STEP][NOT_RUN] - maximizeWindow(): NOT_RUN: maximizeWindow()

2019-04-12 15:47:28 - [MESSAGE][NOT_RUN] - NOT_RUN: maximizeWindow()

2019-04-12 15:47:28 - [TEST_STEP][PASSED] - click(findTestObject("Object Repository/TC-LoginApplication/Page_Markit core new  Login/button_Login")): Object: 'Object Repository/TC-LoginApplication/Page_Markit core new  Login/button_Login' is clicked on

2019-04-12 15:47:43 - [MESSAGE][PASSED] - Object: 'Object Repository/TC-LoginApplication/Page_Markit core new  Login/button_Login' is clicked on

2019-04-12 15:47:43 - [TEST_STEP][NOT_RUN] - log = new com.kms.katalon.core.logging.KeywordLogger(): NOT_RUN: log = new com.kms.katalon.core.logging.KeywordLogger()

2019-04-12 15:47:43 - [MESSAGE][NOT_RUN] - NOT_RUN: log = new com.kms.katalon.core.logging.KeywordLogger()

2019-04-12 15:47:43 - [TEST_STEP][NOT_RUN] - log.logInfo(“Dipak”): NOT_RUN: log.logInfo(“Dipak”)

2019-04-12 15:47:43 - [MESSAGE][NOT_RUN] - NOT_RUN: log.logInfo(“Dipak”)]]></system-out>
         <system-err><![CDATA[]]></system-err>
      </testcase>
      <testcase name="Test Cases/TC05-PaymentSection" classname="Test Cases/TC05-PaymentSection" status="PASSED">
         <system-out><![CDATA[2019-04-12 15:47:43 - [TEST_CASE][PASSED] - Test Cases/TC05-PaymentSection: Test Cases/TC05-PaymentSection

2019-04-12 15:47:43 - [TEST_STEP][PASSED] - delay(3): Delayed 3 second(s)

2019-04-12 15:47:46 - [MESSAGE][PASSED] - Delayed 3 second(s)

2019-04-12 15:47:46 - [TEST_STEP][PASSED] - scrollToElement(findTestObject("TC05-PaymentSection/Payments"), 3): Scroll to object 'Object Repository/TC05-PaymentSection/Payments' successfully

2019-04-12 15:47:46 - [MESSAGE][PASSED] - Scroll to object 'Object Repository/TC05-PaymentSection/Payments' successfully

2019-04-12 15:47:46 - [TEST_STEP][PASSED] - click(findTestObject("TC05-PaymentSection/Payments")): Object: 'Object Repository/TC05-PaymentSection/Payments' is clicked on

2019-04-12 15:47:46 - [MESSAGE][PASSED] - Object: 'Object Repository/TC05-PaymentSection/Payments' is clicked on

2019-04-12 15:47:46 - [TEST_STEP][PASSED] - delay(5): Delayed 5 second(s)

2019-04-12 15:47:51 - [MESSAGE][PASSED] - Delayed 5 second(s)

2019-04-12 15:47:51 - [TEST_STEP][PASSED] - click(findTestObject("TC05-PaymentSection/Cash and Cheque Payments")): Object: 'Object Repository/TC05-PaymentSection/Cash and Cheque Payments' is clicked on

2019-04-12 15:47:53 - [MESSAGE][PASSED] - Object: 'Object Repository/TC05-PaymentSection/Cash and Cheque Payments' is clicked on

2019-04-12 15:47:53 - [TEST_STEP][PASSED] - delay(5): Delayed 5 second(s)

2019-04-12 15:47:58 - [MESSAGE][PASSED] - Delayed 5 second(s)

2019-04-12 15:47:58 - [TEST_STEP][PASSED] - setText(findTestObject("TC05-PaymentSection/PolicyNoSearchBox"), Policy_No_Search): Text 'DASD/POLICY/002839' is set on object 'Object Repository/TC05-PaymentSection/PolicyNoSearchBox'

2019-04-12 15:47:58 - [MESSAGE][PASSED] - Text 'DASD/POLICY/002839' is set on object 'Object Repository/TC05-PaymentSection/PolicyNoSearchBox'

2019-04-12 15:47:58 - [TEST_STEP][PASSED] - sendKeys(findTestObject("TC05-PaymentSection/PolicyNoSearchBox"), Keys.chord(ENTER)): Keys 'ENTER + ' sent to object: 'Object Repository/TC05-PaymentSection/PolicyNoSearchBox'

2019-04-12 15:47:58 - [MESSAGE][PASSED] - Keys 'ENTER + ' sent to object: 'Object Repository/TC05-PaymentSection/PolicyNoSearchBox'

2019-04-12 15:47:58 - [TEST_STEP][PASSED] - delay(5): Delayed 5 second(s)

2019-04-12 15:48:03 - [MESSAGE][PASSED] - Delayed 5 second(s)

2019-04-12 15:48:03 - [TEST_STEP][PASSED] - click(findTestObject("TC05-PaymentSection/EditPaymentListing")): Object: 'Object Repository/TC05-PaymentSection/EditPaymentListing' is clicked on

2019-04-12 15:48:03 - [MESSAGE][PASSED] - Object: 'Object Repository/TC05-PaymentSection/EditPaymentListing' is clicked on

2019-04-12 15:48:03 - [TEST_STEP][PASSED] - setText(findTestObject("TC05-PaymentSection/Note"), "This is Testing Only"): Text 'This is Testing Only' is set on object 'Object Repository/TC05-PaymentSection/Note'

2019-04-12 15:48:04 - [MESSAGE][PASSED] - Text 'This is Testing Only' is set on object 'Object Repository/TC05-PaymentSection/Note'

2019-04-12 15:48:04 - [TEST_STEP][PASSED] - selectOptionByLabel(findTestObject("TC05-PaymentSection/TransactionStatus"), "Paid", false): All options with label 'Paid' are selected in object 'Object Repository/TC05-PaymentSection/TransactionStatus' 

2019-04-12 15:48:04 - [MESSAGE][PASSED] - All options with label 'Paid' are selected in object 'Object Repository/TC05-PaymentSection/TransactionStatus' 

2019-04-12 15:48:04 - [TEST_STEP][PASSED] - click(findTestObject("TC05-PaymentSection/SaveButton")): Object: 'Object Repository/TC05-PaymentSection/SaveButton' is clicked on

2019-04-12 15:48:06 - [MESSAGE][PASSED] - Object: 'Object Repository/TC05-PaymentSection/SaveButton' is clicked on

2019-04-12 15:48:06 - [TEST_STEP][PASSED] - delay(5): Delayed 5 second(s)

2019-04-12 15:48:11 - [MESSAGE][PASSED] - Delayed 5 second(s)]]></system-out>
         <system-err><![CDATA[]]></system-err>
      </testcase>
      <testcase name="Test Cases/TC04-AccountMatching-MGA" classname="Test Cases/TC04-AccountMatching-MGA" status="PASSED">
         <system-out><![CDATA[2019-04-12 15:48:11 - [TEST_CASE][PASSED] - Test Cases/TC04-AccountMatching-MGA: Test Cases/TC04-AccountMatching-MGA

2019-04-12 15:48:11 - [TEST_STEP][PASSED] - log = new com.kms.katalon.core.logging.KeywordLogger(): null

2019-04-12 15:48:11 - [TEST_STEP][PASSED] - delay(3): Delayed 3 second(s)

2019-04-12 15:48:14 - [MESSAGE][PASSED] - Delayed 3 second(s)

2019-04-12 15:48:14 - [TEST_STEP][PASSED] - scrollToElement(findTestObject("TC04-AccountMatching-MGA/AccountManagement"), 5): Scroll to object 'Object Repository/TC04-AccountMatching-MGA/AccountManagement' successfully

2019-04-12 15:48:14 - [MESSAGE][PASSED] - Scroll to object 'Object Repository/TC04-AccountMatching-MGA/AccountManagement' successfully

2019-04-12 15:48:14 - [TEST_STEP][PASSED] - click(findTestObject("TC04-AccountMatching-MGA/AccountManagement")): Object: 'Object Repository/TC04-AccountMatching-MGA/AccountManagement' is clicked on

2019-04-12 15:48:14 - [MESSAGE][PASSED] - Object: 'Object Repository/TC04-AccountMatching-MGA/AccountManagement' is clicked on

2019-04-12 15:48:14 - [TEST_STEP][NOT_RUN] - delay(5): NOT_RUN: delay(5)

2019-04-12 15:48:14 - [MESSAGE][NOT_RUN] - NOT_RUN: delay(5)

2019-04-12 15:48:14 - [TEST_STEP][PASSED] - waitForElementVisible(findTestObject("TC04-AccountMatching-MGA/AccountMatchingLink"), 4): Object 'Object Repository/TC04-AccountMatching-MGA/AccountMatchingLink' is visible

2019-04-12 15:48:15 - [MESSAGE][PASSED] - Object 'Object Repository/TC04-AccountMatching-MGA/AccountMatchingLink' is visible

2019-04-12 15:48:15 - [TEST_STEP][PASSED] - click(findTestObject("TC04-AccountMatching-MGA/AccountMatchingLink")): Object: 'Object Repository/TC04-AccountMatching-MGA/AccountMatchingLink' is clicked on

2019-04-12 15:48:16 - [MESSAGE][PASSED] - Object: 'Object Repository/TC04-AccountMatching-MGA/AccountMatchingLink' is clicked on

2019-04-12 15:48:16 - [TEST_STEP][PASSED] - delay(5): Delayed 5 second(s)

2019-04-12 15:48:21 - [MESSAGE][PASSED] - Delayed 5 second(s)

2019-04-12 15:48:21 - [TEST_STEP][PASSED] - selectOptionByLabel(findTestObject("TC04-AccountMatching-MGA/EntityType"), "MGA", false): All options with label 'MGA' are selected in object 'Object Repository/TC04-AccountMatching-MGA/EntityType' 

2019-04-12 15:48:21 - [MESSAGE][PASSED] - All options with label 'MGA' are selected in object 'Object Repository/TC04-AccountMatching-MGA/EntityType' 

2019-04-12 15:48:21 - [TEST_STEP][PASSED] - delay(5): Delayed 5 second(s)

2019-04-12 15:48:26 - [MESSAGE][PASSED] - Delayed 5 second(s)

2019-04-12 15:48:26 - [TEST_STEP][PASSED] - selectOptionByLabel(findTestObject("TC04-AccountMatching-MGA/Entity"), "NEW MGA", false): All options with label 'NEW MGA' are selected in object 'Object Repository/TC04-AccountMatching-MGA/Entity' 

2019-04-12 15:48:27 - [MESSAGE][PASSED] - All options with label 'NEW MGA' are selected in object 'Object Repository/TC04-AccountMatching-MGA/Entity' 

2019-04-12 15:48:27 - [TEST_STEP][PASSED] - waitForElementClickable(findTestObject("TC04-AccountMatching-MGA/ClickGoButton"), 5): Object 'Object Repository/TC04-AccountMatching-MGA/ClickGoButton' is clickable

2019-04-12 15:48:27 - [MESSAGE][PASSED] - Object 'Object Repository/TC04-AccountMatching-MGA/ClickGoButton' is clickable

2019-04-12 15:48:27 - [TEST_STEP][PASSED] - click(findTestObject("TC04-AccountMatching-MGA/ClickGoButton")): Object: 'Object Repository/TC04-AccountMatching-MGA/ClickGoButton' is clicked on

2019-04-12 15:48:28 - [MESSAGE][PASSED] - Object: 'Object Repository/TC04-AccountMatching-MGA/ClickGoButton' is clicked on

2019-04-12 15:48:28 - [TEST_STEP][PASSED] - waitForJQueryLoad(5): jQuery is ready.

2019-04-12 15:48:29 - [MESSAGE][PASSED] - jQuery is ready.

2019-04-12 15:48:29 - [TEST_STEP][PASSED] - selectOptionByLabel(findTestObject("TC04-AccountMatching-MGA/SelectAccount"), "ComissionOnly -- Allocated -- NEW MGA CommAccount -- USD", false): All options with label 'ComissionOnly -- Allocated -- NEW MGA CommAccount -- USD' are selected in object 'Object Repository/TC04-AccountMatching-MGA/SelectAccount' 

2019-04-12 15:48:29 - [MESSAGE][PASSED] - All options with label 'ComissionOnly -- Allocated -- NEW MGA CommAccount -- USD' are selected in object 'Object Repository/TC04-AccountMatching-MGA/SelectAccount' 

2019-04-12 15:48:29 - [TEST_STEP][PASSED] - delay(5): Delayed 5 second(s)

2019-04-12 15:48:34 - [MESSAGE][PASSED] - Delayed 5 second(s)

2019-04-12 15:48:34 - [TEST_STEP][PASSED] - setText(findTestObject("TC04-AccountMatching-MGA/Acc_Matching_PolicyNo_TextBox"), MTA_Policy_No): Text 'DASD/POLICY/002839' is set on object 'Object Repository/TC04-AccountMatching-MGA/Acc_Matching_PolicyNo_TextBox'

2019-04-12 15:48:35 - [MESSAGE][PASSED] - Text 'DASD/POLICY/002839' is set on object 'Object Repository/TC04-AccountMatching-MGA/Acc_Matching_PolicyNo_TextBox'

2019-04-12 15:48:35 - [TEST_STEP][PASSED] - sendKeys(findTestObject("TC04-AccountMatching-MGA/Acc_Matching_PolicyNo_TextBox"), Keys.chord(ENTER)): Keys 'ENTER + ' sent to object: 'Object Repository/TC04-AccountMatching-MGA/Acc_Matching_PolicyNo_TextBox'

2019-04-12 15:48:35 - [MESSAGE][PASSED] - Keys 'ENTER + ' sent to object: 'Object Repository/TC04-AccountMatching-MGA/Acc_Matching_PolicyNo_TextBox'

2019-04-12 15:48:35 - [TEST_STEP][PASSED] - delay(5): Delayed 5 second(s)

2019-04-12 15:48:40 - [MESSAGE][PASSED] - Delayed 5 second(s)

2019-04-12 15:48:40 - [TEST_STEP][PASSED] - waitForElementClickable(findTestObject("TC04-AccountMatching-MGA/CheckBox"), 5): Object 'Object Repository/TC04-AccountMatching-MGA/CheckBox' is clickable

2019-04-12 15:48:40 - [MESSAGE][PASSED] - Object 'Object Repository/TC04-AccountMatching-MGA/CheckBox' is clickable

2019-04-12 15:48:40 - [TEST_STEP][PASSED] - click(findTestObject("TC04-AccountMatching-MGA/CheckBox")): Object: 'Object Repository/TC04-AccountMatching-MGA/CheckBox' is clicked on

2019-04-12 15:48:40 - [MESSAGE][PASSED] - Object: 'Object Repository/TC04-AccountMatching-MGA/CheckBox' is clicked on

2019-04-12 15:48:40 - [TEST_STEP][PASSED] - delay(4): Delayed 4 second(s)

2019-04-12 15:48:44 - [MESSAGE][PASSED] - Delayed 4 second(s)

2019-04-12 15:48:44 - [TEST_STEP][PASSED] - MGA_Comission_Amount = getText(findTestObject("TC04-AccountMatching-MGA/MGA_Amount")): Text of object 'Object Repository/TC04-AccountMatching-MGA/MGA_Amount' is: 'USD 145.50'

2019-04-12 15:48:44 - [MESSAGE][PASSED] - Text of object 'Object Repository/TC04-AccountMatching-MGA/MGA_Amount' is: 'USD 145.50'

2019-04-12 15:48:44 - [TEST_STEP][PASSED] - scrollToElement(findTestObject("TC04-AccountMatching-MGA/PAYFULL"), 5): Scroll to object 'Object Repository/TC04-AccountMatching-MGA/PAYFULL' successfully

2019-04-12 15:48:44 - [MESSAGE][PASSED] - Scroll to object 'Object Repository/TC04-AccountMatching-MGA/PAYFULL' successfully

2019-04-12 15:48:44 - [TEST_STEP][PASSED] - setText(findTestObject("TC04-AccountMatching-MGA/PAYFULL"), MGA_Comission_Amount): Text 'USD 145.50' is set on object 'Object Repository/TC04-AccountMatching-MGA/PAYFULL'

2019-04-12 15:48:44 - [MESSAGE][PASSED] - Text 'USD 145.50' is set on object 'Object Repository/TC04-AccountMatching-MGA/PAYFULL'

2019-04-12 15:48:44 - [TEST_STEP][PASSED] - click(findTestObject("TC04-AccountMatching-MGA/MatchAmount")): Object: 'Object Repository/TC04-AccountMatching-MGA/MatchAmount' is clicked on

2019-04-12 15:48:44 - [MESSAGE][PASSED] - Object: 'Object Repository/TC04-AccountMatching-MGA/MatchAmount' is clicked on

2019-04-12 15:48:44 - [TEST_STEP][PASSED] - delay(5): Delayed 5 second(s)

2019-04-12 15:48:49 - [MESSAGE][PASSED] - Delayed 5 second(s)

2019-04-12 15:48:49 - [TEST_STEP][PASSED] - com.excel.helper.ExcelHelper.updateTheExcel("E:\MarkitCore\CoreApplication\Data Files\TestData\Comission.xlsx", "Sheet1", MGA_Comission_Amount): com.excel.helper.ExcelHelper.updateTheExcel is PASSED

2019-04-12 15:48:50 - [MESSAGE][PASSED] - com.excel.helper.ExcelHelper.updateTheExcel is PASSED

2019-04-12 15:48:50 - [TEST_STEP][PASSED] - log.logInfo(MGA_Comission_Amount): USD 145.50

2019-04-12 15:48:50 - [MESSAGE][INFO] - USD 145.50]]></system-out>
         <system-err><![CDATA[]]></system-err>
      </testcase>
      <system-out><![CDATA[2019-04-12 15:47:07 - [TEST_SUITE][PASSED] - PolicyCreation: Test Cases/TC04-AccountMatching-MGA]]></system-out>
      <system-err><![CDATA[]]></system-err>
   </testsuite>
</testsuites>
