<?xml version="1.0" encoding="UTF-8"?>
<testsuites name="PolicyCreation" time="79" tests="2" failures="0" errors="0">
   <testsuite name="PolicyCreation" tests="2" failures="0" errors="0" time="79" timestamp="2019-04-05 11:58:28" hostname="dipak - DIPAKDAS-PC.indusnettechnologies.com" id="Test Suites/CreatePolicy/PolicyCreation">
      <properties>
         <property name="deviceName" value=""/>
         <property name="devicePlatform" value=""/>
         <property name="logFolder" value="E:\\MarkitCore\\CoreApplication\\Reports\\CreatePolicy\\PolicyCreation\\20190405_115826"/>
         <property name="logFiles" value="E:\\MarkitCore\\CoreApplication\\Reports\\CreatePolicy\\PolicyCreation\\20190405_115826\\execution0.log"/>
         <property name="attachments" value=""/>
         <property name="hostName" value="dipak - DIPAKDAS-PC.indusnettechnologies.com"/>
         <property name="os" value="Windows 7 32bit"/>
         <property name="katalonVersion" value="6.0.5.4"/>
         <property name="browser" value="Chrome 73.0.3683.86"/>
         <property name="hostAddress" value="10.0.12.237"/>
         <property name="sessionId" value="d6c7f1b5421ef1a96761adb37f4786eb"/>
         <property name="seleniumVersion" value="3.7.1"/>
         <property name="proxyInformation" value="ProxyInformation{proxyOption=NO_PROXY, proxyServerType=HTTP, password=, proxyServerAddress=, proxyServerPort=0}"/>
         <property name="platform" value="Windows 7"/>
      </properties>
      <testcase name="Test Cases/TC01-LoginApplication" classname="Test Cases/TC01-LoginApplication" status="PASSED">
         <system-out><![CDATA[2019-04-05 11:58:36 - [TEST_CASE][PASSED] - Test Cases/TC01-LoginApplication: Test Cases/TC01-LoginApplication

2019-04-05 11:58:37 - [TEST_STEP][NOT_RUN] - openBrowser(""): NOT_RUN: openBrowser("")

2019-04-05 11:58:37 - [MESSAGE][NOT_RUN] - NOT_RUN: openBrowser("")

2019-04-05 11:58:37 - [TEST_STEP][NOT_RUN] - navigateToUrl("https://dev.offshoresoftwaresolutions.net/markit_coreV2/Sites/CoreTest/login/admin_display"): NOT_RUN: navigateToUrl("https://dev.offshoresoftwaresolutions.net/markit_coreV2/Sites/CoreTest/login/admin_display")

2019-04-05 11:58:37 - [MESSAGE][NOT_RUN] - NOT_RUN: navigateToUrl("https://dev.offshoresoftwaresolutions.net/markit_coreV2/Sites/CoreTest/login/admin_display")

2019-04-05 11:58:37 - [TEST_STEP][PASSED] - setText(findTestObject("Object Repository/TC-LoginApplication/Page_Markit core new  Login/input_Login to your account_username"), "dDasTester"): Text 'dDasTester' is set on object 'Object Repository/TC-LoginApplication/Page_Markit core new  Login/input_Login to your account_username'

2019-04-05 11:58:37 - [MESSAGE][PASSED] - Text 'dDasTester' is set on object 'Object Repository/TC-LoginApplication/Page_Markit core new  Login/input_Login to your account_username'

2019-04-05 11:58:37 - [TEST_STEP][PASSED] - setText(findTestObject("Object Repository/TC-LoginApplication/Page_Markit core new  Login/input_Login to your account_password"), "Czybm6R*"): Text 'Czybm6R*' is set on object 'Object Repository/TC-LoginApplication/Page_Markit core new  Login/input_Login to your account_password'

2019-04-05 11:58:37 - [MESSAGE][PASSED] - Text 'Czybm6R*' is set on object 'Object Repository/TC-LoginApplication/Page_Markit core new  Login/input_Login to your account_password'

2019-04-05 11:58:37 - [TEST_STEP][PASSED] - delay(4, STOP_ON_FAILURE): Delayed 4 second(s)

2019-04-05 11:58:41 - [MESSAGE][PASSED] - Delayed 4 second(s)

2019-04-05 11:58:41 - [TEST_STEP][NOT_RUN] - maximizeWindow(): NOT_RUN: maximizeWindow()

2019-04-05 11:58:41 - [MESSAGE][NOT_RUN] - NOT_RUN: maximizeWindow()

2019-04-05 11:58:41 - [TEST_STEP][PASSED] - click(findTestObject("Object Repository/TC-LoginApplication/Page_Markit core new  Login/button_Login")): Object: 'Object Repository/TC-LoginApplication/Page_Markit core new  Login/button_Login' is clicked on

2019-04-05 11:58:46 - [MESSAGE][PASSED] - Object: 'Object Repository/TC-LoginApplication/Page_Markit core new  Login/button_Login' is clicked on]]></system-out>
         <system-err><![CDATA[]]></system-err>
      </testcase>
      <testcase name="Test Cases/TC03-MTA" classname="Test Cases/TC03-MTA" status="PASSED">
         <system-out><![CDATA[2019-04-05 11:58:46 - [TEST_CASE][PASSED] - Test Cases/TC03-MTA: Test Cases/TC03-MTA

2019-04-05 11:58:46 - [TEST_STEP][PASSED] - waitForJQueryLoad(5): jQuery is ready.

2019-04-05 11:58:47 - [MESSAGE][PASSED] - jQuery is ready.

2019-04-05 11:58:47 - [TEST_STEP][PASSED] - click(findTestObject("TC03-MTA/PolicyRecord")): Object: 'Object Repository/TC03-MTA/PolicyRecord' is clicked on

2019-04-05 11:58:48 - [MESSAGE][PASSED] - Object: 'Object Repository/TC03-MTA/PolicyRecord' is clicked on

2019-04-05 11:58:48 - [TEST_STEP][PASSED] - waitForJQueryLoad(5): jQuery is ready.

2019-04-05 11:58:49 - [MESSAGE][PASSED] - jQuery is ready.

2019-04-05 11:58:49 - [TEST_STEP][PASSED] - setText(findTestObject("TC03-MTA/SearchFields"), "DASD/POLICY/002607"): Text 'DASD/POLICY/002607' is set on object 'Object Repository/TC03-MTA/SearchFields'

2019-04-05 11:58:49 - [MESSAGE][PASSED] - Text 'DASD/POLICY/002607' is set on object 'Object Repository/TC03-MTA/SearchFields'

2019-04-05 11:58:49 - [TEST_STEP][PASSED] - sendKeys(findTestObject("TC03-MTA/SearchFields"), Keys.chord(ENTER)): Keys 'ENTER + ' sent to object: 'Object Repository/TC03-MTA/SearchFields'

2019-04-05 11:58:49 - [MESSAGE][PASSED] - Keys 'ENTER + ' sent to object: 'Object Repository/TC03-MTA/SearchFields'

2019-04-05 11:58:49 - [TEST_STEP][PASSED] - delay(5): Delayed 5 second(s)

2019-04-05 11:58:54 - [MESSAGE][PASSED] - Delayed 5 second(s)

2019-04-05 11:58:54 - [TEST_STEP][PASSED] - click(findTestObject("TC03-MTA/ClickEdit")): Object: 'Object Repository/TC03-MTA/ClickEdit' is clicked on

2019-04-05 11:58:56 - [MESSAGE][PASSED] - Object: 'Object Repository/TC03-MTA/ClickEdit' is clicked on

2019-04-05 11:58:56 - [TEST_STEP][PASSED] - delay(2): Delayed 2 second(s)

2019-04-05 11:58:58 - [MESSAGE][PASSED] - Delayed 2 second(s)

2019-04-05 11:58:58 - [TEST_STEP][PASSED] - click(findTestObject("TC03-MTA/MTA TAB")): Object: 'Object Repository/TC03-MTA/MTA TAB' is clicked on

2019-04-05 11:58:59 - [MESSAGE][PASSED] - Object: 'Object Repository/TC03-MTA/MTA TAB' is clicked on

2019-04-05 11:58:59 - [TEST_STEP][PASSED] - waitForJQueryLoad(5): jQuery is ready.

2019-04-05 11:59:00 - [MESSAGE][PASSED] - jQuery is ready.

2019-04-05 11:59:00 - [TEST_STEP][PASSED] - click(findTestObject("TC03-MTA/GO BUTTON")): Object: 'Object Repository/TC03-MTA/GO BUTTON' is clicked on

2019-04-05 11:59:05 - [MESSAGE][PASSED] - Object: 'Object Repository/TC03-MTA/GO BUTTON' is clicked on

2019-04-05 11:59:05 - [TEST_STEP][PASSED] - waitForJQueryLoad(5): jQuery is ready.

2019-04-05 11:59:06 - [MESSAGE][PASSED] - jQuery is ready.

2019-04-05 11:59:06 - [TEST_STEP][PASSED] - selectOptionByLabel(findTestObject("TC03-MTA/MTA Resons Type"), "Reason Description MTA", false): All options with label 'Reason Description MTA' are selected in object 'Object Repository/TC03-MTA/MTA Resons Type' 

2019-04-05 11:59:06 - [MESSAGE][PASSED] - All options with label 'Reason Description MTA' are selected in object 'Object Repository/TC03-MTA/MTA Resons Type' 

2019-04-05 11:59:06 - [TEST_STEP][PASSED] - setText(findTestObject("TC03-MTA/MTAReasonTextArea"), "Only For Testing Purpose."): Text 'Only For Testing Purpose.' is set on object 'Object Repository/TC03-MTA/MTAReasonTextArea'

2019-04-05 11:59:06 - [MESSAGE][PASSED] - Text 'Only For Testing Purpose.' is set on object 'Object Repository/TC03-MTA/MTAReasonTextArea'

2019-04-05 11:59:06 - [TEST_STEP][PASSED] - delay(5): Delayed 5 second(s)

2019-04-05 11:59:11 - [MESSAGE][PASSED] - Delayed 5 second(s)

2019-04-05 11:59:11 - [TEST_STEP][PASSED] - click(findTestObject("TC03-MTA/MTAResonsSaveButton")): Object: 'Object Repository/TC03-MTA/MTAResonsSaveButton' is clicked on

2019-04-05 11:59:13 - [MESSAGE][PASSED] - Object: 'Object Repository/TC03-MTA/MTAResonsSaveButton' is clicked on

2019-04-05 11:59:13 - [TEST_STEP][PASSED] - delay(4): Delayed 4 second(s)

2019-04-05 11:59:17 - [MESSAGE][PASSED] - Delayed 4 second(s)

2019-04-05 11:59:17 - [TEST_STEP][PASSED] - click(findTestObject("TC03-MTA/EditRiskItemListing")): Object: 'Object Repository/TC03-MTA/EditRiskItemListing' is clicked on

2019-04-05 11:59:19 - [MESSAGE][PASSED] - Object: 'Object Repository/TC03-MTA/EditRiskItemListing' is clicked on

2019-04-05 11:59:19 - [TEST_STEP][PASSED] - selectOptionByLabel(findTestObject("TC-CreatePolicy/RiskDetails/Type"), "Duplex", false): All options with label 'Duplex' are selected in object 'Object Repository/TC-CreatePolicy/RiskDetails/Type' 

2019-04-05 11:59:20 - [MESSAGE][PASSED] - All options with label 'Duplex' are selected in object 'Object Repository/TC-CreatePolicy/RiskDetails/Type' 

2019-04-05 11:59:20 - [TEST_STEP][PASSED] - clearText(findTestObject("TC-CreatePolicy/RiskDetails/SumInsurreTextBox")): Text of object 'Object Repository/TC-CreatePolicy/RiskDetails/SumInsurreTextBox' is cleared

2019-04-05 11:59:20 - [MESSAGE][PASSED] - Text of object 'Object Repository/TC-CreatePolicy/RiskDetails/SumInsurreTextBox' is cleared

2019-04-05 11:59:20 - [TEST_STEP][PASSED] - setText(findTestObject("TC-CreatePolicy/RiskDetails/SumInsurreTextBox"), "3000"): Text '3000' is set on object 'Object Repository/TC-CreatePolicy/RiskDetails/SumInsurreTextBox'

2019-04-05 11:59:20 - [MESSAGE][PASSED] - Text '3000' is set on object 'Object Repository/TC-CreatePolicy/RiskDetails/SumInsurreTextBox'

2019-04-05 11:59:20 - [TEST_STEP][PASSED] - clearText(findTestObject("TC-CreatePolicy/RiskDetails/RoomNo")): Text of object 'Object Repository/TC-CreatePolicy/RiskDetails/RoomNo' is cleared

2019-04-05 11:59:20 - [MESSAGE][PASSED] - Text of object 'Object Repository/TC-CreatePolicy/RiskDetails/RoomNo' is cleared

2019-04-05 11:59:20 - [TEST_STEP][PASSED] - setText(findTestObject("TC-CreatePolicy/RiskDetails/RoomNo"), "2"): Text '2' is set on object 'Object Repository/TC-CreatePolicy/RiskDetails/RoomNo'

2019-04-05 11:59:20 - [MESSAGE][PASSED] - Text '2' is set on object 'Object Repository/TC-CreatePolicy/RiskDetails/RoomNo'

2019-04-05 11:59:20 - [TEST_STEP][PASSED] - clearText(findTestObject("TC-CreatePolicy/RiskDetails/ContentSumInsure")): Text of object 'Object Repository/TC-CreatePolicy/RiskDetails/ContentSumInsure' is cleared

2019-04-05 11:59:20 - [MESSAGE][PASSED] - Text of object 'Object Repository/TC-CreatePolicy/RiskDetails/ContentSumInsure' is cleared

2019-04-05 11:59:20 - [TEST_STEP][PASSED] - setText(findTestObject("TC-CreatePolicy/RiskDetails/ContentSumInsure"), "2000"): Text '2000' is set on object 'Object Repository/TC-CreatePolicy/RiskDetails/ContentSumInsure'

2019-04-05 11:59:20 - [MESSAGE][PASSED] - Text '2000' is set on object 'Object Repository/TC-CreatePolicy/RiskDetails/ContentSumInsure'

2019-04-05 11:59:20 - [TEST_STEP][PASSED] - click(findTestObject("TC03-MTA/MTASaveButton")): Object: 'Object Repository/TC03-MTA/MTASaveButton' is clicked on

2019-04-05 11:59:32 - [MESSAGE][PASSED] - Object: 'Object Repository/TC03-MTA/MTASaveButton' is clicked on

2019-04-05 11:59:32 - [TEST_STEP][PASSED] - waitForJQueryLoad(5): jQuery is ready.

2019-04-05 11:59:34 - [MESSAGE][PASSED] - jQuery is ready.

2019-04-05 11:59:34 - [TEST_STEP][PASSED] - delay(5): Delayed 5 second(s)

2019-04-05 11:59:39 - [MESSAGE][PASSED] - Delayed 5 second(s)

2019-04-05 11:59:39 - [TEST_STEP][PASSED] - APRPValue = getText(findTestObject("TC03-MTA/APandRPValue")): Text of object 'Object Repository/TC03-MTA/APandRPValue' is: ''

2019-04-05 11:59:39 - [MESSAGE][PASSED] - Text of object 'Object Repository/TC03-MTA/APandRPValue' is: ''

2019-04-05 11:59:39 - [TEST_STEP][PASSED] - printf("The APRP Value is :" + APRPValue): null

2019-04-05 11:59:39 - [TEST_STEP][NOT_RUN] - click(findTestObject("TC03-MTA/EmailQuoteButtonClick")): NOT_RUN: click(findTestObject("TC03-MTA/EmailQuoteButtonClick"))

2019-04-05 11:59:39 - [MESSAGE][NOT_RUN] - NOT_RUN: click(findTestObject("TC03-MTA/EmailQuoteButtonClick"))

2019-04-05 11:59:39 - [TEST_STEP][NOT_RUN] - delay(5): NOT_RUN: delay(5)

2019-04-05 11:59:39 - [MESSAGE][NOT_RUN] - NOT_RUN: delay(5)

2019-04-05 11:59:39 - [TEST_STEP][PASSED] - click(findTestObject("TC03-MTA/Complete")): Object: 'Object Repository/TC03-MTA/Complete' is clicked on

2019-04-05 11:59:42 - [MESSAGE][PASSED] - Object: 'Object Repository/TC03-MTA/Complete' is clicked on

2019-04-05 11:59:42 - [TEST_STEP][PASSED] - delay(5): Delayed 5 second(s)

2019-04-05 11:59:47 - [MESSAGE][PASSED] - Delayed 5 second(s)]]></system-out>
         <system-err><![CDATA[]]></system-err>
      </testcase>
      <system-out><![CDATA[2019-04-05 11:58:28 - [TEST_SUITE][PASSED] - PolicyCreation: Test Cases/TC03-MTA]]></system-out>
      <system-err><![CDATA[]]></system-err>
   </testsuite>
</testsuites>
