<?xml version="1.0" encoding="UTF-8"?>
<testsuites name="PolicyCreation" time="37" tests="2" failures="0" errors="0">
   <testsuite name="PolicyCreation" tests="2" failures="0" errors="0" time="37" timestamp="2019-04-05 15:43:27" hostname="dipak - DIPAKDAS-PC.indusnettechnologies.com" id="Test Suites/CreatePolicy/PolicyCreation">
      <properties>
         <property name="deviceName" value=""/>
         <property name="devicePlatform" value=""/>
         <property name="logFolder" value="E:\\MarkitCore\\CoreApplication\\Reports\\CreatePolicy\\PolicyCreation\\20190405_154325"/>
         <property name="logFiles" value="E:\\MarkitCore\\CoreApplication\\Reports\\CreatePolicy\\PolicyCreation\\20190405_154325\\execution0.log"/>
         <property name="attachments" value=""/>
         <property name="hostName" value="dipak - DIPAKDAS-PC.indusnettechnologies.com"/>
         <property name="os" value="Windows 7 32bit"/>
         <property name="katalonVersion" value="6.0.5.4"/>
         <property name="browser" value="Chrome 73.0.3683.86"/>
         <property name="hostAddress" value="10.0.12.237"/>
         <property name="sessionId" value="957046453c2e12fb475fd4a29471c012"/>
         <property name="seleniumVersion" value="3.7.1"/>
         <property name="proxyInformation" value="ProxyInformation{proxyOption=NO_PROXY, proxyServerType=HTTP, password=, proxyServerAddress=, proxyServerPort=0}"/>
         <property name="platform" value="Windows 7"/>
      </properties>
      <testcase name="Test Cases/TC01-LoginApplication" classname="Test Cases/TC01-LoginApplication" status="PASSED">
         <system-out><![CDATA[2019-04-05 15:43:35 - [TEST_CASE][PASSED] - Test Cases/TC01-LoginApplication: Test Cases/TC01-LoginApplication

2019-04-05 15:43:35 - [TEST_STEP][NOT_RUN] - openBrowser(""): NOT_RUN: openBrowser("")

2019-04-05 15:43:35 - [MESSAGE][NOT_RUN] - NOT_RUN: openBrowser("")

2019-04-05 15:43:35 - [TEST_STEP][NOT_RUN] - navigateToUrl("https://dev.offshoresoftwaresolutions.net/markit_coreV2/Sites/CoreTest/login/admin_display"): NOT_RUN: navigateToUrl("https://dev.offshoresoftwaresolutions.net/markit_coreV2/Sites/CoreTest/login/admin_display")

2019-04-05 15:43:35 - [MESSAGE][NOT_RUN] - NOT_RUN: navigateToUrl("https://dev.offshoresoftwaresolutions.net/markit_coreV2/Sites/CoreTest/login/admin_display")

2019-04-05 15:43:35 - [TEST_STEP][PASSED] - setText(findTestObject("Object Repository/TC-LoginApplication/Page_Markit core new  Login/input_Login to your account_username"), "dDasTester"): Text 'dDasTester' is set on object 'Object Repository/TC-LoginApplication/Page_Markit core new  Login/input_Login to your account_username'

2019-04-05 15:43:36 - [MESSAGE][PASSED] - Text 'dDasTester' is set on object 'Object Repository/TC-LoginApplication/Page_Markit core new  Login/input_Login to your account_username'

2019-04-05 15:43:36 - [TEST_STEP][PASSED] - setText(findTestObject("Object Repository/TC-LoginApplication/Page_Markit core new  Login/input_Login to your account_password"), "Czybm6R*"): Text 'Czybm6R*' is set on object 'Object Repository/TC-LoginApplication/Page_Markit core new  Login/input_Login to your account_password'

2019-04-05 15:43:36 - [MESSAGE][PASSED] - Text 'Czybm6R*' is set on object 'Object Repository/TC-LoginApplication/Page_Markit core new  Login/input_Login to your account_password'

2019-04-05 15:43:36 - [TEST_STEP][PASSED] - delay(4, STOP_ON_FAILURE): Delayed 4 second(s)

2019-04-05 15:43:40 - [MESSAGE][PASSED] - Delayed 4 second(s)

2019-04-05 15:43:40 - [TEST_STEP][NOT_RUN] - maximizeWindow(): NOT_RUN: maximizeWindow()

2019-04-05 15:43:40 - [MESSAGE][NOT_RUN] - NOT_RUN: maximizeWindow()

2019-04-05 15:43:40 - [TEST_STEP][PASSED] - click(findTestObject("Object Repository/TC-LoginApplication/Page_Markit core new  Login/button_Login")): Object: 'Object Repository/TC-LoginApplication/Page_Markit core new  Login/button_Login' is clicked on

2019-04-05 15:43:46 - [MESSAGE][PASSED] - Object: 'Object Repository/TC-LoginApplication/Page_Markit core new  Login/button_Login' is clicked on]]></system-out>
         <system-err><![CDATA[]]></system-err>
      </testcase>
      <testcase name="Test Cases/TC04-AccountMatching-MGA" classname="Test Cases/TC04-AccountMatching-MGA" status="PASSED">
         <system-out><![CDATA[2019-04-05 15:43:46 - [TEST_CASE][PASSED] - Test Cases/TC04-AccountMatching-MGA: Test Cases/TC04-AccountMatching-MGA

2019-04-05 15:43:46 - [TEST_STEP][PASSED] - delay(3): Delayed 3 second(s)

2019-04-05 15:43:49 - [MESSAGE][PASSED] - Delayed 3 second(s)

2019-04-05 15:43:49 - [TEST_STEP][PASSED] - scrollToElement(findTestObject("TC04-AccountMatching-MGA/AccountManagement"), 5): Scroll to object 'Object Repository/TC04-AccountMatching-MGA/AccountManagement' successfully

2019-04-05 15:43:50 - [MESSAGE][PASSED] - Scroll to object 'Object Repository/TC04-AccountMatching-MGA/AccountManagement' successfully

2019-04-05 15:43:50 - [TEST_STEP][PASSED] - click(findTestObject("TC04-AccountMatching-MGA/AccountManagement")): Object: 'Object Repository/TC04-AccountMatching-MGA/AccountManagement' is clicked on

2019-04-05 15:43:50 - [MESSAGE][PASSED] - Object: 'Object Repository/TC04-AccountMatching-MGA/AccountManagement' is clicked on

2019-04-05 15:43:50 - [TEST_STEP][PASSED] - delay(3): Delayed 3 second(s)

2019-04-05 15:43:53 - [MESSAGE][PASSED] - Delayed 3 second(s)

2019-04-05 15:43:53 - [TEST_STEP][PASSED] - click(findTestObject("TC04-AccountMatching-MGA/AccountMatchingLink")): Object: 'Object Repository/TC04-AccountMatching-MGA/AccountMatchingLink' is clicked on

2019-04-05 15:43:54 - [MESSAGE][PASSED] - Object: 'Object Repository/TC04-AccountMatching-MGA/AccountMatchingLink' is clicked on

2019-04-05 15:43:54 - [TEST_STEP][PASSED] - delay(5): Delayed 5 second(s)

2019-04-05 15:43:59 - [MESSAGE][PASSED] - Delayed 5 second(s)

2019-04-05 15:43:59 - [TEST_STEP][PASSED] - selectOptionByLabel(findTestObject("TC04-AccountMatching-MGA/EntityType"), "MGA", false): All options with label 'MGA' are selected in object 'Object Repository/TC04-AccountMatching-MGA/EntityType' 

2019-04-05 15:43:59 - [MESSAGE][PASSED] - All options with label 'MGA' are selected in object 'Object Repository/TC04-AccountMatching-MGA/EntityType' 

2019-04-05 15:43:59 - [TEST_STEP][PASSED] - delay(3): Delayed 3 second(s)

2019-04-05 15:44:02 - [MESSAGE][PASSED] - Delayed 3 second(s)

2019-04-05 15:44:02 - [TEST_STEP][PASSED] - selectOptionByLabel(findTestObject("TC04-AccountMatching-MGA/Entity"), "NEW MGA", false): All options with label 'NEW MGA' are selected in object 'Object Repository/TC04-AccountMatching-MGA/Entity' 

2019-04-05 15:44:02 - [MESSAGE][PASSED] - All options with label 'NEW MGA' are selected in object 'Object Repository/TC04-AccountMatching-MGA/Entity' 

2019-04-05 15:44:02 - [TEST_STEP][PASSED] - click(findTestObject("TC04-AccountMatching-MGA/ClickGoButton")): Object: 'Object Repository/TC04-AccountMatching-MGA/ClickGoButton' is clicked on

2019-04-05 15:44:04 - [MESSAGE][PASSED] - Object: 'Object Repository/TC04-AccountMatching-MGA/ClickGoButton' is clicked on]]></system-out>
         <system-err><![CDATA[]]></system-err>
      </testcase>
      <system-out><![CDATA[2019-04-05 15:43:27 - [TEST_SUITE][PASSED] - PolicyCreation: Test Cases/TC04-AccountMatching-MGA]]></system-out>
      <system-err><![CDATA[]]></system-err>
   </testsuite>
</testsuites>
