<?xml version="1.0" encoding="UTF-8"?>
<testsuites name="PolicyCreation" time="77" tests="3" failures="0" errors="0">
   <testsuite name="PolicyCreation" tests="3" failures="0" errors="0" time="77" timestamp="2019-04-09 15:14:39" hostname="dipak - DIPAKDAS-PC.indusnettechnologies.com" id="Test Suites/CreatePolicy/PolicyCreation">
      <properties>
         <property name="deviceName" value=""/>
         <property name="devicePlatform" value=""/>
         <property name="logFolder" value="E:\\MarkitCore\\CoreApplication\\Reports\\CreatePolicy\\PolicyCreation\\20190409_151437"/>
         <property name="logFiles" value="E:\\MarkitCore\\CoreApplication\\Reports\\CreatePolicy\\PolicyCreation\\20190409_151437\\execution0.log"/>
         <property name="attachments" value=""/>
         <property name="hostName" value="dipak - DIPAKDAS-PC.indusnettechnologies.com"/>
         <property name="os" value="Windows 7 32bit"/>
         <property name="katalonVersion" value="6.0.5.4"/>
         <property name="browser" value="Chrome 73.0.3683.86"/>
         <property name="hostAddress" value="10.0.12.237"/>
         <property name="sessionId" value="b107b1c2ddcd02fa929091d753e8a8fc"/>
         <property name="seleniumVersion" value="3.7.1"/>
         <property name="proxyInformation" value="ProxyInformation{proxyOption=NO_PROXY, proxyServerType=HTTP, password=, proxyServerAddress=, proxyServerPort=0}"/>
         <property name="platform" value="Windows 7"/>
      </properties>
      <testcase name="Test Cases/TC01-LoginApplication" classname="Test Cases/TC01-LoginApplication" status="PASSED">
         <system-out><![CDATA[2019-04-09 15:14:48 - [TEST_CASE][PASSED] - Test Cases/TC01-LoginApplication: Test Cases/TC01-LoginApplication

2019-04-09 15:14:48 - [TEST_STEP][NOT_RUN] - openBrowser(""): NOT_RUN: openBrowser("")

2019-04-09 15:14:48 - [MESSAGE][NOT_RUN] - NOT_RUN: openBrowser("")

2019-04-09 15:14:48 - [TEST_STEP][NOT_RUN] - navigateToUrl("https://dev.offshoresoftwaresolutions.net/markit_coreV2/Sites/CoreTest/login/admin_display"): NOT_RUN: navigateToUrl("https://dev.offshoresoftwaresolutions.net/markit_coreV2/Sites/CoreTest/login/admin_display")

2019-04-09 15:14:48 - [MESSAGE][NOT_RUN] - NOT_RUN: navigateToUrl("https://dev.offshoresoftwaresolutions.net/markit_coreV2/Sites/CoreTest/login/admin_display")

2019-04-09 15:14:48 - [TEST_STEP][PASSED] - setText(findTestObject("Object Repository/TC-LoginApplication/Page_Markit core new  Login/input_Login to your account_username"), "dDasTester"): Text 'dDasTester' is set on object 'Object Repository/TC-LoginApplication/Page_Markit core new  Login/input_Login to your account_username'

2019-04-09 15:14:48 - [MESSAGE][PASSED] - Text 'dDasTester' is set on object 'Object Repository/TC-LoginApplication/Page_Markit core new  Login/input_Login to your account_username'

2019-04-09 15:14:48 - [TEST_STEP][PASSED] - setText(findTestObject("Object Repository/TC-LoginApplication/Page_Markit core new  Login/input_Login to your account_password"), "Czybm6R*"): Text 'Czybm6R*' is set on object 'Object Repository/TC-LoginApplication/Page_Markit core new  Login/input_Login to your account_password'

2019-04-09 15:14:48 - [MESSAGE][PASSED] - Text 'Czybm6R*' is set on object 'Object Repository/TC-LoginApplication/Page_Markit core new  Login/input_Login to your account_password'

2019-04-09 15:14:48 - [TEST_STEP][PASSED] - delay(4, STOP_ON_FAILURE): Delayed 4 second(s)

2019-04-09 15:14:52 - [MESSAGE][PASSED] - Delayed 4 second(s)

2019-04-09 15:14:52 - [TEST_STEP][NOT_RUN] - maximizeWindow(): NOT_RUN: maximizeWindow()

2019-04-09 15:14:52 - [MESSAGE][NOT_RUN] - NOT_RUN: maximizeWindow()

2019-04-09 15:14:52 - [TEST_STEP][PASSED] - click(findTestObject("Object Repository/TC-LoginApplication/Page_Markit core new  Login/button_Login")): Object: 'Object Repository/TC-LoginApplication/Page_Markit core new  Login/button_Login' is clicked on

2019-04-09 15:14:59 - [MESSAGE][PASSED] - Object: 'Object Repository/TC-LoginApplication/Page_Markit core new  Login/button_Login' is clicked on

2019-04-09 15:14:59 - [TEST_STEP][NOT_RUN] - log = new com.kms.katalon.core.logging.KeywordLogger(): NOT_RUN: log = new com.kms.katalon.core.logging.KeywordLogger()

2019-04-09 15:14:59 - [MESSAGE][NOT_RUN] - NOT_RUN: log = new com.kms.katalon.core.logging.KeywordLogger()

2019-04-09 15:14:59 - [TEST_STEP][NOT_RUN] - log.logInfo(“Dipak”): NOT_RUN: log.logInfo(“Dipak”)

2019-04-09 15:14:59 - [MESSAGE][NOT_RUN] - NOT_RUN: log.logInfo(“Dipak”)]]></system-out>
         <system-err><![CDATA[]]></system-err>
      </testcase>
      <testcase name="Test Cases/TC05-PaymentSection" classname="Test Cases/TC05-PaymentSection" status="PASSED">
         <system-out><![CDATA[2019-04-09 15:14:59 - [TEST_CASE][PASSED] - Test Cases/TC05-PaymentSection: Test Cases/TC05-PaymentSection

2019-04-09 15:14:59 - [TEST_STEP][PASSED] - delay(3): Delayed 3 second(s)

2019-04-09 15:15:02 - [MESSAGE][PASSED] - Delayed 3 second(s)

2019-04-09 15:15:02 - [TEST_STEP][PASSED] - scrollToElement(findTestObject("TC05-PaymentSection/Payments"), 3): Scroll to object 'Object Repository/TC05-PaymentSection/Payments' successfully

2019-04-09 15:15:02 - [MESSAGE][PASSED] - Scroll to object 'Object Repository/TC05-PaymentSection/Payments' successfully

2019-04-09 15:15:02 - [TEST_STEP][PASSED] - click(findTestObject("TC05-PaymentSection/Payments")): Object: 'Object Repository/TC05-PaymentSection/Payments' is clicked on

2019-04-09 15:15:02 - [MESSAGE][PASSED] - Object: 'Object Repository/TC05-PaymentSection/Payments' is clicked on

2019-04-09 15:15:02 - [TEST_STEP][PASSED] - delay(3): Delayed 3 second(s)

2019-04-09 15:15:05 - [MESSAGE][PASSED] - Delayed 3 second(s)

2019-04-09 15:15:05 - [TEST_STEP][PASSED] - click(findTestObject("TC05-PaymentSection/Cash and Cheque Payments")): Object: 'Object Repository/TC05-PaymentSection/Cash and Cheque Payments' is clicked on

2019-04-09 15:15:07 - [MESSAGE][PASSED] - Object: 'Object Repository/TC05-PaymentSection/Cash and Cheque Payments' is clicked on

2019-04-09 15:15:07 - [TEST_STEP][PASSED] - delay(5): Delayed 5 second(s)

2019-04-09 15:15:12 - [MESSAGE][PASSED] - Delayed 5 second(s)

2019-04-09 15:15:12 - [TEST_STEP][PASSED] - setText(findTestObject("TC05-PaymentSection/PolicyNoSearchBox"), Policy_No_Search): Text 'DASD/POLICY/002751' is set on object 'Object Repository/TC05-PaymentSection/PolicyNoSearchBox'

2019-04-09 15:15:12 - [MESSAGE][PASSED] - Text 'DASD/POLICY/002751' is set on object 'Object Repository/TC05-PaymentSection/PolicyNoSearchBox'

2019-04-09 15:15:12 - [TEST_STEP][PASSED] - sendKeys(findTestObject("TC05-PaymentSection/PolicyNoSearchBox"), Keys.chord(ENTER)): Keys 'ENTER + ' sent to object: 'Object Repository/TC05-PaymentSection/PolicyNoSearchBox'

2019-04-09 15:15:12 - [MESSAGE][PASSED] - Keys 'ENTER + ' sent to object: 'Object Repository/TC05-PaymentSection/PolicyNoSearchBox'

2019-04-09 15:15:12 - [TEST_STEP][PASSED] - delay(5): Delayed 5 second(s)

2019-04-09 15:15:17 - [MESSAGE][PASSED] - Delayed 5 second(s)

2019-04-09 15:15:17 - [TEST_STEP][PASSED] - click(findTestObject("TC05-PaymentSection/EditPaymentListing")): Object: 'Object Repository/TC05-PaymentSection/EditPaymentListing' is clicked on

2019-04-09 15:15:17 - [MESSAGE][PASSED] - Object: 'Object Repository/TC05-PaymentSection/EditPaymentListing' is clicked on

2019-04-09 15:15:17 - [TEST_STEP][PASSED] - setText(findTestObject("TC05-PaymentSection/Note"), "This is Testing Only"): Text 'This is Testing Only' is set on object 'Object Repository/TC05-PaymentSection/Note'

2019-04-09 15:15:19 - [MESSAGE][PASSED] - Text 'This is Testing Only' is set on object 'Object Repository/TC05-PaymentSection/Note'

2019-04-09 15:15:19 - [TEST_STEP][PASSED] - selectOptionByLabel(findTestObject("TC05-PaymentSection/TransactionStatus"), "Paid", false): All options with label 'Paid' are selected in object 'Object Repository/TC05-PaymentSection/TransactionStatus' 

2019-04-09 15:15:19 - [MESSAGE][PASSED] - All options with label 'Paid' are selected in object 'Object Repository/TC05-PaymentSection/TransactionStatus' 

2019-04-09 15:15:19 - [TEST_STEP][PASSED] - click(findTestObject("TC05-PaymentSection/SaveButton")): Object: 'Object Repository/TC05-PaymentSection/SaveButton' is clicked on

2019-04-09 15:15:21 - [MESSAGE][PASSED] - Object: 'Object Repository/TC05-PaymentSection/SaveButton' is clicked on

2019-04-09 15:15:21 - [TEST_STEP][PASSED] - delay(5): Delayed 5 second(s)

2019-04-09 15:15:26 - [MESSAGE][PASSED] - Delayed 5 second(s)]]></system-out>
         <system-err><![CDATA[]]></system-err>
      </testcase>
      <testcase name="Test Cases/TC04-AccountMatching-MGA" classname="Test Cases/TC04-AccountMatching-MGA" status="PASSED">
         <system-out><![CDATA[2019-04-09 15:15:26 - [TEST_CASE][PASSED] - Test Cases/TC04-AccountMatching-MGA: Test Cases/TC04-AccountMatching-MGA

2019-04-09 15:15:26 - [TEST_STEP][PASSED] - delay(3): Delayed 3 second(s)

2019-04-09 15:15:29 - [MESSAGE][PASSED] - Delayed 3 second(s)

2019-04-09 15:15:29 - [TEST_STEP][PASSED] - scrollToElement(findTestObject("TC04-AccountMatching-MGA/AccountManagement"), 5): Scroll to object 'Object Repository/TC04-AccountMatching-MGA/AccountManagement' successfully

2019-04-09 15:15:29 - [MESSAGE][PASSED] - Scroll to object 'Object Repository/TC04-AccountMatching-MGA/AccountManagement' successfully

2019-04-09 15:15:29 - [TEST_STEP][PASSED] - click(findTestObject("TC04-AccountMatching-MGA/AccountManagement")): Object: 'Object Repository/TC04-AccountMatching-MGA/AccountManagement' is clicked on

2019-04-09 15:15:29 - [MESSAGE][PASSED] - Object: 'Object Repository/TC04-AccountMatching-MGA/AccountManagement' is clicked on

2019-04-09 15:15:29 - [TEST_STEP][PASSED] - delay(3): Delayed 3 second(s)

2019-04-09 15:15:32 - [MESSAGE][PASSED] - Delayed 3 second(s)

2019-04-09 15:15:32 - [TEST_STEP][PASSED] - click(findTestObject("TC04-AccountMatching-MGA/AccountMatchingLink")): Object: 'Object Repository/TC04-AccountMatching-MGA/AccountMatchingLink' is clicked on

2019-04-09 15:15:34 - [MESSAGE][PASSED] - Object: 'Object Repository/TC04-AccountMatching-MGA/AccountMatchingLink' is clicked on

2019-04-09 15:15:34 - [TEST_STEP][PASSED] - delay(5): Delayed 5 second(s)

2019-04-09 15:15:39 - [MESSAGE][PASSED] - Delayed 5 second(s)

2019-04-09 15:15:39 - [TEST_STEP][PASSED] - selectOptionByLabel(findTestObject("TC04-AccountMatching-MGA/EntityType"), "MGA", false): All options with label 'MGA' are selected in object 'Object Repository/TC04-AccountMatching-MGA/EntityType' 

2019-04-09 15:15:39 - [MESSAGE][PASSED] - All options with label 'MGA' are selected in object 'Object Repository/TC04-AccountMatching-MGA/EntityType' 

2019-04-09 15:15:39 - [TEST_STEP][PASSED] - delay(3): Delayed 3 second(s)

2019-04-09 15:15:42 - [MESSAGE][PASSED] - Delayed 3 second(s)

2019-04-09 15:15:42 - [TEST_STEP][PASSED] - selectOptionByLabel(findTestObject("TC04-AccountMatching-MGA/Entity"), "NEW MGA", false): All options with label 'NEW MGA' are selected in object 'Object Repository/TC04-AccountMatching-MGA/Entity' 

2019-04-09 15:15:42 - [MESSAGE][PASSED] - All options with label 'NEW MGA' are selected in object 'Object Repository/TC04-AccountMatching-MGA/Entity' 

2019-04-09 15:15:42 - [TEST_STEP][PASSED] - click(findTestObject("TC04-AccountMatching-MGA/ClickGoButton")): Object: 'Object Repository/TC04-AccountMatching-MGA/ClickGoButton' is clicked on

2019-04-09 15:15:44 - [MESSAGE][PASSED] - Object: 'Object Repository/TC04-AccountMatching-MGA/ClickGoButton' is clicked on

2019-04-09 15:15:44 - [TEST_STEP][PASSED] - waitForJQueryLoad(5): jQuery is ready.

2019-04-09 15:15:46 - [MESSAGE][PASSED] - jQuery is ready.

2019-04-09 15:15:46 - [TEST_STEP][PASSED] - selectOptionByLabel(findTestObject("TC04-AccountMatching-MGA/SelectAccount"), "ComissionOnly -- Allocated -- NEW MGA CommAccount -- USD", false): All options with label 'ComissionOnly -- Allocated -- NEW MGA CommAccount -- USD' are selected in object 'Object Repository/TC04-AccountMatching-MGA/SelectAccount' 

2019-04-09 15:15:46 - [MESSAGE][PASSED] - All options with label 'ComissionOnly -- Allocated -- NEW MGA CommAccount -- USD' are selected in object 'Object Repository/TC04-AccountMatching-MGA/SelectAccount' 

2019-04-09 15:15:46 - [TEST_STEP][PASSED] - delay(5): Delayed 5 second(s)

2019-04-09 15:15:51 - [MESSAGE][PASSED] - Delayed 5 second(s)

2019-04-09 15:15:51 - [TEST_STEP][PASSED] - setText(findTestObject("TC04-AccountMatching-MGA/Acc_Matching_PolicyNo_TextBox"), MTA_Policy_No): Text 'DASD/POLICY/002751' is set on object 'Object Repository/TC04-AccountMatching-MGA/Acc_Matching_PolicyNo_TextBox'

2019-04-09 15:15:51 - [MESSAGE][PASSED] - Text 'DASD/POLICY/002751' is set on object 'Object Repository/TC04-AccountMatching-MGA/Acc_Matching_PolicyNo_TextBox'

2019-04-09 15:15:51 - [TEST_STEP][PASSED] - sendKeys(findTestObject("TC04-AccountMatching-MGA/Acc_Matching_PolicyNo_TextBox"), Keys.chord(ENTER)): Keys 'ENTER + ' sent to object: 'Object Repository/TC04-AccountMatching-MGA/Acc_Matching_PolicyNo_TextBox'

2019-04-09 15:15:51 - [MESSAGE][PASSED] - Keys 'ENTER + ' sent to object: 'Object Repository/TC04-AccountMatching-MGA/Acc_Matching_PolicyNo_TextBox'

2019-04-09 15:15:51 - [TEST_STEP][PASSED] - delay(5): Delayed 5 second(s)

2019-04-09 15:15:56 - [MESSAGE][PASSED] - Delayed 5 second(s)]]></system-out>
         <system-err><![CDATA[]]></system-err>
      </testcase>
      <system-out><![CDATA[2019-04-09 15:14:39 - [TEST_SUITE][PASSED] - PolicyCreation: Test Cases/TC04-AccountMatching-MGA]]></system-out>
      <system-err><![CDATA[]]></system-err>
   </testsuite>
</testsuites>
